<?xml version="1.0" encoding="UTF-8"?>
<testsuite xmlns:xsi="http://www.w3.org/2001/XMLSchema-instance" xsi:noNamespaceSchemaLocation="https://maven.apache.org/surefire/maven-surefire-plugin/xsd/surefire-test-report-3.0.xsd" version="3.0" name="TestSuite" time="93.648" tests="20" errors="0" skipped="0" failures="0">
  <properties>
    <property name="java.specification.version" value="13"/>
    <property name="webdriver.chrome.driver" value="/Users/slava/.m2/repository/webdriver/chromedriver/mac64/83.0.4103.39/chromedriver"/>
    <property name="sun.jnu.encoding" value="UTF-8"/>
    <property name="java.class.path" value="/Users/slava/Desktop/Selenium Grid/target/test-classes:/Users/slava/Desktop/Selenium Grid/target/classes:/Users/slava/.m2/repository/junit/junit/4.13/junit-4.13.jar:/Users/slava/.m2/repository/org/hamcrest/hamcrest-core/1.3/hamcrest-core-1.3.jar:/Users/slava/.m2/repository/org/seleniumhq/selenium/selenium-java/4.0.0-alpha-4/selenium-java-4.0.0-alpha-4.jar:/Users/slava/.m2/repository/org/seleniumhq/selenium/selenium-api/4.0.0-alpha-4/selenium-api-4.0.0-alpha-4.jar:/Users/slava/.m2/repository/org/seleniumhq/selenium/selenium-chrome-driver/4.0.0-alpha-4/selenium-chrome-driver-4.0.0-alpha-4.jar:/Users/slava/.m2/repository/com/google/auto/service/auto-service-annotations/1.0-rc6/auto-service-annotations-1.0-rc6.jar:/Users/slava/.m2/repository/com/google/auto/service/auto-service/1.0-rc6/auto-service-1.0-rc6.jar:/Users/slava/.m2/repository/com/google/auto/auto-common/0.10/auto-common-0.10.jar:/Users/slava/.m2/repository/com/google/guava/guava/28.2-jre/guava-28.2-jre.jar:/Users/slava/.m2/repository/com/google/guava/failureaccess/1.0.1/failureaccess-1.0.1.jar:/Users/slava/.m2/repository/com/google/guava/listenablefuture/9999.0-empty-to-avoid-conflict-with-guava/listenablefuture-9999.0-empty-to-avoid-conflict-with-guava.jar:/Users/slava/.m2/repository/com/google/code/findbugs/jsr305/3.0.2/jsr305-3.0.2.jar:/Users/slava/.m2/repository/org/checkerframework/checker-qual/2.10.0/checker-qual-2.10.0.jar:/Users/slava/.m2/repository/com/google/errorprone/error_prone_annotations/2.3.4/error_prone_annotations-2.3.4.jar:/Users/slava/.m2/repository/com/google/j2objc/j2objc-annotations/1.3/j2objc-annotations-1.3.jar:/Users/slava/.m2/repository/org/seleniumhq/selenium/selenium-chromium-driver/4.0.0-alpha-4/selenium-chromium-driver-4.0.0-alpha-4.jar:/Users/slava/.m2/repository/org/seleniumhq/selenium/selenium-devtools/4.0.0-alpha-4/selenium-devtools-4.0.0-alpha-4.jar:/Users/slava/.m2/repository/org/seleniumhq/selenium/selenium-http/4.0.0-alpha-4/selenium-http-4.0.0-alpha-4.jar:/Users/slava/.m2/repository/org/seleniumhq/selenium/selenium-json/4.0.0-alpha-4/selenium-json-4.0.0-alpha-4.jar:/Users/slava/.m2/repository/org/seleniumhq/selenium/selenium-edge-driver/4.0.0-alpha-4/selenium-edge-driver-4.0.0-alpha-4.jar:/Users/slava/.m2/repository/org/seleniumhq/selenium/selenium-edgehtml-driver/4.0.0-alpha-4/selenium-edgehtml-driver-4.0.0-alpha-4.jar:/Users/slava/.m2/repository/org/seleniumhq/selenium/selenium-firefox-driver/4.0.0-alpha-4/selenium-firefox-driver-4.0.0-alpha-4.jar:/Users/slava/.m2/repository/org/seleniumhq/selenium/selenium-firefox-xpi-driver/4.0.0-alpha-4/selenium-firefox-xpi-driver-4.0.0-alpha-4.jar:/Users/slava/.m2/repository/org/seleniumhq/selenium/selenium-ie-driver/4.0.0-alpha-4/selenium-ie-driver-4.0.0-alpha-4.jar:/Users/slava/.m2/repository/org/seleniumhq/selenium/selenium-opera-driver/4.0.0-alpha-4/selenium-opera-driver-4.0.0-alpha-4.jar:/Users/slava/.m2/repository/org/seleniumhq/selenium/selenium-remote-driver/4.0.0-alpha-4/selenium-remote-driver-4.0.0-alpha-4.jar:/Users/slava/.m2/repository/com/squareup/okhttp3/okhttp/4.3.0/okhttp-4.3.0.jar:/Users/slava/.m2/repository/com/squareup/okio/okio/2.4.1/okio-2.4.1.jar:/Users/slava/.m2/repository/org/jetbrains/kotlin/kotlin-stdlib-common/1.3.50/kotlin-stdlib-common-1.3.50.jar:/Users/slava/.m2/repository/org/jetbrains/kotlin/kotlin-stdlib/1.3.61/kotlin-stdlib-1.3.61.jar:/Users/slava/.m2/repository/org/jetbrains/annotations/13.0/annotations-13.0.jar:/Users/slava/.m2/repository/com/typesafe/netty/netty-reactive-streams/2.0.4/netty-reactive-streams-2.0.4.jar:/Users/slava/.m2/repository/io/netty/netty-handler/4.1.43.Final/netty-handler-4.1.43.Final.jar:/Users/slava/.m2/repository/io/netty/netty-common/4.1.43.Final/netty-common-4.1.43.Final.jar:/Users/slava/.m2/repository/io/netty/netty-buffer/4.1.43.Final/netty-buffer-4.1.43.Final.jar:/Users/slava/.m2/repository/io/netty/netty-transport/4.1.43.Final/netty-transport-4.1.43.Final.jar:/Users/slava/.m2/repository/io/netty/netty-codec/4.1.43.Final/netty-codec-4.1.43.Final.jar:/Users/slava/.m2/repository/org/reactivestreams/reactive-streams/1.0.3/reactive-streams-1.0.3.jar:/Users/slava/.m2/repository/io/opentracing/opentracing-api/0.33.0/opentracing-api-0.33.0.jar:/Users/slava/.m2/repository/net/bytebuddy/byte-buddy/1.10.6/byte-buddy-1.10.6.jar:/Users/slava/.m2/repository/org/apache/commons/commons-exec/1.3/commons-exec-1.3.jar:/Users/slava/.m2/repository/org/asynchttpclient/async-http-client/2.10.4/async-http-client-2.10.4.jar:/Users/slava/.m2/repository/org/asynchttpclient/async-http-client-netty-utils/2.10.4/async-http-client-netty-utils-2.10.4.jar:/Users/slava/.m2/repository/io/netty/netty-codec-http/4.1.42.Final/netty-codec-http-4.1.42.Final.jar:/Users/slava/.m2/repository/io/netty/netty-codec-socks/4.1.42.Final/netty-codec-socks-4.1.42.Final.jar:/Users/slava/.m2/repository/io/netty/netty-handler-proxy/4.1.42.Final/netty-handler-proxy-4.1.42.Final.jar:/Users/slava/.m2/repository/io/netty/netty-transport-native-epoll/4.1.42.Final/netty-transport-native-epoll-4.1.42.Final-linux-x86_64.jar:/Users/slava/.m2/repository/io/netty/netty-transport-native-unix-common/4.1.42.Final/netty-transport-native-unix-common-4.1.42.Final.jar:/Users/slava/.m2/repository/io/netty/netty-transport-native-kqueue/4.1.42.Final/netty-transport-native-kqueue-4.1.42.Final-osx-x86_64.jar:/Users/slava/.m2/repository/io/netty/netty-resolver-dns/4.1.42.Final/netty-resolver-dns-4.1.42.Final.jar:/Users/slava/.m2/repository/io/netty/netty-resolver/4.1.42.Final/netty-resolver-4.1.42.Final.jar:/Users/slava/.m2/repository/io/netty/netty-codec-dns/4.1.42.Final/netty-codec-dns-4.1.42.Final.jar:/Users/slava/.m2/repository/com/sun/activation/javax.activation/1.2.0/javax.activation-1.2.0.jar:/Users/slava/.m2/repository/org/seleniumhq/selenium/selenium-safari-driver/4.0.0-alpha-4/selenium-safari-driver-4.0.0-alpha-4.jar:/Users/slava/.m2/repository/org/seleniumhq/selenium/selenium-support/4.0.0-alpha-4/selenium-support-4.0.0-alpha-4.jar:/Users/slava/.m2/repository/io/github/bonigarcia/webdrivermanager/3.8.1/webdrivermanager-3.8.1.jar:/Users/slava/.m2/repository/org/slf4j/slf4j-api/1.7.25/slf4j-api-1.7.25.jar:/Users/slava/.m2/repository/commons-io/commons-io/2.6/commons-io-2.6.jar:/Users/slava/.m2/repository/com/google/code/gson/gson/2.8.5/gson-2.8.5.jar:/Users/slava/.m2/repository/org/apache/commons/commons-lang3/3.8.1/commons-lang3-3.8.1.jar:/Users/slava/.m2/repository/org/apache/httpcomponents/httpclient/4.5.6/httpclient-4.5.6.jar:/Users/slava/.m2/repository/org/apache/httpcomponents/httpcore/4.4.10/httpcore-4.4.10.jar:/Users/slava/.m2/repository/commons-logging/commons-logging/1.2/commons-logging-1.2.jar:/Users/slava/.m2/repository/commons-codec/commons-codec/1.10/commons-codec-1.10.jar:/Users/slava/.m2/repository/org/rauschig/jarchivelib/1.0.0/jarchivelib-1.0.0.jar:/Users/slava/.m2/repository/org/apache/commons/commons-compress/1.18/commons-compress-1.18.jar:/Users/slava/.m2/repository/org/jsoup/jsoup/1.11.3/jsoup-1.11.3.jar:/Users/slava/.m2/repository/org/testng/testng/7.1.0/testng-7.1.0.jar:/Users/slava/.m2/repository/com/beust/jcommander/1.72/jcommander-1.72.jar:/Users/slava/.m2/repository/com/google/inject/guice/4.1.0/guice-4.1.0-no_aop.jar:/Users/slava/.m2/repository/javax/inject/javax.inject/1/javax.inject-1.jar:/Users/slava/.m2/repository/aopalliance/aopalliance/1.0/aopalliance-1.0.jar:/Users/slava/.m2/repository/org/yaml/snakeyaml/1.21/snakeyaml-1.21.jar:/Users/slava/.m2/repository/ch/qos/logback/logback-classic/1.2.3/logback-classic-1.2.3.jar:/Users/slava/.m2/repository/ch/qos/logback/logback-core/1.2.3/logback-core-1.2.3.jar:"/>
    <property name="java.vm.vendor" value="Oracle Corporation"/>
    <property name="sun.arch.data.model" value="64"/>
    <property name="java.vendor.url" value="https://java.oracle.com/"/>
    <property name="user.timezone" value="Europe/Dublin"/>
    <property name="os.name" value="Mac OS X"/>
    <property name="java.vm.specification.version" value="13"/>
    <property name="sun.java.launcher" value="SUN_STANDARD"/>
    <property name="user.country" value="IE"/>
    <property name="sun.boot.library.path" value="/Library/Java/JavaVirtualMachines/jdk-13.0.2.jdk/Contents/Home/lib"/>
    <property name="sun.java.command" value="/Users/slava/Desktop/Selenium Grid/target/surefire/surefirebooter909341244378384526.jar /Users/slava/Desktop/Selenium Grid/target/surefire 2020-06-19T14-22-14_718-jvmRun1 surefire15565896762678746203tmp surefire_07133642393754236744tmp"/>
    <property name="http.nonProxyHosts" value="local|*.local|169.254/16|*.169.254/16"/>
    <property name="jdk.debug" value="release"/>
    <property name="surefire.test.class.path" value="/Users/slava/Desktop/Selenium Grid/target/test-classes:/Users/slava/Desktop/Selenium Grid/target/classes:/Users/slava/.m2/repository/junit/junit/4.13/junit-4.13.jar:/Users/slava/.m2/repository/org/hamcrest/hamcrest-core/1.3/hamcrest-core-1.3.jar:/Users/slava/.m2/repository/org/seleniumhq/selenium/selenium-java/4.0.0-alpha-4/selenium-java-4.0.0-alpha-4.jar:/Users/slava/.m2/repository/org/seleniumhq/selenium/selenium-api/4.0.0-alpha-4/selenium-api-4.0.0-alpha-4.jar:/Users/slava/.m2/repository/org/seleniumhq/selenium/selenium-chrome-driver/4.0.0-alpha-4/selenium-chrome-driver-4.0.0-alpha-4.jar:/Users/slava/.m2/repository/com/google/auto/service/auto-service-annotations/1.0-rc6/auto-service-annotations-1.0-rc6.jar:/Users/slava/.m2/repository/com/google/auto/service/auto-service/1.0-rc6/auto-service-1.0-rc6.jar:/Users/slava/.m2/repository/com/google/auto/auto-common/0.10/auto-common-0.10.jar:/Users/slava/.m2/repository/com/google/guava/guava/28.2-jre/guava-28.2-jre.jar:/Users/slava/.m2/repository/com/google/guava/failureaccess/1.0.1/failureaccess-1.0.1.jar:/Users/slava/.m2/repository/com/google/guava/listenablefuture/9999.0-empty-to-avoid-conflict-with-guava/listenablefuture-9999.0-empty-to-avoid-conflict-with-guava.jar:/Users/slava/.m2/repository/com/google/code/findbugs/jsr305/3.0.2/jsr305-3.0.2.jar:/Users/slava/.m2/repository/org/checkerframework/checker-qual/2.10.0/checker-qual-2.10.0.jar:/Users/slava/.m2/repository/com/google/errorprone/error_prone_annotations/2.3.4/error_prone_annotations-2.3.4.jar:/Users/slava/.m2/repository/com/google/j2objc/j2objc-annotations/1.3/j2objc-annotations-1.3.jar:/Users/slava/.m2/repository/org/seleniumhq/selenium/selenium-chromium-driver/4.0.0-alpha-4/selenium-chromium-driver-4.0.0-alpha-4.jar:/Users/slava/.m2/repository/org/seleniumhq/selenium/selenium-devtools/4.0.0-alpha-4/selenium-devtools-4.0.0-alpha-4.jar:/Users/slava/.m2/repository/org/seleniumhq/selenium/selenium-http/4.0.0-alpha-4/selenium-http-4.0.0-alpha-4.jar:/Users/slava/.m2/repository/org/seleniumhq/selenium/selenium-json/4.0.0-alpha-4/selenium-json-4.0.0-alpha-4.jar:/Users/slava/.m2/repository/org/seleniumhq/selenium/selenium-edge-driver/4.0.0-alpha-4/selenium-edge-driver-4.0.0-alpha-4.jar:/Users/slava/.m2/repository/org/seleniumhq/selenium/selenium-edgehtml-driver/4.0.0-alpha-4/selenium-edgehtml-driver-4.0.0-alpha-4.jar:/Users/slava/.m2/repository/org/seleniumhq/selenium/selenium-firefox-driver/4.0.0-alpha-4/selenium-firefox-driver-4.0.0-alpha-4.jar:/Users/slava/.m2/repository/org/seleniumhq/selenium/selenium-firefox-xpi-driver/4.0.0-alpha-4/selenium-firefox-xpi-driver-4.0.0-alpha-4.jar:/Users/slava/.m2/repository/org/seleniumhq/selenium/selenium-ie-driver/4.0.0-alpha-4/selenium-ie-driver-4.0.0-alpha-4.jar:/Users/slava/.m2/repository/org/seleniumhq/selenium/selenium-opera-driver/4.0.0-alpha-4/selenium-opera-driver-4.0.0-alpha-4.jar:/Users/slava/.m2/repository/org/seleniumhq/selenium/selenium-remote-driver/4.0.0-alpha-4/selenium-remote-driver-4.0.0-alpha-4.jar:/Users/slava/.m2/repository/com/squareup/okhttp3/okhttp/4.3.0/okhttp-4.3.0.jar:/Users/slava/.m2/repository/com/squareup/okio/okio/2.4.1/okio-2.4.1.jar:/Users/slava/.m2/repository/org/jetbrains/kotlin/kotlin-stdlib-common/1.3.50/kotlin-stdlib-common-1.3.50.jar:/Users/slava/.m2/repository/org/jetbrains/kotlin/kotlin-stdlib/1.3.61/kotlin-stdlib-1.3.61.jar:/Users/slava/.m2/repository/org/jetbrains/annotations/13.0/annotations-13.0.jar:/Users/slava/.m2/repository/com/typesafe/netty/netty-reactive-streams/2.0.4/netty-reactive-streams-2.0.4.jar:/Users/slava/.m2/repository/io/netty/netty-handler/4.1.43.Final/netty-handler-4.1.43.Final.jar:/Users/slava/.m2/repository/io/netty/netty-common/4.1.43.Final/netty-common-4.1.43.Final.jar:/Users/slava/.m2/repository/io/netty/netty-buffer/4.1.43.Final/netty-buffer-4.1.43.Final.jar:/Users/slava/.m2/repository/io/netty/netty-transport/4.1.43.Final/netty-transport-4.1.43.Final.jar:/Users/slava/.m2/repository/io/netty/netty-codec/4.1.43.Final/netty-codec-4.1.43.Final.jar:/Users/slava/.m2/repository/org/reactivestreams/reactive-streams/1.0.3/reactive-streams-1.0.3.jar:/Users/slava/.m2/repository/io/opentracing/opentracing-api/0.33.0/opentracing-api-0.33.0.jar:/Users/slava/.m2/repository/net/bytebuddy/byte-buddy/1.10.6/byte-buddy-1.10.6.jar:/Users/slava/.m2/repository/org/apache/commons/commons-exec/1.3/commons-exec-1.3.jar:/Users/slava/.m2/repository/org/asynchttpclient/async-http-client/2.10.4/async-http-client-2.10.4.jar:/Users/slava/.m2/repository/org/asynchttpclient/async-http-client-netty-utils/2.10.4/async-http-client-netty-utils-2.10.4.jar:/Users/slava/.m2/repository/io/netty/netty-codec-http/4.1.42.Final/netty-codec-http-4.1.42.Final.jar:/Users/slava/.m2/repository/io/netty/netty-codec-socks/4.1.42.Final/netty-codec-socks-4.1.42.Final.jar:/Users/slava/.m2/repository/io/netty/netty-handler-proxy/4.1.42.Final/netty-handler-proxy-4.1.42.Final.jar:/Users/slava/.m2/repository/io/netty/netty-transport-native-epoll/4.1.42.Final/netty-transport-native-epoll-4.1.42.Final-linux-x86_64.jar:/Users/slava/.m2/repository/io/netty/netty-transport-native-unix-common/4.1.42.Final/netty-transport-native-unix-common-4.1.42.Final.jar:/Users/slava/.m2/repository/io/netty/netty-transport-native-kqueue/4.1.42.Final/netty-transport-native-kqueue-4.1.42.Final-osx-x86_64.jar:/Users/slava/.m2/repository/io/netty/netty-resolver-dns/4.1.42.Final/netty-resolver-dns-4.1.42.Final.jar:/Users/slava/.m2/repository/io/netty/netty-resolver/4.1.42.Final/netty-resolver-4.1.42.Final.jar:/Users/slava/.m2/repository/io/netty/netty-codec-dns/4.1.42.Final/netty-codec-dns-4.1.42.Final.jar:/Users/slava/.m2/repository/com/sun/activation/javax.activation/1.2.0/javax.activation-1.2.0.jar:/Users/slava/.m2/repository/org/seleniumhq/selenium/selenium-safari-driver/4.0.0-alpha-4/selenium-safari-driver-4.0.0-alpha-4.jar:/Users/slava/.m2/repository/org/seleniumhq/selenium/selenium-support/4.0.0-alpha-4/selenium-support-4.0.0-alpha-4.jar:/Users/slava/.m2/repository/io/github/bonigarcia/webdrivermanager/3.8.1/webdrivermanager-3.8.1.jar:/Users/slava/.m2/repository/org/slf4j/slf4j-api/1.7.25/slf4j-api-1.7.25.jar:/Users/slava/.m2/repository/commons-io/commons-io/2.6/commons-io-2.6.jar:/Users/slava/.m2/repository/com/google/code/gson/gson/2.8.5/gson-2.8.5.jar:/Users/slava/.m2/repository/org/apache/commons/commons-lang3/3.8.1/commons-lang3-3.8.1.jar:/Users/slava/.m2/repository/org/apache/httpcomponents/httpclient/4.5.6/httpclient-4.5.6.jar:/Users/slava/.m2/repository/org/apache/httpcomponents/httpcore/4.4.10/httpcore-4.4.10.jar:/Users/slava/.m2/repository/commons-logging/commons-logging/1.2/commons-logging-1.2.jar:/Users/slava/.m2/repository/commons-codec/commons-codec/1.10/commons-codec-1.10.jar:/Users/slava/.m2/repository/org/rauschig/jarchivelib/1.0.0/jarchivelib-1.0.0.jar:/Users/slava/.m2/repository/org/apache/commons/commons-compress/1.18/commons-compress-1.18.jar:/Users/slava/.m2/repository/org/jsoup/jsoup/1.11.3/jsoup-1.11.3.jar:/Users/slava/.m2/repository/org/testng/testng/7.1.0/testng-7.1.0.jar:/Users/slava/.m2/repository/com/beust/jcommander/1.72/jcommander-1.72.jar:/Users/slava/.m2/repository/com/google/inject/guice/4.1.0/guice-4.1.0-no_aop.jar:/Users/slava/.m2/repository/javax/inject/javax.inject/1/javax.inject-1.jar:/Users/slava/.m2/repository/aopalliance/aopalliance/1.0/aopalliance-1.0.jar:/Users/slava/.m2/repository/org/yaml/snakeyaml/1.21/snakeyaml-1.21.jar:/Users/slava/.m2/repository/ch/qos/logback/logback-classic/1.2.3/logback-classic-1.2.3.jar:/Users/slava/.m2/repository/ch/qos/logback/logback-core/1.2.3/logback-core-1.2.3.jar:"/>
    <property name="sun.cpu.endian" value="little"/>
    <property name="user.home" value="/Users/slava"/>
    <property name="user.language" value="en"/>
    <property name="java.specification.vendor" value="Oracle Corporation"/>
    <property name="java.version.date" value="2020-01-14"/>
    <property name="java.home" value="/Library/Java/JavaVirtualMachines/jdk-13.0.2.jdk/Contents/Home"/>
    <property name="file.separator" value="/"/>
    <property name="basedir" value="/Users/slava/Desktop/Selenium Grid"/>
    <property name="java.vm.compressedOopsMode" value="Zero based"/>
    <property name="line.separator" value="&#10;"/>
    <property name="java.vm.specification.vendor" value="Oracle Corporation"/>
    <property name="java.specification.name" value="Java Platform API Specification"/>
    <property name="surefire.real.class.path" value="/Users/slava/Desktop/Selenium Grid/target/surefire/surefirebooter909341244378384526.jar"/>
    <property name="sun.management.compiler" value="HotSpot 64-Bit Tiered Compilers"/>
    <property name="ftp.nonProxyHosts" value="local|*.local|169.254/16|*.169.254/16"/>
    <property name="webdriver.safari.driver" value="/usr/bin/safaridriver"/>
    <property name="java.runtime.version" value="13.0.2+8"/>
    <property name="user.name" value="slava"/>
    <property name="path.separator" value=":"/>
    <property name="os.version" value="10.13.6"/>
    <property name="java.runtime.name" value="Java(TM) SE Runtime Environment"/>
    <property name="file.encoding" value="UTF-8"/>
    <property name="sun.nio.ch.bugLevel" value=""/>
    <property name="java.vm.name" value="Java HotSpot(TM) 64-Bit Server VM"/>
    <property name="localRepository" value="/Users/slava/.m2/repository"/>
    <property name="java.vendor.url.bug" value="https://bugreport.java.com/bugreport/"/>
    <property name="java.io.tmpdir" value="/var/folders/l0/99pzd8154ll76rw1xxk09dsm0000gp/T/"/>
    <property name="java.version" value="13.0.2"/>
    <property name="user.dir" value="/Users/slava/Desktop/Selenium Grid"/>
    <property name="os.arch" value="x86_64"/>
    <property name="java.vm.specification.name" value="Java Virtual Machine Specification"/>
    <property name="java.library.path" value="/Users/slava/Library/Java/Extensions:/Library/Java/Extensions:/Network/Library/Java/Extensions:/System/Library/Java/Extensions:/usr/lib/java:."/>
    <property name="java.vm.info" value="mixed mode, sharing"/>
    <property name="java.vendor" value="Oracle Corporation"/>
    <property name="java.vm.version" value="13.0.2+8"/>
    <property name="sun.io.unicode.encoding" value="UnicodeBig"/>
    <property name="socksNonProxyHosts" value="local|*.local|169.254/16|*.169.254/16"/>
    <property name="java.class.version" value="57.0"/>
  </properties>
  <testcase name="paralelTest[safari](1)" classname="parallel.TestParallelNG" time="6.692">
    <system-out><![CDATA[14:22:16.757 [TestNG-tests-2] DEBUG io.netty.util.ResourceLeakDetector - -Dio.netty.leakDetection.level: simple
14:22:16.765 [TestNG-tests-2] DEBUG io.netty.util.ResourceLeakDetector - -Dio.netty.leakDetection.targetRecords: 4
14:22:16.787 [TestNG-tests-3] DEBUG io.netty.util.internal.PlatformDependent - Platform: MacOS
14:22:16.790 [TestNG-tests-3] DEBUG io.netty.util.internal.PlatformDependent0 - -Dio.netty.noUnsafe: false
14:22:16.790 [TestNG-tests-3] DEBUG io.netty.util.internal.PlatformDependent0 - Java version: 13
14:22:16.793 [TestNG-tests-3] DEBUG io.netty.util.internal.PlatformDependent0 - sun.misc.Unsafe.theUnsafe: available
14:22:16.794 [TestNG-tests-3] DEBUG io.netty.util.internal.PlatformDependent0 - sun.misc.Unsafe.copyMemory: available
14:22:16.795 [TestNG-tests-3] DEBUG io.netty.util.internal.PlatformDependent0 - java.nio.Buffer.address: available
14:22:16.801 [TestNG-tests-3] DEBUG io.netty.util.internal.PlatformDependent0 - direct buffer constructor: unavailable
java.lang.UnsupportedOperationException: Reflective setAccessible(true) disabled
	at io.netty.util.internal.ReflectionUtil.trySetAccessible(ReflectionUtil.java:31)
	at io.netty.util.internal.PlatformDependent0$4.run(PlatformDependent0.java:225)
	at java.base/java.security.AccessController.doPrivileged(AccessController.java:312)
	at io.netty.util.internal.PlatformDependent0.<clinit>(PlatformDependent0.java:219)
	at io.netty.util.internal.PlatformDependent.isAndroid(PlatformDependent.java:273)
	at io.netty.util.internal.PlatformDependent.<clinit>(PlatformDependent.java:92)
	at io.netty.util.ResourceLeakDetector.<init>(ResourceLeakDetector.java:171)
	at io.netty.util.ResourceLeakDetector.<init>(ResourceLeakDetector.java:213)
	at io.netty.util.ResourceLeakDetectorFactory$DefaultResourceLeakDetectorFactory.newResourceLeakDetector(ResourceLeakDetectorFactory.java:194)
	at io.netty.util.HashedWheelTimer.<clinit>(HashedWheelTimer.java:89)
	at org.asynchttpclient.DefaultAsyncHttpClient.newNettyTimer(DefaultAsyncHttpClient.java:97)
	at org.asynchttpclient.DefaultAsyncHttpClient.<init>(DefaultAsyncHttpClient.java:87)
	at org.asynchttpclient.DefaultAsyncHttpClient.<init>(DefaultAsyncHttpClient.java:71)
	at org.asynchttpclient.Dsl.asyncHttpClient(Dsl.java:28)
	at org.openqa.selenium.remote.http.netty.CreateNettyClient.apply(CreateNettyClient.java:34)
	at org.openqa.selenium.remote.http.netty.NettyHttpHandler.<init>(NettyHttpHandler.java:39)
	at org.openqa.selenium.remote.http.netty.NettyClient$Factory.createClient(NettyClient.java:68)
	at org.openqa.selenium.remote.http.HttpClient$Factory.createClient(HttpClient.java:71)
	at org.openqa.selenium.remote.HttpCommandExecutor.<init>(HttpCommandExecutor.java:90)
	at org.openqa.selenium.remote.HttpCommandExecutor.<init>(HttpCommandExecutor.java:73)
	at org.openqa.selenium.remote.service.DriverCommandExecutor.<init>(DriverCommandExecutor.java:63)
	at org.openqa.selenium.safari.SafariDriverCommandExecutor.<init>(SafariDriverCommandExecutor.java:36)
	at org.openqa.selenium.safari.SafariDriver.<init>(SafariDriver.java:81)
	at org.openqa.selenium.safari.SafariDriver.<init>(SafariDriver.java:63)
	at utilities.DriverFactory.getDriverFor(DriverFactory.java:29)
	at parallel.Hooks.setup(Hooks.java:21)
	at java.base/jdk.internal.reflect.NativeMethodAccessorImpl.invoke0(Native Method)
	at java.base/jdk.internal.reflect.NativeMethodAccessorImpl.invoke(NativeMethodAccessorImpl.java:62)
	at java.base/jdk.internal.reflect.DelegatingMethodAccessorImpl.invoke(DelegatingMethodAccessorImpl.java:43)
	at java.base/java.lang.reflect.Method.invoke(Method.java:567)
	at org.testng.internal.MethodInvocationHelper.invokeMethod(MethodInvocationHelper.java:134)
	at org.testng.internal.MethodInvocationHelper.invokeMethodConsideringTimeout(MethodInvocationHelper.java:63)
	at org.testng.internal.ConfigInvoker.invokeConfigurationMethod(ConfigInvoker.java:348)
	at org.testng.internal.ConfigInvoker.invokeConfigurations(ConfigInvoker.java:302)
	at org.testng.internal.TestInvoker.runConfigMethods(TestInvoker.java:695)
	at org.testng.internal.TestInvoker.invokeMethod(TestInvoker.java:523)
	at org.testng.internal.TestInvoker.invokeTestMethod(TestInvoker.java:173)
	at org.testng.internal.MethodRunner.runInSequence(MethodRunner.java:46)
	at org.testng.internal.TestInvoker$MethodInvocationAgent.invoke(TestInvoker.java:816)
	at org.testng.internal.TestInvoker.invokeTestMethods(TestInvoker.java:146)
	at org.testng.internal.TestMethodWorker.invokeTestMethods(TestMethodWorker.java:146)
	at org.testng.internal.TestMethodWorker.run(TestMethodWorker.java:128)
	at java.base/java.util.ArrayList.forEach(ArrayList.java:1507)
	at org.testng.TestRunner.privateRun(TestRunner.java:766)
	at org.testng.TestRunner.run(TestRunner.java:587)
	at org.testng.SuiteRunner.runTest(SuiteRunner.java:384)
	at org.testng.SuiteRunner.access$000(SuiteRunner.java:28)
	at org.testng.SuiteRunner$SuiteWorker.run(SuiteRunner.java:425)
	at org.testng.internal.thread.ThreadUtil.lambda$execute$0(ThreadUtil.java:68)
	at java.base/java.util.concurrent.FutureTask.run(FutureTask.java:264)
	at java.base/java.util.concurrent.ThreadPoolExecutor.runWorker(ThreadPoolExecutor.java:1128)
	at java.base/java.util.concurrent.ThreadPoolExecutor$Worker.run(ThreadPoolExecutor.java:628)
	at java.base/java.lang.Thread.run(Thread.java:830)
14:22:16.803 [TestNG-tests-3] DEBUG io.netty.util.internal.PlatformDependent0 - java.nio.Bits.unaligned: available, true
14:22:16.805 [TestNG-tests-3] DEBUG io.netty.util.internal.PlatformDependent0 - jdk.internal.misc.Unsafe.allocateUninitializedArray(int): unavailable
java.lang.IllegalAccessException: class io.netty.util.internal.PlatformDependent0$6 cannot access class jdk.internal.misc.Unsafe (in module java.base) because module java.base does not export jdk.internal.misc to unnamed module @70707588
	at java.base/jdk.internal.reflect.Reflection.newIllegalAccessException(Reflection.java:376)
	at java.base/java.lang.reflect.AccessibleObject.checkAccess(AccessibleObject.java:642)
	at java.base/java.lang.reflect.Method.invoke(Method.java:559)
	at io.netty.util.internal.PlatformDependent0$6.run(PlatformDependent0.java:335)
	at java.base/java.security.AccessController.doPrivileged(AccessController.java:312)
	at io.netty.util.internal.PlatformDependent0.<clinit>(PlatformDependent0.java:326)
	at io.netty.util.internal.PlatformDependent.isAndroid(PlatformDependent.java:273)
	at io.netty.util.internal.PlatformDependent.<clinit>(PlatformDependent.java:92)
	at io.netty.util.ResourceLeakDetector.<init>(ResourceLeakDetector.java:171)
	at io.netty.util.ResourceLeakDetector.<init>(ResourceLeakDetector.java:213)
	at io.netty.util.ResourceLeakDetectorFactory$DefaultResourceLeakDetectorFactory.newResourceLeakDetector(ResourceLeakDetectorFactory.java:194)
	at io.netty.util.HashedWheelTimer.<clinit>(HashedWheelTimer.java:89)
	at org.asynchttpclient.DefaultAsyncHttpClient.newNettyTimer(DefaultAsyncHttpClient.java:97)
	at org.asynchttpclient.DefaultAsyncHttpClient.<init>(DefaultAsyncHttpClient.java:87)
	at org.asynchttpclient.DefaultAsyncHttpClient.<init>(DefaultAsyncHttpClient.java:71)
	at org.asynchttpclient.Dsl.asyncHttpClient(Dsl.java:28)
	at org.openqa.selenium.remote.http.netty.CreateNettyClient.apply(CreateNettyClient.java:34)
	at org.openqa.selenium.remote.http.netty.NettyHttpHandler.<init>(NettyHttpHandler.java:39)
	at org.openqa.selenium.remote.http.netty.NettyClient$Factory.createClient(NettyClient.java:68)
	at org.openqa.selenium.remote.http.HttpClient$Factory.createClient(HttpClient.java:71)
	at org.openqa.selenium.remote.HttpCommandExecutor.<init>(HttpCommandExecutor.java:90)
	at org.openqa.selenium.remote.HttpCommandExecutor.<init>(HttpCommandExecutor.java:73)
	at org.openqa.selenium.remote.service.DriverCommandExecutor.<init>(DriverCommandExecutor.java:63)
	at org.openqa.selenium.safari.SafariDriverCommandExecutor.<init>(SafariDriverCommandExecutor.java:36)
	at org.openqa.selenium.safari.SafariDriver.<init>(SafariDriver.java:81)
	at org.openqa.selenium.safari.SafariDriver.<init>(SafariDriver.java:63)
	at utilities.DriverFactory.getDriverFor(DriverFactory.java:29)
	at parallel.Hooks.setup(Hooks.java:21)
	at java.base/jdk.internal.reflect.NativeMethodAccessorImpl.invoke0(Native Method)
	at java.base/jdk.internal.reflect.NativeMethodAccessorImpl.invoke(NativeMethodAccessorImpl.java:62)
	at java.base/jdk.internal.reflect.DelegatingMethodAccessorImpl.invoke(DelegatingMethodAccessorImpl.java:43)
	at java.base/java.lang.reflect.Method.invoke(Method.java:567)
	at org.testng.internal.MethodInvocationHelper.invokeMethod(MethodInvocationHelper.java:134)
	at org.testng.internal.MethodInvocationHelper.invokeMethodConsideringTimeout(MethodInvocationHelper.java:63)
	at org.testng.internal.ConfigInvoker.invokeConfigurationMethod(ConfigInvoker.java:348)
	at org.testng.internal.ConfigInvoker.invokeConfigurations(ConfigInvoker.java:302)
	at org.testng.internal.TestInvoker.runConfigMethods(TestInvoker.java:695)
	at org.testng.internal.TestInvoker.invokeMethod(TestInvoker.java:523)
	at org.testng.internal.TestInvoker.invokeTestMethod(TestInvoker.java:173)
	at org.testng.internal.MethodRunner.runInSequence(MethodRunner.java:46)
	at org.testng.internal.TestInvoker$MethodInvocationAgent.invoke(TestInvoker.java:816)
	at org.testng.internal.TestInvoker.invokeTestMethods(TestInvoker.java:146)
	at org.testng.internal.TestMethodWorker.invokeTestMethods(TestMethodWorker.java:146)
	at org.testng.internal.TestMethodWorker.run(TestMethodWorker.java:128)
	at java.base/java.util.ArrayList.forEach(ArrayList.java:1507)
	at org.testng.TestRunner.privateRun(TestRunner.java:766)
	at org.testng.TestRunner.run(TestRunner.java:587)
	at org.testng.SuiteRunner.runTest(SuiteRunner.java:384)
	at org.testng.SuiteRunner.access$000(SuiteRunner.java:28)
	at org.testng.SuiteRunner$SuiteWorker.run(SuiteRunner.java:425)
	at org.testng.internal.thread.ThreadUtil.lambda$execute$0(ThreadUtil.java:68)
	at java.base/java.util.concurrent.FutureTask.run(FutureTask.java:264)
	at java.base/java.util.concurrent.ThreadPoolExecutor.runWorker(ThreadPoolExecutor.java:1128)
	at java.base/java.util.concurrent.ThreadPoolExecutor$Worker.run(ThreadPoolExecutor.java:628)
	at java.base/java.lang.Thread.run(Thread.java:830)
14:22:16.807 [TestNG-tests-3] DEBUG io.netty.util.internal.PlatformDependent0 - java.nio.DirectByteBuffer.<init>(long, int): unavailable
14:22:16.807 [TestNG-tests-3] DEBUG io.netty.util.internal.PlatformDependent - sun.misc.Unsafe: available
14:22:16.812 [TestNG-tests-3] DEBUG io.netty.util.internal.PlatformDependent - maxDirectMemory: 2147483648 bytes (maybe)
14:22:16.812 [TestNG-tests-3] DEBUG io.netty.util.internal.PlatformDependent - -Dio.netty.tmpdir: /var/folders/l0/99pzd8154ll76rw1xxk09dsm0000gp/T (java.io.tmpdir)
14:22:16.812 [TestNG-tests-3] DEBUG io.netty.util.internal.PlatformDependent - -Dio.netty.bitMode: 64 (sun.arch.data.model)
14:22:16.814 [TestNG-tests-3] DEBUG io.netty.util.internal.PlatformDependent - -Dio.netty.maxDirectMemory: -1 bytes
14:22:16.815 [TestNG-tests-3] DEBUG io.netty.util.internal.PlatformDependent - -Dio.netty.uninitializedArrayAllocationThreshold: -1
14:22:16.817 [TestNG-tests-3] DEBUG io.netty.util.internal.CleanerJava9 - java.nio.ByteBuffer.cleaner(): available
14:22:16.817 [TestNG-tests-3] DEBUG io.netty.util.internal.PlatformDependent - -Dio.netty.noPreferDirect: false
14:22:16.817 [TestNG-tests-3] DEBUG io.netty.util.ResourceLeakDetectorFactory - Loaded default ResourceLeakDetector: io.netty.util.ResourceLeakDetector@67047f09
14:22:16.838 [TestNG-tests-3] DEBUG io.netty.util.internal.PlatformDependent - org.jctools-core.MpscChunkedArrayQueue: available
14:22:17.188 [TestNG-tests-3] DEBUG io.netty.handler.ssl.JdkSslContext - Default protocols (JDK): [TLSv1.2, TLSv1.1, TLSv1] 
14:22:17.188 [TestNG-tests-3] DEBUG io.netty.handler.ssl.JdkSslContext - Default cipher suites (JDK): [TLS_ECDHE_ECDSA_WITH_AES_256_GCM_SHA384, TLS_ECDHE_ECDSA_WITH_AES_128_GCM_SHA256, TLS_ECDHE_RSA_WITH_AES_128_GCM_SHA256, TLS_ECDHE_RSA_WITH_AES_256_GCM_SHA384, TLS_ECDHE_RSA_WITH_AES_128_CBC_SHA, TLS_ECDHE_RSA_WITH_AES_256_CBC_SHA, TLS_RSA_WITH_AES_128_GCM_SHA256, TLS_RSA_WITH_AES_128_CBC_SHA, TLS_RSA_WITH_AES_256_CBC_SHA, TLS_AES_128_GCM_SHA256, TLS_AES_256_GCM_SHA384]
14:22:17.227 [TestNG-tests-3] DEBUG io.netty.util.internal.InternalThreadLocalMap - -Dio.netty.threadLocalMap.stringBuilder.initialSize: 1024
14:22:17.227 [TestNG-tests-3] DEBUG io.netty.util.internal.InternalThreadLocalMap - -Dio.netty.threadLocalMap.stringBuilder.maxSize: 4096
14:22:17.239 [TestNG-tests-3] DEBUG io.netty.channel.MultithreadEventLoopGroup - -Dio.netty.eventLoopThreads: 8
14:22:17.270 [TestNG-tests-3] DEBUG io.netty.channel.nio.NioEventLoop - -Dio.netty.noKeySetOptimization: false
14:22:17.270 [TestNG-tests-3] DEBUG io.netty.channel.nio.NioEventLoop - -Dio.netty.selectorAutoRebuildThreshold: 512
14:22:17.332 [TestNG-tests-3] DEBUG io.netty.buffer.PooledByteBufAllocator - -Dio.netty.allocator.numHeapArenas: 8
14:22:17.333 [TestNG-tests-3] DEBUG io.netty.buffer.PooledByteBufAllocator - -Dio.netty.allocator.numDirectArenas: 8
14:22:17.333 [TestNG-tests-3] DEBUG io.netty.buffer.PooledByteBufAllocator - -Dio.netty.allocator.pageSize: 8192
14:22:17.333 [TestNG-tests-3] DEBUG io.netty.buffer.PooledByteBufAllocator - -Dio.netty.allocator.maxOrder: 11
14:22:17.333 [TestNG-tests-3] DEBUG io.netty.buffer.PooledByteBufAllocator - -Dio.netty.allocator.chunkSize: 16777216
14:22:17.333 [TestNG-tests-3] DEBUG io.netty.buffer.PooledByteBufAllocator - -Dio.netty.allocator.tinyCacheSize: 512
14:22:17.333 [TestNG-tests-3] DEBUG io.netty.buffer.PooledByteBufAllocator - -Dio.netty.allocator.smallCacheSize: 256
14:22:17.334 [TestNG-tests-3] DEBUG io.netty.buffer.PooledByteBufAllocator - -Dio.netty.allocator.normalCacheSize: 64
14:22:17.334 [TestNG-tests-3] DEBUG io.netty.buffer.PooledByteBufAllocator - -Dio.netty.allocator.maxCachedBufferCapacity: 32768
14:22:17.334 [TestNG-tests-3] DEBUG io.netty.buffer.PooledByteBufAllocator - -Dio.netty.allocator.cacheTrimInterval: 8192
14:22:17.334 [TestNG-tests-3] DEBUG io.netty.buffer.PooledByteBufAllocator - -Dio.netty.allocator.cacheTrimIntervalMillis: 0
14:22:17.334 [TestNG-tests-3] DEBUG io.netty.buffer.PooledByteBufAllocator - -Dio.netty.allocator.useCacheForAllThreads: true
14:22:17.334 [TestNG-tests-3] DEBUG io.netty.buffer.PooledByteBufAllocator - -Dio.netty.allocator.maxCachedByteBuffersPerChunk: 1023
14:22:17.349 [TestNG-tests-3] DEBUG io.netty.buffer.ByteBufUtil - -Dio.netty.allocator.type: pooled
14:22:17.349 [TestNG-tests-3] DEBUG io.netty.buffer.ByteBufUtil - -Dio.netty.threadLocalDirectBufferSize: 0
14:22:17.349 [TestNG-tests-3] DEBUG io.netty.buffer.ByteBufUtil - -Dio.netty.maxThreadLocalCharBufferSize: 16384
14:22:17.423 [TestNG-tests-2] DEBUG io.github.bonigarcia.wdm.Shell - Running command on the shell: [/Applications/Chromium.app/Contents/MacOS/Chromium, --version]
14:22:17.452 [TestNG-tests-2] DEBUG io.github.bonigarcia.wdm.Shell - There was a problem executing command </Applications/Chromium.app/Contents/MacOS/Chromium --version> on the shell: Cannot run program "/Applications/Chromium.app/Contents/MacOS/Chromium" (in directory "."): error=2, No such file or directory
14:22:17.452 [TestNG-tests-2] DEBUG io.github.bonigarcia.wdm.Shell - Result: 
14:22:17.452 [TestNG-tests-2] DEBUG io.github.bonigarcia.wdm.WebDriverManager - The proper chromedriver version for your Chromium is unknown ... trying with the latest
14:22:17.869 [TestNG-tests-2] DEBUG io.github.bonigarcia.wdm.WebDriverManager - Latest version of chromedriver according to https://chromedriver.storage.googleapis.com/LATEST_RELEASE is 83.0.4103.39
14:22:17.905 [TestNG-tests-2] DEBUG io.github.bonigarcia.wdm.WebDriverManager - Driver chromedriver 83.0.4103.39 found in cache
14:22:17.906 [TestNG-tests-2] INFO io.github.bonigarcia.wdm.WebDriverManager - Exporting webdriver.chrome.driver as /Users/slava/.m2/repository/webdriver/chromedriver/mac64/83.0.4103.39/chromedriver
14:22:17.944 [TestNG-tests-1] DEBUG io.github.bonigarcia.wdm.Shell - Running command on the shell: [/Applications/Chromium.app/Contents/MacOS/Chromium, --version]
14:22:17.951 [TestNG-tests-1] DEBUG io.github.bonigarcia.wdm.Shell - There was a problem executing command </Applications/Chromium.app/Contents/MacOS/Chromium --version> on the shell: Cannot run program "/Applications/Chromium.app/Contents/MacOS/Chromium" (in directory "."): error=2, No such file or directory
14:22:17.951 [TestNG-tests-1] DEBUG io.github.bonigarcia.wdm.Shell - Result: 
14:22:17.951 [TestNG-tests-1] DEBUG io.github.bonigarcia.wdm.WebDriverManager - The proper chromedriver version for your Chromium is unknown ... trying with the latest
14:22:18.075 [TestNG-tests-1] DEBUG io.github.bonigarcia.wdm.WebDriverManager - Latest version of chromedriver according to https://chromedriver.storage.googleapis.com/LATEST_RELEASE is 83.0.4103.39
14:22:18.087 [TestNG-tests-1] DEBUG io.github.bonigarcia.wdm.WebDriverManager - Driver chromedriver 83.0.4103.39 found in cache
14:22:18.094 [TestNG-tests-1] INFO io.github.bonigarcia.wdm.WebDriverManager - Exporting webdriver.chrome.driver as /Users/slava/.m2/repository/webdriver/chromedriver/mac64/83.0.4103.39/chromedriver
14:22:18.519 [Forwarding newSession on session null to remote] DEBUG io.netty.channel.DefaultChannelId - -Dio.netty.processId: 41521 (auto-detected)
14:22:18.522 [Forwarding newSession on session null to remote] DEBUG io.netty.util.NetUtil - -Djava.net.preferIPv4Stack: false
14:22:18.522 [Forwarding newSession on session null to remote] DEBUG io.netty.util.NetUtil - -Djava.net.preferIPv6Addresses: false
14:22:18.527 [Forwarding newSession on session null to remote] DEBUG io.netty.util.NetUtil - Loopback interface: lo0 (lo0, 0:0:0:0:0:0:0:1%lo0)
14:22:18.528 [Forwarding newSession on session null to remote] DEBUG io.netty.util.NetUtil - Failed to get SOMAXCONN from sysctl and file /proc/sys/net/core/somaxconn. Default: 128
14:22:18.533 [Forwarding newSession on session null to remote] DEBUG io.netty.channel.DefaultChannelId - -Dio.netty.machineId: 60:f8:1d:ff:fe:aa:7b:ba (auto-detected)
14:22:18.732 [AsyncHttpClient-7-1] DEBUG io.netty.buffer.AbstractByteBuf - -Dio.netty.buffer.checkAccessible: true
14:22:18.733 [AsyncHttpClient-7-1] DEBUG io.netty.buffer.AbstractByteBuf - -Dio.netty.buffer.checkBounds: true
14:22:18.733 [AsyncHttpClient-7-1] DEBUG io.netty.util.ResourceLeakDetectorFactory - Loaded default ResourceLeakDetector: io.netty.util.ResourceLeakDetector@4a8fbb07
14:22:18.770 [AsyncHttpClient-3-1] DEBUG org.asynchttpclient.netty.channel.NettyConnectListener - Using new Channel '[id: 0xb807b9e4, L:/127.0.0.1:55095 - R:localhost/127.0.0.1:40676]' for 'POST' to '/session'
14:22:18.770 [AsyncHttpClient-7-1] DEBUG org.asynchttpclient.netty.channel.NettyConnectListener - Using new Channel '[id: 0x04d7a85a, L:/127.0.0.1:55096 - R:localhost/127.0.0.1:21339]' for 'POST' to '/session'
14:22:18.770 [AsyncHttpClient-11-1] DEBUG org.asynchttpclient.netty.channel.NettyConnectListener - Using new Channel '[id: 0xff968a17, L:/127.0.0.1:55097 - R:localhost/127.0.0.1:44169]' for 'POST' to '/session'
14:22:18.818 [AsyncHttpClient-11-1] DEBUG io.netty.util.Recycler - -Dio.netty.recycler.maxCapacityPerThread: 4096
14:22:18.818 [AsyncHttpClient-11-1] DEBUG io.netty.util.Recycler - -Dio.netty.recycler.maxSharedCapacityFactor: 2
14:22:18.818 [AsyncHttpClient-11-1] DEBUG io.netty.util.Recycler - -Dio.netty.recycler.linkCapacity: 16
14:22:18.818 [AsyncHttpClient-11-1] DEBUG io.netty.util.Recycler - -Dio.netty.recycler.ratio: 8
14:22:25.475 [AsyncHttpClient-7-1] DEBUG org.asynchttpclient.netty.handler.HttpHandler - 

Request DefaultHttpRequest(decodeResult: success, version: HTTP/1.1)
POST /session HTTP/1.1
User-Agent: selenium/4.0.0-alpha-4 (java mac)
Content-Length: 425
Content-Type: application/json; charset=utf-8
host: localhost:21339
accept: */*

Response DefaultHttpResponse(decodeResult: success, version: HTTP/1.1)
HTTP/1.1 200 OK
Content-Length: 727
Content-Type: application/json; charset=utf-8
cache-control: no-cache

14:22:25.475 [AsyncHttpClient-11-1] DEBUG org.asynchttpclient.netty.handler.HttpHandler - 

Request DefaultHttpRequest(decodeResult: success, version: HTTP/1.1)
POST /session HTTP/1.1
User-Agent: selenium/4.0.0-alpha-4 (java mac)
Content-Length: 425
Content-Type: application/json; charset=utf-8
host: localhost:44169
accept: */*

Response DefaultHttpResponse(decodeResult: success, version: HTTP/1.1)
HTTP/1.1 200 OK
Content-Length: 727
Content-Type: application/json; charset=utf-8
cache-control: no-cache

14:22:25.497 [AsyncHttpClient-11-1] DEBUG org.asynchttpclient.netty.channel.ChannelManager - Adding key: http://localhost:44169 for channel [id: 0xff968a17, L:/127.0.0.1:55097 - R:localhost/127.0.0.1:44169]
14:22:25.497 [AsyncHttpClient-7-1] DEBUG org.asynchttpclient.netty.channel.ChannelManager - Adding key: http://localhost:21339 for channel [id: 0x04d7a85a, L:/127.0.0.1:55096 - R:localhost/127.0.0.1:21339]
14:22:25.645 [AsyncHttpClient-timer-6-1] DEBUG org.asynchttpclient.netty.channel.DefaultChannelPool - Entry count for : http://localhost:21339 : 1
14:22:25.773 [AsyncHttpClient-15-1] DEBUG org.asynchttpclient.netty.channel.NettyConnectListener - Using new Channel '[id: 0xc044256a, L:/127.0.0.1:55109 - R:localhost/127.0.0.1:55099]' for 'GET' to '/json/version'
14:22:25.799 [AsyncHttpClient-15-1] DEBUG org.asynchttpclient.netty.handler.HttpHandler - 

Request DefaultFullHttpRequest(decodeResult: success, version: HTTP/1.1, content: EmptyByteBufBE)
GET /json/version HTTP/1.1
User-Agent: selenium/4.0.0-alpha-4 (java mac)
host: localhost:55099
accept: */*

Response DefaultHttpResponse(decodeResult: success, version: HTTP/1.1)
HTTP/1.1 200 OK
Content-Length: 424
Content-Type: application/json; charset=UTF-8

14:22:25.800 [AsyncHttpClient-timer-10-1] DEBUG org.asynchttpclient.netty.channel.DefaultChannelPool - Entry count for : http://localhost:44169 : 1
14:22:25.800 [AsyncHttpClient-15-1] DEBUG org.asynchttpclient.netty.channel.ChannelManager - Adding key: http://localhost:55099 for channel [id: 0xc044256a, L:/127.0.0.1:55109 - R:localhost/127.0.0.1:55099]
14:22:25.806 [AsyncHttpClient-19-1] DEBUG org.asynchttpclient.netty.channel.NettyConnectListener - Using new Channel '[id: 0x363eae34, L:/127.0.0.1:55111 - R:localhost/127.0.0.1:55098]' for 'GET' to '/json/version'
14:22:25.826 [AsyncHttpClient-19-1] DEBUG org.asynchttpclient.netty.handler.HttpHandler - 

Request DefaultFullHttpRequest(decodeResult: success, version: HTTP/1.1, content: EmptyByteBufBE)
GET /json/version HTTP/1.1
User-Agent: selenium/4.0.0-alpha-4 (java mac)
host: localhost:55098
accept: */*

Response DefaultHttpResponse(decodeResult: success, version: HTTP/1.1)
HTTP/1.1 200 OK
Content-Length: 424
Content-Type: application/json; charset=UTF-8

14:22:25.830 [AsyncHttpClient-19-1] DEBUG org.asynchttpclient.netty.channel.ChannelManager - Adding key: http://localhost:55098 for channel [id: 0x363eae34, L:/127.0.0.1:55111 - R:localhost/127.0.0.1:55098]
14:22:25.839 [TestNG-tests-2] DEBUG io.netty.util.internal.ThreadLocalRandom - -Dio.netty.initialSeedUniquifier: 0x642b3aeaffe257e4
14:22:25.906 [AsyncHttpClient-21-1] DEBUG org.asynchttpclient.netty.channel.NettyConnectListener - Using new Channel '[id: 0x71a788f1, L:/127.0.0.1:55113 - R:localhost/127.0.0.1:55098]' for 'GET' to '/devtools/browser/02ed7314-065d-4b62-8f35-40264f03d08e'
14:22:25.906 [AsyncHttpClient-17-1] DEBUG org.asynchttpclient.netty.channel.NettyConnectListener - Using new Channel '[id: 0x96f5035e, L:/127.0.0.1:55112 - R:localhost/127.0.0.1:55099]' for 'GET' to '/devtools/browser/36a99081-4005-430b-8019-3840bfb4aa13'
14:22:25.953 [AsyncHttpClient-21-1] DEBUG org.asynchttpclient.netty.handler.WebSocketHandler - 

Request DefaultFullHttpRequest(decodeResult: success, version: HTTP/1.1, content: EmptyByteBufBE)
GET /devtools/browser/02ed7314-065d-4b62-8f35-40264f03d08e HTTP/1.1
upgrade: websocket
connection: upgrade
sec-websocket-key: rBhK4viJCUWGEf/fKlgrBw==
sec-websocket-version: 13
origin: http://localhost:55098
host: localhost:55098
accept: */*
user-agent: AHC/2.1

Response DefaultHttpResponse(decodeResult: success, version: HTTP/1.1)
HTTP/1.1 101 WebSocket Protocol Handshake
Upgrade: WebSocket
Connection: Upgrade
Sec-WebSocket-Accept: N7su5Xi0r9xG0pbFVvZGYlInJvE=

14:22:25.954 [AsyncHttpClient-17-1] DEBUG org.asynchttpclient.netty.handler.WebSocketHandler - 

Request DefaultFullHttpRequest(decodeResult: success, version: HTTP/1.1, content: EmptyByteBufBE)
GET /devtools/browser/36a99081-4005-430b-8019-3840bfb4aa13 HTTP/1.1
upgrade: websocket
connection: upgrade
sec-websocket-key: abnlvtFDLd2UUpuLFHeWXA==
sec-websocket-version: 13
origin: http://localhost:55099
host: localhost:55099
accept: */*
user-agent: AHC/2.1

Response DefaultHttpResponse(decodeResult: success, version: HTTP/1.1)
HTTP/1.1 101 WebSocket Protocol Handshake
Upgrade: WebSocket
Connection: Upgrade
Sec-WebSocket-Accept: MLlufKUGaI+rV1zW3gidS4AyeGQ=

chrome
Test2Thread13
chrome
Test2Thread14
14:22:26.003 [Forwarding get on session 7ff7c3443e8196b1b679dd4cc290bacd to remote] DEBUG org.asynchttpclient.netty.request.NettyRequestSender - Using pooled Channel '[id: 0xff968a17, L:/127.0.0.1:55097 - R:localhost/127.0.0.1:44169]' for 'POST' to 'http://localhost:44169/session/7ff7c3443e8196b1b679dd4cc290bacd/url'
14:22:26.003 [Forwarding get on session 7ff7c3443e8196b1b679dd4cc290bacd to remote] DEBUG org.asynchttpclient.netty.request.NettyRequestSender - Using open Channel [id: 0xff968a17, L:/127.0.0.1:55097 - R:localhost/127.0.0.1:44169] for POST '/session/7ff7c3443e8196b1b679dd4cc290bacd/url'
14:22:26.005 [Forwarding get on session 93e11d8b74972ce2b9ddba9de10af003 to remote] DEBUG org.asynchttpclient.netty.request.NettyRequestSender - Using pooled Channel '[id: 0x04d7a85a, L:/127.0.0.1:55096 - R:localhost/127.0.0.1:21339]' for 'POST' to 'http://localhost:21339/session/93e11d8b74972ce2b9ddba9de10af003/url'
14:22:26.006 [Forwarding get on session 93e11d8b74972ce2b9ddba9de10af003 to remote] DEBUG org.asynchttpclient.netty.request.NettyRequestSender - Using open Channel [id: 0x04d7a85a, L:/127.0.0.1:55096 - R:localhost/127.0.0.1:21339] for POST '/session/93e11d8b74972ce2b9ddba9de10af003/url'
14:22:26.376 [AsyncHttpClient-3-1] DEBUG org.asynchttpclient.netty.handler.HttpHandler - 

Request DefaultHttpRequest(decodeResult: success, version: HTTP/1.1)
POST /session HTTP/1.1
User-Agent: selenium/4.0.0-alpha-4 (java mac)
Content-Length: 230
Content-Type: application/json; charset=utf-8
host: localhost:40676
accept: */*

Response DefaultHttpResponse(decodeResult: success, version: HTTP/1.1)
HTTP/1.1 200 OK
Date: Fri, 19 Jun 2020 13:22:26 GMT
Accept-Ranges: bytes
Content-Type: application/json;charset=UTF-8
Content-Length: 401
Server: SafariDriver/1.0
Connection: keep-alive

14:22:26.378 [AsyncHttpClient-3-1] DEBUG org.asynchttpclient.netty.channel.ChannelManager - Adding key: http://localhost:40676 for channel [id: 0xb807b9e4, L:/127.0.0.1:55095 - R:localhost/127.0.0.1:40676]
safari
Test2Thread15
14:22:26.390 [Forwarding get on session A6B2AF3B-59EE-4AE5-9115-EB694DEE4BEB to remote] DEBUG org.asynchttpclient.netty.request.NettyRequestSender - Using pooled Channel '[id: 0xb807b9e4, L:/127.0.0.1:55095 - R:localhost/127.0.0.1:40676]' for 'POST' to 'http://localhost:40676/session/A6B2AF3B-59EE-4AE5-9115-EB694DEE4BEB/url'
14:22:26.390 [Forwarding get on session A6B2AF3B-59EE-4AE5-9115-EB694DEE4BEB to remote] DEBUG org.asynchttpclient.netty.request.NettyRequestSender - Using open Channel [id: 0xb807b9e4, L:/127.0.0.1:55095 - R:localhost/127.0.0.1:40676] for POST '/session/A6B2AF3B-59EE-4AE5-9115-EB694DEE4BEB/url'
14:22:26.812 [AsyncHttpClient-timer-14-1] DEBUG org.asynchttpclient.netty.channel.DefaultChannelPool - Entry count for : http://localhost:55099 : 1
14:22:26.855 [AsyncHttpClient-timer-18-1] DEBUG org.asynchttpclient.netty.channel.DefaultChannelPool - Entry count for : http://localhost:55098 : 1
14:22:27.914 [AsyncHttpClient-timer-14-1] DEBUG org.asynchttpclient.netty.channel.DefaultChannelPool - Entry count for : http://localhost:55099 : 1
14:22:27.941 [AsyncHttpClient-timer-18-1] DEBUG org.asynchttpclient.netty.channel.DefaultChannelPool - Entry count for : http://localhost:55098 : 1
14:22:28.159 [AsyncHttpClient-3-1] DEBUG org.asynchttpclient.netty.handler.HttpHandler - 

Request DefaultHttpRequest(decodeResult: success, version: HTTP/1.1)
POST /session/A6B2AF3B-59EE-4AE5-9115-EB694DEE4BEB/url HTTP/1.1
User-Agent: selenium/4.0.0-alpha-4 (java mac)
Content-Length: 42
Content-Type: application/json; charset=utf-8
host: localhost:40676
accept: */*

Response DefaultHttpResponse(decodeResult: success, version: HTTP/1.1)
HTTP/1.1 200 OK
Date: Fri, 19 Jun 2020 13:22:28 GMT
Accept-Ranges: bytes
Content-Type: application/json;charset=UTF-8
Content-Length: 74
Server: SafariDriver/1.0
Connection: keep-alive

14:22:28.160 [AsyncHttpClient-3-1] DEBUG org.asynchttpclient.netty.channel.ChannelManager - Adding key: http://localhost:40676 for channel [id: 0xb807b9e4, L:/127.0.0.1:55095 - R:localhost/127.0.0.1:40676]
14:22:28.176 [Forwarding findElement on session A6B2AF3B-59EE-4AE5-9115-EB694DEE4BEB to remote] DEBUG org.asynchttpclient.netty.request.NettyRequestSender - Using pooled Channel '[id: 0xb807b9e4, L:/127.0.0.1:55095 - R:localhost/127.0.0.1:40676]' for 'POST' to 'http://localhost:40676/session/A6B2AF3B-59EE-4AE5-9115-EB694DEE4BEB/element'
14:22:28.176 [Forwarding findElement on session A6B2AF3B-59EE-4AE5-9115-EB694DEE4BEB to remote] DEBUG org.asynchttpclient.netty.request.NettyRequestSender - Using open Channel [id: 0xb807b9e4, L:/127.0.0.1:55095 - R:localhost/127.0.0.1:40676] for POST '/session/A6B2AF3B-59EE-4AE5-9115-EB694DEE4BEB/element'
14:22:29.020 [AsyncHttpClient-timer-14-1] DEBUG org.asynchttpclient.netty.channel.DefaultChannelPool - Entry count for : http://localhost:55099 : 1
14:22:29.046 [AsyncHttpClient-timer-18-1] DEBUG org.asynchttpclient.netty.channel.DefaultChannelPool - Entry count for : http://localhost:55098 : 1
14:22:29.112 [AsyncHttpClient-3-1] DEBUG org.asynchttpclient.netty.handler.HttpHandler - 

Request DefaultHttpRequest(decodeResult: success, version: HTTP/1.1)
POST /session/A6B2AF3B-59EE-4AE5-9115-EB694DEE4BEB/element HTTP/1.1
User-Agent: selenium/4.0.0-alpha-4 (java mac)
Content-Length: 37
Content-Type: application/json; charset=utf-8
host: localhost:40676
accept: */*

Response DefaultHttpResponse(decodeResult: success, version: HTTP/1.1)
HTTP/1.1 200 OK
Date: Fri, 19 Jun 2020 13:22:29 GMT
Accept-Ranges: bytes
Content-Type: application/json;charset=UTF-8
Content-Length: 127
Server: SafariDriver/1.0
Connection: keep-alive

14:22:29.116 [AsyncHttpClient-3-1] DEBUG org.asynchttpclient.netty.channel.ChannelManager - Adding key: http://localhost:40676 for channel [id: 0xb807b9e4, L:/127.0.0.1:55095 - R:localhost/127.0.0.1:40676]
14:22:29.125 [Forwarding sendKeysToElement on session A6B2AF3B-59EE-4AE5-9115-EB694DEE4BEB to remote] DEBUG org.asynchttpclient.netty.request.NettyRequestSender - Using pooled Channel '[id: 0xb807b9e4, L:/127.0.0.1:55095 - R:localhost/127.0.0.1:40676]' for 'POST' to 'http://localhost:40676/session/A6B2AF3B-59EE-4AE5-9115-EB694DEE4BEB/element/node-2BD55F9D-B00C-4467-A83A-BB5580DAEBC1/value'
14:22:29.125 [Forwarding sendKeysToElement on session A6B2AF3B-59EE-4AE5-9115-EB694DEE4BEB to remote] DEBUG org.asynchttpclient.netty.request.NettyRequestSender - Using open Channel [id: 0xb807b9e4, L:/127.0.0.1:55095 - R:localhost/127.0.0.1:40676] for POST '/session/A6B2AF3B-59EE-4AE5-9115-EB694DEE4BEB/element/node-2BD55F9D-B00C-4467-A83A-BB5580DAEBC1/value'
14:22:30.019 [AsyncHttpClient-3-1] DEBUG org.asynchttpclient.netty.handler.HttpHandler - 

Request DefaultHttpRequest(decodeResult: success, version: HTTP/1.1)
POST /session/A6B2AF3B-59EE-4AE5-9115-EB694DEE4BEB/element/node-2BD55F9D-B00C-4467-A83A-BB5580DAEBC1/value HTTP/1.1
User-Agent: selenium/4.0.0-alpha-4 (java mac)
Content-Length: 82
Content-Type: application/json; charset=utf-8
host: localhost:40676
accept: */*

Response DefaultHttpResponse(decodeResult: success, version: HTTP/1.1)
HTTP/1.1 200 OK
Date: Fri, 19 Jun 2020 13:22:30 GMT
Accept-Ranges: bytes
Content-Type: application/json;charset=UTF-8
Content-Length: 74
Server: SafariDriver/1.0
Connection: keep-alive

14:22:30.019 [AsyncHttpClient-3-1] DEBUG org.asynchttpclient.netty.channel.ChannelManager - Adding key: http://localhost:40676 for channel [id: 0xb807b9e4, L:/127.0.0.1:55095 - R:localhost/127.0.0.1:40676]
14:22:30.115 [AsyncHttpClient-timer-14-1] DEBUG org.asynchttpclient.netty.channel.DefaultChannelPool - Entry count for : http://localhost:55099 : 1
14:22:30.145 [AsyncHttpClient-timer-18-1] DEBUG org.asynchttpclient.netty.channel.DefaultChannelPool - Entry count for : http://localhost:55098 : 1
14:22:30.350 [AsyncHttpClient-timer-1-1] DEBUG org.asynchttpclient.netty.channel.DefaultChannelPool - Entry count for : http://localhost:40676 : 1
14:22:30.983 [AsyncHttpClient-7-1] DEBUG org.asynchttpclient.netty.handler.HttpHandler - 

Request DefaultHttpRequest(decodeResult: success, version: HTTP/1.1)
POST /session/93e11d8b74972ce2b9ddba9de10af003/url HTTP/1.1
User-Agent: selenium/4.0.0-alpha-4 (java mac)
Content-Length: 42
Content-Type: application/json; charset=utf-8
host: localhost:21339
accept: */*

Response DefaultHttpResponse(decodeResult: success, version: HTTP/1.1)
HTTP/1.1 200 OK
Content-Length: 14
Content-Type: application/json; charset=utf-8
cache-control: no-cache

14:22:30.983 [AsyncHttpClient-7-1] DEBUG org.asynchttpclient.netty.channel.ChannelManager - Adding key: http://localhost:21339 for channel [id: 0x04d7a85a, L:/127.0.0.1:55096 - R:localhost/127.0.0.1:21339]
14:22:30.988 [Forwarding findElement on session 93e11d8b74972ce2b9ddba9de10af003 to remote] DEBUG org.asynchttpclient.netty.request.NettyRequestSender - Using pooled Channel '[id: 0x04d7a85a, L:/127.0.0.1:55096 - R:localhost/127.0.0.1:21339]' for 'POST' to 'http://localhost:21339/session/93e11d8b74972ce2b9ddba9de10af003/element'
14:22:30.988 [Forwarding findElement on session 93e11d8b74972ce2b9ddba9de10af003 to remote] DEBUG org.asynchttpclient.netty.request.NettyRequestSender - Using open Channel [id: 0x04d7a85a, L:/127.0.0.1:55096 - R:localhost/127.0.0.1:21339] for POST '/session/93e11d8b74972ce2b9ddba9de10af003/element'
14:22:31.013 [AsyncHttpClient-7-1] DEBUG org.asynchttpclient.netty.handler.HttpHandler - 

Request DefaultHttpRequest(decodeResult: success, version: HTTP/1.1)
POST /session/93e11d8b74972ce2b9ddba9de10af003/element HTTP/1.1
User-Agent: selenium/4.0.0-alpha-4 (java mac)
Content-Length: 55
Content-Type: application/json; charset=utf-8
host: localhost:21339
accept: */*

Response DefaultHttpResponse(decodeResult: success, version: HTTP/1.1)
HTTP/1.1 200 OK
Content-Length: 88
Content-Type: application/json; charset=utf-8
cache-control: no-cache

14:22:31.014 [AsyncHttpClient-7-1] DEBUG org.asynchttpclient.netty.channel.ChannelManager - Adding key: http://localhost:21339 for channel [id: 0x04d7a85a, L:/127.0.0.1:55096 - R:localhost/127.0.0.1:21339]
14:22:31.024 [Forwarding sendKeysToElement on session 93e11d8b74972ce2b9ddba9de10af003 to remote] DEBUG org.asynchttpclient.netty.request.NettyRequestSender - Using pooled Channel '[id: 0x04d7a85a, L:/127.0.0.1:55096 - R:localhost/127.0.0.1:21339]' for 'POST' to 'http://localhost:21339/session/93e11d8b74972ce2b9ddba9de10af003/element/4755702f-feb5-4629-b36a-aa9f7337ebc6/value'
14:22:31.024 [Forwarding sendKeysToElement on session 93e11d8b74972ce2b9ddba9de10af003 to remote] DEBUG org.asynchttpclient.netty.request.NettyRequestSender - Using open Channel [id: 0x04d7a85a, L:/127.0.0.1:55096 - R:localhost/127.0.0.1:21339] for POST '/session/93e11d8b74972ce2b9ddba9de10af003/element/4755702f-feb5-4629-b36a-aa9f7337ebc6/value'
14:22:31.150 [AsyncHttpClient-7-1] DEBUG org.asynchttpclient.netty.handler.HttpHandler - 

Request DefaultHttpRequest(decodeResult: success, version: HTTP/1.1)
POST /session/93e11d8b74972ce2b9ddba9de10af003/element/4755702f-feb5-4629-b36a-aa9f7337ebc6/value HTTP/1.1
User-Agent: selenium/4.0.0-alpha-4 (java mac)
Content-Length: 101
Content-Type: application/json; charset=utf-8
host: localhost:21339
accept: */*

Response DefaultHttpResponse(decodeResult: success, version: HTTP/1.1)
HTTP/1.1 200 OK
Content-Length: 14
Content-Type: application/json; charset=utf-8
cache-control: no-cache

14:22:31.151 [AsyncHttpClient-7-1] DEBUG org.asynchttpclient.netty.channel.ChannelManager - Adding key: http://localhost:21339 for channel [id: 0x04d7a85a, L:/127.0.0.1:55096 - R:localhost/127.0.0.1:21339]
14:22:31.215 [AsyncHttpClient-timer-14-1] DEBUG org.asynchttpclient.netty.channel.DefaultChannelPool - Entry count for : http://localhost:55099 : 1
14:22:31.246 [AsyncHttpClient-timer-18-1] DEBUG org.asynchttpclient.netty.channel.DefaultChannelPool - Entry count for : http://localhost:55098 : 1
14:22:31.449 [AsyncHttpClient-timer-1-1] DEBUG org.asynchttpclient.netty.channel.DefaultChannelPool - Entry count for : http://localhost:40676 : 1
14:22:31.758 [AsyncHttpClient-11-1] DEBUG org.asynchttpclient.netty.handler.HttpHandler - 

Request DefaultHttpRequest(decodeResult: success, version: HTTP/1.1)
POST /session/7ff7c3443e8196b1b679dd4cc290bacd/url HTTP/1.1
User-Agent: selenium/4.0.0-alpha-4 (java mac)
Content-Length: 42
Content-Type: application/json; charset=utf-8
host: localhost:44169
accept: */*

Response DefaultHttpResponse(decodeResult: success, version: HTTP/1.1)
HTTP/1.1 200 OK
Content-Length: 14
Content-Type: application/json; charset=utf-8
cache-control: no-cache

14:22:31.760 [AsyncHttpClient-11-1] DEBUG org.asynchttpclient.netty.channel.ChannelManager - Adding key: http://localhost:44169 for channel [id: 0xff968a17, L:/127.0.0.1:55097 - R:localhost/127.0.0.1:44169]
14:22:31.764 [Forwarding findElement on session 7ff7c3443e8196b1b679dd4cc290bacd to remote] DEBUG org.asynchttpclient.netty.request.NettyRequestSender - Using pooled Channel '[id: 0xff968a17, L:/127.0.0.1:55097 - R:localhost/127.0.0.1:44169]' for 'POST' to 'http://localhost:44169/session/7ff7c3443e8196b1b679dd4cc290bacd/element'
14:22:31.765 [Forwarding findElement on session 7ff7c3443e8196b1b679dd4cc290bacd to remote] DEBUG org.asynchttpclient.netty.request.NettyRequestSender - Using open Channel [id: 0xff968a17, L:/127.0.0.1:55097 - R:localhost/127.0.0.1:44169] for POST '/session/7ff7c3443e8196b1b679dd4cc290bacd/element'
14:22:31.793 [AsyncHttpClient-11-1] DEBUG org.asynchttpclient.netty.handler.HttpHandler - 

Request DefaultHttpRequest(decodeResult: success, version: HTTP/1.1)
POST /session/7ff7c3443e8196b1b679dd4cc290bacd/element HTTP/1.1
User-Agent: selenium/4.0.0-alpha-4 (java mac)
Content-Length: 55
Content-Type: application/json; charset=utf-8
host: localhost:44169
accept: */*

Response DefaultHttpResponse(decodeResult: success, version: HTTP/1.1)
HTTP/1.1 200 OK
Content-Length: 88
Content-Type: application/json; charset=utf-8
cache-control: no-cache

14:22:31.794 [AsyncHttpClient-11-1] DEBUG org.asynchttpclient.netty.channel.ChannelManager - Adding key: http://localhost:44169 for channel [id: 0xff968a17, L:/127.0.0.1:55097 - R:localhost/127.0.0.1:44169]
14:22:31.798 [Forwarding sendKeysToElement on session 7ff7c3443e8196b1b679dd4cc290bacd to remote] DEBUG org.asynchttpclient.netty.request.NettyRequestSender - Using pooled Channel '[id: 0xff968a17, L:/127.0.0.1:55097 - R:localhost/127.0.0.1:44169]' for 'POST' to 'http://localhost:44169/session/7ff7c3443e8196b1b679dd4cc290bacd/element/c3e529f8-49c9-45f8-ae77-369186cd84f5/value'
14:22:31.798 [Forwarding sendKeysToElement on session 7ff7c3443e8196b1b679dd4cc290bacd to remote] DEBUG org.asynchttpclient.netty.request.NettyRequestSender - Using open Channel [id: 0xff968a17, L:/127.0.0.1:55097 - R:localhost/127.0.0.1:44169] for POST '/session/7ff7c3443e8196b1b679dd4cc290bacd/element/c3e529f8-49c9-45f8-ae77-369186cd84f5/value'
14:22:31.923 [AsyncHttpClient-11-1] DEBUG org.asynchttpclient.netty.handler.HttpHandler - 

Request DefaultHttpRequest(decodeResult: success, version: HTTP/1.1)
POST /session/7ff7c3443e8196b1b679dd4cc290bacd/element/c3e529f8-49c9-45f8-ae77-369186cd84f5/value HTTP/1.1
User-Agent: selenium/4.0.0-alpha-4 (java mac)
Content-Length: 101
Content-Type: application/json; charset=utf-8
host: localhost:44169
accept: */*

Response DefaultHttpResponse(decodeResult: success, version: HTTP/1.1)
HTTP/1.1 200 OK
Content-Length: 14
Content-Type: application/json; charset=utf-8
cache-control: no-cache

14:22:31.923 [AsyncHttpClient-11-1] DEBUG org.asynchttpclient.netty.channel.ChannelManager - Adding key: http://localhost:44169 for channel [id: 0xff968a17, L:/127.0.0.1:55097 - R:localhost/127.0.0.1:44169]
14:22:32.227 [AsyncHttpClient-timer-6-1] DEBUG org.asynchttpclient.netty.channel.DefaultChannelPool - Entry count for : http://localhost:21339 : 1
14:22:32.314 [AsyncHttpClient-timer-14-1] DEBUG org.asynchttpclient.netty.channel.DefaultChannelPool - Entry count for : http://localhost:55099 : 1
14:22:32.344 [AsyncHttpClient-timer-18-1] DEBUG org.asynchttpclient.netty.channel.DefaultChannelPool - Entry count for : http://localhost:55098 : 1
14:22:32.403 [AsyncHttpClient-timer-10-1] DEBUG org.asynchttpclient.netty.channel.DefaultChannelPool - Entry count for : http://localhost:44169 : 1
14:22:32.547 [AsyncHttpClient-timer-1-1] DEBUG org.asynchttpclient.netty.channel.DefaultChannelPool - Entry count for : http://localhost:40676 : 1
]]></system-out>
    <system-err><![CDATA[SLF4J: A number (3) of logging calls during the initialization phase have been intercepted and are
SLF4J: now being replayed. These are subject to the filtering rules of the underlying logging system.
SLF4J: See also http://www.slf4j.org/codes.html#replay
Starting ChromeDriver 83.0.4103.39 (ccbf011cb2d2b19b506d844400483861342c20cd-refs/branch-heads/4103@{#416}) on port 21339
Only local connections are allowed.
Please see https://chromedriver.chromium.org/security-considerations for suggestions on keeping ChromeDriver safe.
ChromeDriver was started successfully.
Starting ChromeDriver 83.0.4103.39 (ccbf011cb2d2b19b506d844400483861342c20cd-refs/branch-heads/4103@{#416}) on port 44169
Only local connections are allowed.
Please see https://chromedriver.chromium.org/security-considerations for suggestions on keeping ChromeDriver safe.
ChromeDriver was started successfully.
Jun 19, 2020 2:22:25 P.M. org.openqa.selenium.remote.ProtocolHandshake createSession
INFO: Detected dialect: W3C
Jun 19, 2020 2:22:25 P.M. org.openqa.selenium.remote.ProtocolHandshake createSession
INFO: Detected dialect: W3C
Jun 19, 2020 2:22:26 P.M. org.openqa.selenium.remote.ProtocolHandshake createSession
INFO: Detected dialect: OSS
]]></system-err>
  </testcase>
  <testcase name="paralelTest[chrome](1)" classname="parallel.TestParallelNG" time="7.803">
    <system-out><![CDATA[14:22:33.032 [Forwarding quit on session A6B2AF3B-59EE-4AE5-9115-EB694DEE4BEB to remote] DEBUG org.asynchttpclient.netty.request.NettyRequestSender - Using pooled Channel '[id: 0xb807b9e4, L:/127.0.0.1:55095 - R:localhost/127.0.0.1:40676]' for 'DELETE' to 'http://localhost:40676/session/A6B2AF3B-59EE-4AE5-9115-EB694DEE4BEB'
14:22:33.032 [Forwarding quit on session A6B2AF3B-59EE-4AE5-9115-EB694DEE4BEB to remote] DEBUG org.asynchttpclient.netty.request.NettyRequestSender - Using open Channel [id: 0xb807b9e4, L:/127.0.0.1:55095 - R:localhost/127.0.0.1:40676] for DELETE '/session/A6B2AF3B-59EE-4AE5-9115-EB694DEE4BEB'
14:22:33.326 [AsyncHttpClient-timer-6-1] DEBUG org.asynchttpclient.netty.channel.DefaultChannelPool - Entry count for : http://localhost:21339 : 1
14:22:33.327 [AsyncHttpClient-3-1] DEBUG org.asynchttpclient.netty.handler.HttpHandler - 

Request DefaultFullHttpRequest(decodeResult: success, version: HTTP/1.1, content: EmptyByteBufBE)
DELETE /session/A6B2AF3B-59EE-4AE5-9115-EB694DEE4BEB HTTP/1.1
User-Agent: selenium/4.0.0-alpha-4 (java mac)
host: localhost:40676
accept: */*

Response DefaultHttpResponse(decodeResult: success, version: HTTP/1.1)
HTTP/1.1 200 OK
Date: Fri, 19 Jun 2020 13:22:33 GMT
Accept-Ranges: bytes
Content-Type: application/json;charset=UTF-8
Content-Length: 74
Server: SafariDriver/1.0
Connection: keep-alive

14:22:33.328 [AsyncHttpClient-3-1] DEBUG org.asynchttpclient.netty.channel.ChannelManager - Adding key: http://localhost:40676 for channel [id: 0xb807b9e4, L:/127.0.0.1:55095 - R:localhost/127.0.0.1:40676]
14:22:33.359 [AsyncHttpClient-3-1] DEBUG org.asynchttpclient.netty.handler.HttpHandler - Channel Closed: [id: 0xb807b9e4, L:/127.0.0.1:55095 ! R:localhost/127.0.0.1:40676] with attribute DISCARD
14:22:33.416 [AsyncHttpClient-timer-14-1] DEBUG org.asynchttpclient.netty.channel.DefaultChannelPool - Entry count for : http://localhost:55099 : 1
14:22:33.445 [AsyncHttpClient-timer-18-1] DEBUG org.asynchttpclient.netty.channel.DefaultChannelPool - Entry count for : http://localhost:55098 : 1
14:22:33.500 [AsyncHttpClient-timer-10-1] DEBUG org.asynchttpclient.netty.channel.DefaultChannelPool - Entry count for : http://localhost:44169 : 1
14:22:33.650 [AsyncHttpClient-timer-1-1] DEBUG org.asynchttpclient.netty.channel.DefaultChannelPool - Entry count for : http://localhost:40676 : 1
14:22:33.651 [AsyncHttpClient-timer-1-1] DEBUG org.asynchttpclient.netty.channel.DefaultChannelPool - Adding Candidate expired Channel [id: 0xb807b9e4, L:/127.0.0.1:55095 ! R:localhost/127.0.0.1:40676] isIdleTimeoutExpired=false isRemotelyClosed=true isTtlExpired=false
14:22:33.651 [AsyncHttpClient-timer-1-1] DEBUG org.asynchttpclient.netty.channel.DefaultChannelPool - Closing Idle Channel [id: 0xb807b9e4, L:/127.0.0.1:55095 ! R:localhost/127.0.0.1:40676]
14:22:33.652 [AsyncHttpClient-timer-1-1] DEBUG org.asynchttpclient.netty.channel.DefaultChannelPool - Closed 1 connections out of 1 in 1 ms
14:22:33.737 [AsyncHttpClient-23-1] DEBUG org.asynchttpclient.netty.channel.NettyConnectListener - Using new Channel '[id: 0xb4c37af5, L:/127.0.0.1:55446 - R:localhost/127.0.0.1:25588]' for 'POST' to '/session'
]]></system-out>
  </testcase>
  <testcase name="paralelTest[chrome](1)" classname="parallel.TestParallelNG" time="0.29">
    <system-out><![CDATA[14:22:34.162 [Forwarding quit on session 93e11d8b74972ce2b9ddba9de10af003 to remote] DEBUG org.asynchttpclient.netty.request.NettyRequestSender - Using pooled Channel '[id: 0x04d7a85a, L:/127.0.0.1:55096 - R:localhost/127.0.0.1:21339]' for 'DELETE' to 'http://localhost:21339/session/93e11d8b74972ce2b9ddba9de10af003'
14:22:34.163 [Forwarding quit on session 93e11d8b74972ce2b9ddba9de10af003 to remote] DEBUG org.asynchttpclient.netty.request.NettyRequestSender - Using open Channel [id: 0x04d7a85a, L:/127.0.0.1:55096 - R:localhost/127.0.0.1:21339] for DELETE '/session/93e11d8b74972ce2b9ddba9de10af003'
14:22:34.201 [AsyncHttpClient-15-1] DEBUG org.asynchttpclient.netty.handler.HttpHandler - Channel Closed: [id: 0xc044256a, L:/127.0.0.1:55109 ! R:localhost/127.0.0.1:55099] with attribute DISCARD
14:22:34.209 [AsyncHttpClient-17-1] DEBUG org.asynchttpclient.netty.handler.WebSocketHandler - Unexpected I/O exception on channel [id: 0x96f5035e, L:/127.0.0.1:55112 - R:localhost/127.0.0.1:55099]
java.net.SocketException: Connection reset
	at java.base/sun.nio.ch.SocketChannelImpl.throwConnectionReset(SocketChannelImpl.java:345)
	at java.base/sun.nio.ch.SocketChannelImpl.read(SocketChannelImpl.java:376)
	at io.netty.buffer.PooledByteBuf.setBytes(PooledByteBuf.java:247)
	at io.netty.buffer.AbstractByteBuf.writeBytes(AbstractByteBuf.java:1147)
	at io.netty.channel.socket.nio.NioSocketChannel.doReadBytes(NioSocketChannel.java:350)
	at io.netty.channel.nio.AbstractNioByteChannel$NioByteUnsafe.read(AbstractNioByteChannel.java:148)
	at io.netty.channel.nio.NioEventLoop.processSelectedKey(NioEventLoop.java:700)
	at io.netty.channel.nio.NioEventLoop.processSelectedKeysOptimized(NioEventLoop.java:635)
	at io.netty.channel.nio.NioEventLoop.processSelectedKeys(NioEventLoop.java:552)
	at io.netty.channel.nio.NioEventLoop.run(NioEventLoop.java:514)
	at io.netty.util.concurrent.SingleThreadEventExecutor$6.run(SingleThreadEventExecutor.java:1050)
	at io.netty.util.internal.ThreadExecutorMap$2.run(ThreadExecutorMap.java:74)
	at io.netty.util.concurrent.FastThreadLocalRunnable.run(FastThreadLocalRunnable.java:30)
	at java.base/java.lang.Thread.run(Thread.java:830)
14:22:34.213 [AsyncHttpClient-17-1] DEBUG org.asynchttpclient.netty.handler.WebSocketHandler - Was unable to recover Future: NettyResponseFuture{currentRetry=5,
	isDone=1,
	isCancelled=0,
	asyncHandler=org.asynchttpclient.ws.WebSocketUpgradeHandler@510f3eb5,
	nettyRequest=org.asynchttpclient.netty.request.NettyRequest@728b78ed,
	future=java.util.concurrent.CompletableFuture@5be921c4[Completed normally],
	uri=ws://localhost:55099/devtools/browser/36a99081-4005-430b-8019-3840bfb4aa13,
	keepAlive=true,
	redirectCount=0,
	timeoutsHolder=null,
	inAuth=0,
	touch=1592572954209}
14:22:34.215 [AsyncHttpClient-17-1] DEBUG org.asynchttpclient.netty.channel.ChannelManager - Closing Channel [id: 0x96f5035e, L:/127.0.0.1:55112 - R:localhost/127.0.0.1:55099] 
14:22:34.216 [AsyncHttpClient-17-1] WARN org.asynchttpclient.netty.handler.WebSocketHandler - onError
java.net.SocketException: Connection reset
	at java.base/sun.nio.ch.SocketChannelImpl.throwConnectionReset(SocketChannelImpl.java:345)
	at java.base/sun.nio.ch.SocketChannelImpl.read(SocketChannelImpl.java:376)
	at io.netty.buffer.PooledByteBuf.setBytes(PooledByteBuf.java:247)
	at io.netty.buffer.AbstractByteBuf.writeBytes(AbstractByteBuf.java:1147)
	at io.netty.channel.socket.nio.NioSocketChannel.doReadBytes(NioSocketChannel.java:350)
	at io.netty.channel.nio.AbstractNioByteChannel$NioByteUnsafe.read(AbstractNioByteChannel.java:148)
	at io.netty.channel.nio.NioEventLoop.processSelectedKey(NioEventLoop.java:700)
	at io.netty.channel.nio.NioEventLoop.processSelectedKeysOptimized(NioEventLoop.java:635)
	at io.netty.channel.nio.NioEventLoop.processSelectedKeys(NioEventLoop.java:552)
	at io.netty.channel.nio.NioEventLoop.run(NioEventLoop.java:514)
	at io.netty.util.concurrent.SingleThreadEventExecutor$6.run(SingleThreadEventExecutor.java:1050)
	at io.netty.util.internal.ThreadExecutorMap$2.run(ThreadExecutorMap.java:74)
	at io.netty.util.concurrent.FastThreadLocalRunnable.run(FastThreadLocalRunnable.java:30)
	at java.base/java.lang.Thread.run(Thread.java:830)
14:22:34.216 [AsyncHttpClient-17-1] DEBUG org.asynchttpclient.netty.channel.ChannelManager - Closing Channel [id: 0x96f5035e, L:/127.0.0.1:55112 ! R:localhost/127.0.0.1:55099] 
14:22:34.218 [AsyncHttpClient-7-1] DEBUG org.asynchttpclient.netty.handler.HttpHandler - 

Request DefaultFullHttpRequest(decodeResult: success, version: HTTP/1.1, content: EmptyByteBufBE)
DELETE /session/93e11d8b74972ce2b9ddba9de10af003 HTTP/1.1
User-Agent: selenium/4.0.0-alpha-4 (java mac)
host: localhost:21339
accept: */*

Response DefaultHttpResponse(decodeResult: success, version: HTTP/1.1)
HTTP/1.1 200 OK
Content-Length: 14
Content-Type: application/json; charset=utf-8
cache-control: no-cache

14:22:34.219 [AsyncHttpClient-7-1] DEBUG org.asynchttpclient.netty.channel.ChannelManager - Adding key: http://localhost:21339 for channel [id: 0x04d7a85a, L:/127.0.0.1:55096 - R:localhost/127.0.0.1:21339]
14:22:34.223 [AsyncHttpClient-17-1] DEBUG org.asynchttpclient.netty.handler.WebSocketHandler - Channel Closed: [id: 0x96f5035e, L:/127.0.0.1:55112 ! R:localhost/127.0.0.1:55099] with attribute DISCARD
14:22:34.342 [AsyncHttpClient-7-1] DEBUG org.asynchttpclient.netty.handler.HttpHandler - Channel Closed: [id: 0x04d7a85a, L:/127.0.0.1:55096 ! R:localhost/127.0.0.1:21339] with attribute DISCARD
14:22:34.427 [AsyncHttpClient-timer-6-1] DEBUG org.asynchttpclient.netty.channel.DefaultChannelPool - Entry count for : http://localhost:21339 : 1
14:22:34.427 [AsyncHttpClient-timer-6-1] DEBUG org.asynchttpclient.netty.channel.DefaultChannelPool - Adding Candidate expired Channel [id: 0x04d7a85a, L:/127.0.0.1:55096 ! R:localhost/127.0.0.1:21339] isIdleTimeoutExpired=false isRemotelyClosed=true isTtlExpired=false
14:22:34.427 [AsyncHttpClient-timer-6-1] DEBUG org.asynchttpclient.netty.channel.DefaultChannelPool - Closing Idle Channel [id: 0x04d7a85a, L:/127.0.0.1:55096 ! R:localhost/127.0.0.1:21339]
14:22:34.427 [AsyncHttpClient-timer-6-1] DEBUG org.asynchttpclient.netty.channel.DefaultChannelPool - Closed 1 connections out of 1 in 0 ms
14:22:34.512 [AsyncHttpClient-timer-14-1] DEBUG org.asynchttpclient.netty.channel.DefaultChannelPool - Entry count for : http://localhost:55099 : 1
14:22:34.512 [AsyncHttpClient-timer-14-1] DEBUG org.asynchttpclient.netty.channel.DefaultChannelPool - Adding Candidate expired Channel [id: 0xc044256a, L:/127.0.0.1:55109 ! R:localhost/127.0.0.1:55099] isIdleTimeoutExpired=false isRemotelyClosed=true isTtlExpired=false
14:22:34.513 [AsyncHttpClient-timer-14-1] DEBUG org.asynchttpclient.netty.channel.DefaultChannelPool - Closing Idle Channel [id: 0xc044256a, L:/127.0.0.1:55109 ! R:localhost/127.0.0.1:55099]
14:22:34.513 [AsyncHttpClient-timer-14-1] DEBUG org.asynchttpclient.netty.channel.DefaultChannelPool - Closed 1 connections out of 1 in 1 ms
14:22:34.544 [AsyncHttpClient-timer-18-1] DEBUG org.asynchttpclient.netty.channel.DefaultChannelPool - Entry count for : http://localhost:55098 : 1
14:22:34.599 [AsyncHttpClient-23-1] DEBUG org.asynchttpclient.netty.handler.HttpHandler - 

Request DefaultHttpRequest(decodeResult: success, version: HTTP/1.1)
POST /session HTTP/1.1
User-Agent: selenium/4.0.0-alpha-4 (java mac)
Content-Length: 230
Content-Type: application/json; charset=utf-8
host: localhost:25588
accept: */*

Response DefaultHttpResponse(decodeResult: success, version: HTTP/1.1)
HTTP/1.1 200 OK
Date: Fri, 19 Jun 2020 13:22:34 GMT
Accept-Ranges: bytes
Content-Type: application/json;charset=UTF-8
Content-Length: 401
Server: SafariDriver/1.0
Connection: keep-alive

14:22:34.601 [AsyncHttpClient-23-1] DEBUG org.asynchttpclient.netty.channel.ChannelManager - Adding key: http://localhost:25588 for channel [id: 0xb4c37af5, L:/127.0.0.1:55446 - R:localhost/127.0.0.1:25588]
14:22:34.604 [AsyncHttpClient-timer-10-1] DEBUG org.asynchttpclient.netty.channel.DefaultChannelPool - Entry count for : http://localhost:44169 : 1
safari
Test1Thread 15
14:22:34.619 [Forwarding get on session D38EEC89-D65D-44E7-A7A4-CA3361EAB2C9 to remote] DEBUG org.asynchttpclient.netty.request.NettyRequestSender - Using pooled Channel '[id: 0xb4c37af5, L:/127.0.0.1:55446 - R:localhost/127.0.0.1:25588]' for 'POST' to 'http://localhost:25588/session/D38EEC89-D65D-44E7-A7A4-CA3361EAB2C9/url'
14:22:34.619 [Forwarding get on session D38EEC89-D65D-44E7-A7A4-CA3361EAB2C9 to remote] DEBUG org.asynchttpclient.netty.request.NettyRequestSender - Using open Channel [id: 0xb4c37af5, L:/127.0.0.1:55446 - R:localhost/127.0.0.1:25588] for POST '/session/D38EEC89-D65D-44E7-A7A4-CA3361EAB2C9/url'
14:22:34.879 [TestNG-tests-2] DEBUG io.github.bonigarcia.wdm.Shell - Running command on the shell: [/Applications/Chromium.app/Contents/MacOS/Chromium, --version]
14:22:34.889 [TestNG-tests-2] DEBUG io.github.bonigarcia.wdm.Shell - There was a problem executing command </Applications/Chromium.app/Contents/MacOS/Chromium --version> on the shell: Cannot run program "/Applications/Chromium.app/Contents/MacOS/Chromium" (in directory "."): error=2, No such file or directory
14:22:34.889 [TestNG-tests-2] DEBUG io.github.bonigarcia.wdm.Shell - Result: 
14:22:34.889 [TestNG-tests-2] DEBUG io.github.bonigarcia.wdm.WebDriverManager - The proper chromedriver version for your Chromium is unknown ... trying with the latest
]]></system-out>
    <system-err><![CDATA[Jun 19, 2020 2:22:34 P.M. org.openqa.selenium.remote.ProtocolHandshake createSession
INFO: Detected dialect: OSS
]]></system-err>
  </testcase>
  <testcase name="paralelTest1[chrome](1)" classname="parallel.TestParallelNG" time="10.202">
    <system-out><![CDATA[14:22:34.929 [Forwarding quit on session 7ff7c3443e8196b1b679dd4cc290bacd to remote] DEBUG org.asynchttpclient.netty.request.NettyRequestSender - Using pooled Channel '[id: 0xff968a17, L:/127.0.0.1:55097 - R:localhost/127.0.0.1:44169]' for 'DELETE' to 'http://localhost:44169/session/7ff7c3443e8196b1b679dd4cc290bacd'
14:22:34.929 [Forwarding quit on session 7ff7c3443e8196b1b679dd4cc290bacd to remote] DEBUG org.asynchttpclient.netty.request.NettyRequestSender - Using open Channel [id: 0xff968a17, L:/127.0.0.1:55097 - R:localhost/127.0.0.1:44169] for DELETE '/session/7ff7c3443e8196b1b679dd4cc290bacd'
14:22:34.948 [AsyncHttpClient-21-1] DEBUG org.asynchttpclient.netty.handler.WebSocketHandler - Channel Closed: [id: 0x71a788f1, L:/127.0.0.1:55113 ! R:localhost/127.0.0.1:55098] with attribute NettyResponseFuture{currentRetry=5,
	isDone=1,
	isCancelled=0,
	asyncHandler=org.asynchttpclient.ws.WebSocketUpgradeHandler@5ae86b3d,
	nettyRequest=org.asynchttpclient.netty.request.NettyRequest@1635f537,
	future=java.util.concurrent.CompletableFuture@125dafe0[Completed normally],
	uri=ws://localhost:55098/devtools/browser/02ed7314-065d-4b62-8f35-40264f03d08e,
	keepAlive=true,
	redirectCount=0,
	timeoutsHolder=null,
	inAuth=0,
	touch=1592572945981}
14:22:34.948 [AsyncHttpClient-21-1] DEBUG org.asynchttpclient.netty.channel.ChannelManager - Closing Channel [id: 0x71a788f1, L:/127.0.0.1:55113 ! R:localhost/127.0.0.1:55098] 
14:22:34.984 [AsyncHttpClient-19-1] DEBUG org.asynchttpclient.netty.handler.HttpHandler - Channel Closed: [id: 0x363eae34, L:/127.0.0.1:55111 ! R:localhost/127.0.0.1:55098] with attribute DISCARD
14:22:35.032 [AsyncHttpClient-11-1] DEBUG org.asynchttpclient.netty.handler.HttpHandler - 

Request DefaultFullHttpRequest(decodeResult: success, version: HTTP/1.1, content: EmptyByteBufBE)
DELETE /session/7ff7c3443e8196b1b679dd4cc290bacd HTTP/1.1
User-Agent: selenium/4.0.0-alpha-4 (java mac)
host: localhost:44169
accept: */*

Response DefaultHttpResponse(decodeResult: success, version: HTTP/1.1)
HTTP/1.1 200 OK
Content-Length: 14
Content-Type: application/json; charset=utf-8
cache-control: no-cache

14:22:35.033 [AsyncHttpClient-11-1] DEBUG org.asynchttpclient.netty.channel.ChannelManager - Adding key: http://localhost:44169 for channel [id: 0xff968a17, L:/127.0.0.1:55097 - R:localhost/127.0.0.1:44169]
14:22:35.059 [TestNG-tests-2] DEBUG io.github.bonigarcia.wdm.WebDriverManager - Latest version of chromedriver according to https://chromedriver.storage.googleapis.com/LATEST_RELEASE is 83.0.4103.39
14:22:35.065 [TestNG-tests-2] DEBUG io.github.bonigarcia.wdm.WebDriverManager - Driver chromedriver 83.0.4103.39 found in cache
14:22:35.067 [TestNG-tests-2] INFO io.github.bonigarcia.wdm.WebDriverManager - Exporting webdriver.chrome.driver as /Users/slava/.m2/repository/webdriver/chromedriver/mac64/83.0.4103.39/chromedriver
14:22:35.105 [AsyncHttpClient-11-1] DEBUG org.asynchttpclient.netty.handler.HttpHandler - Channel Closed: [id: 0xff968a17, L:/127.0.0.1:55097 ! R:localhost/127.0.0.1:44169] with attribute DISCARD
14:22:35.180 [AsyncHttpClient-27-1] DEBUG org.asynchttpclient.netty.channel.NettyConnectListener - Using new Channel '[id: 0x758e99da, L:/127.0.0.1:55460 - R:localhost/127.0.0.1:6492]' for 'POST' to '/session'
14:22:35.197 [TestNG-tests-1] DEBUG io.github.bonigarcia.wdm.Shell - Running command on the shell: [/Applications/Chromium.app/Contents/MacOS/Chromium, --version]
14:22:35.204 [TestNG-tests-1] DEBUG io.github.bonigarcia.wdm.Shell - There was a problem executing command </Applications/Chromium.app/Contents/MacOS/Chromium --version> on the shell: Cannot run program "/Applications/Chromium.app/Contents/MacOS/Chromium" (in directory "."): error=2, No such file or directory
14:22:35.204 [TestNG-tests-1] DEBUG io.github.bonigarcia.wdm.Shell - Result: 
14:22:35.204 [TestNG-tests-1] DEBUG io.github.bonigarcia.wdm.WebDriverManager - The proper chromedriver version for your Chromium is unknown ... trying with the latest
14:22:35.311 [TestNG-tests-1] DEBUG io.github.bonigarcia.wdm.WebDriverManager - Latest version of chromedriver according to https://chromedriver.storage.googleapis.com/LATEST_RELEASE is 83.0.4103.39
14:22:35.315 [TestNG-tests-1] DEBUG io.github.bonigarcia.wdm.WebDriverManager - Driver chromedriver 83.0.4103.39 found in cache
14:22:35.316 [TestNG-tests-1] INFO io.github.bonigarcia.wdm.WebDriverManager - Exporting webdriver.chrome.driver as /Users/slava/.m2/repository/webdriver/chromedriver/mac64/83.0.4103.39/chromedriver
14:22:35.419 [AsyncHttpClient-31-1] DEBUG org.asynchttpclient.netty.channel.NettyConnectListener - Using new Channel '[id: 0xda48d11e, L:/127.0.0.1:55468 - R:localhost/127.0.0.1:36070]' for 'POST' to '/session'
14:22:35.646 [AsyncHttpClient-timer-18-1] DEBUG org.asynchttpclient.netty.channel.DefaultChannelPool - Entry count for : http://localhost:55098 : 1
14:22:35.657 [AsyncHttpClient-timer-18-1] DEBUG org.asynchttpclient.netty.channel.DefaultChannelPool - Adding Candidate expired Channel [id: 0x363eae34, L:/127.0.0.1:55111 ! R:localhost/127.0.0.1:55098] isIdleTimeoutExpired=false isRemotelyClosed=true isTtlExpired=false
14:22:35.657 [AsyncHttpClient-timer-18-1] DEBUG org.asynchttpclient.netty.channel.DefaultChannelPool - Closing Idle Channel [id: 0x363eae34, L:/127.0.0.1:55111 ! R:localhost/127.0.0.1:55098]
14:22:35.658 [AsyncHttpClient-timer-18-1] DEBUG org.asynchttpclient.netty.channel.DefaultChannelPool - Closed 1 connections out of 1 in 1 ms
14:22:35.699 [AsyncHttpClient-timer-10-1] DEBUG org.asynchttpclient.netty.channel.DefaultChannelPool - Entry count for : http://localhost:44169 : 1
14:22:35.699 [AsyncHttpClient-timer-10-1] DEBUG org.asynchttpclient.netty.channel.DefaultChannelPool - Adding Candidate expired Channel [id: 0xff968a17, L:/127.0.0.1:55097 ! R:localhost/127.0.0.1:44169] isIdleTimeoutExpired=false isRemotelyClosed=true isTtlExpired=false
14:22:35.699 [AsyncHttpClient-timer-10-1] DEBUG org.asynchttpclient.netty.channel.DefaultChannelPool - Closing Idle Channel [id: 0xff968a17, L:/127.0.0.1:55097 ! R:localhost/127.0.0.1:44169]
14:22:35.699 [AsyncHttpClient-timer-10-1] DEBUG org.asynchttpclient.netty.channel.DefaultChannelPool - Closed 1 connections out of 1 in 0 ms
14:22:37.121 [AsyncHttpClient-27-1] DEBUG org.asynchttpclient.netty.handler.HttpHandler - 

Request DefaultHttpRequest(decodeResult: success, version: HTTP/1.1)
POST /session HTTP/1.1
User-Agent: selenium/4.0.0-alpha-4 (java mac)
Content-Length: 425
Content-Type: application/json; charset=utf-8
host: localhost:6492
accept: */*

Response DefaultHttpResponse(decodeResult: success, version: HTTP/1.1)
HTTP/1.1 200 OK
Content-Length: 727
Content-Type: application/json; charset=utf-8
cache-control: no-cache

14:22:37.121 [AsyncHttpClient-27-1] DEBUG org.asynchttpclient.netty.channel.ChannelManager - Adding key: http://localhost:6492 for channel [id: 0x758e99da, L:/127.0.0.1:55460 - R:localhost/127.0.0.1:6492]
14:22:37.138 [AsyncHttpClient-35-1] DEBUG org.asynchttpclient.netty.channel.NettyConnectListener - Using new Channel '[id: 0xc824d9e9, L:/127.0.0.1:55483 - R:localhost/127.0.0.1:55471]' for 'GET' to '/json/version'
14:22:37.140 [AsyncHttpClient-35-1] DEBUG org.asynchttpclient.netty.handler.HttpHandler - 

Request DefaultFullHttpRequest(decodeResult: success, version: HTTP/1.1, content: EmptyByteBufBE)
GET /json/version HTTP/1.1
User-Agent: selenium/4.0.0-alpha-4 (java mac)
host: localhost:55471
accept: */*

Response DefaultHttpResponse(decodeResult: success, version: HTTP/1.1)
HTTP/1.1 200 OK
Content-Length: 424
Content-Type: application/json; charset=UTF-8

14:22:37.141 [AsyncHttpClient-35-1] DEBUG org.asynchttpclient.netty.channel.ChannelManager - Adding key: http://localhost:55471 for channel [id: 0xc824d9e9, L:/127.0.0.1:55483 - R:localhost/127.0.0.1:55471]
14:22:37.156 [AsyncHttpClient-37-1] DEBUG org.asynchttpclient.netty.channel.NettyConnectListener - Using new Channel '[id: 0x8eacb1c0, L:/127.0.0.1:55486 - R:localhost/127.0.0.1:55471]' for 'GET' to '/devtools/browser/dc275502-e9bd-47d7-9d38-fe2081f17c4f'
14:22:37.170 [AsyncHttpClient-37-1] DEBUG org.asynchttpclient.netty.handler.WebSocketHandler - 

Request DefaultFullHttpRequest(decodeResult: success, version: HTTP/1.1, content: EmptyByteBufBE)
GET /devtools/browser/dc275502-e9bd-47d7-9d38-fe2081f17c4f HTTP/1.1
upgrade: websocket
connection: upgrade
sec-websocket-key: CfN2c1fMVuFlYBIQFctAEg==
sec-websocket-version: 13
origin: http://localhost:55471
host: localhost:55471
accept: */*
user-agent: AHC/2.1

Response DefaultHttpResponse(decodeResult: success, version: HTTP/1.1)
HTTP/1.1 101 WebSocket Protocol Handshake
Upgrade: WebSocket
Connection: Upgrade
Sec-WebSocket-Accept: Qm32AZDn0LrEndthfLwWhtqsRRM=

chrome
Test1Thread 14
14:22:37.176 [Forwarding get on session 8788fc1ac4ea4f3ba1632f4fd145f288 to remote] DEBUG org.asynchttpclient.netty.request.NettyRequestSender - Using pooled Channel '[id: 0x758e99da, L:/127.0.0.1:55460 - R:localhost/127.0.0.1:6492]' for 'POST' to 'http://localhost:6492/session/8788fc1ac4ea4f3ba1632f4fd145f288/url'
14:22:37.176 [Forwarding get on session 8788fc1ac4ea4f3ba1632f4fd145f288 to remote] DEBUG org.asynchttpclient.netty.request.NettyRequestSender - Using open Channel [id: 0x758e99da, L:/127.0.0.1:55460 - R:localhost/127.0.0.1:6492] for POST '/session/8788fc1ac4ea4f3ba1632f4fd145f288/url'
14:22:37.341 [AsyncHttpClient-31-1] DEBUG org.asynchttpclient.netty.handler.HttpHandler - 

Request DefaultHttpRequest(decodeResult: success, version: HTTP/1.1)
POST /session HTTP/1.1
User-Agent: selenium/4.0.0-alpha-4 (java mac)
Content-Length: 425
Content-Type: application/json; charset=utf-8
host: localhost:36070
accept: */*

Response DefaultHttpResponse(decodeResult: success, version: HTTP/1.1)
HTTP/1.1 200 OK
Content-Length: 727
Content-Type: application/json; charset=utf-8
cache-control: no-cache

14:22:37.341 [AsyncHttpClient-31-1] DEBUG org.asynchttpclient.netty.channel.ChannelManager - Adding key: http://localhost:36070 for channel [id: 0xda48d11e, L:/127.0.0.1:55468 - R:localhost/127.0.0.1:36070]
14:22:37.375 [AsyncHttpClient-39-1] DEBUG org.asynchttpclient.netty.channel.NettyConnectListener - Using new Channel '[id: 0xf3add623, L:/127.0.0.1:55491 - R:localhost/127.0.0.1:55474]' for 'GET' to '/json/version'
14:22:37.380 [AsyncHttpClient-39-1] DEBUG org.asynchttpclient.netty.handler.HttpHandler - 

Request DefaultFullHttpRequest(decodeResult: success, version: HTTP/1.1, content: EmptyByteBufBE)
GET /json/version HTTP/1.1
User-Agent: selenium/4.0.0-alpha-4 (java mac)
host: localhost:55474
accept: */*

Response DefaultHttpResponse(decodeResult: success, version: HTTP/1.1)
HTTP/1.1 200 OK
Content-Length: 424
Content-Type: application/json; charset=UTF-8

14:22:37.380 [AsyncHttpClient-39-1] DEBUG org.asynchttpclient.netty.channel.ChannelManager - Adding key: http://localhost:55474 for channel [id: 0xf3add623, L:/127.0.0.1:55491 - R:localhost/127.0.0.1:55474]
14:22:37.407 [AsyncHttpClient-41-1] DEBUG org.asynchttpclient.netty.channel.NettyConnectListener - Using new Channel '[id: 0xeada65f5, L:/127.0.0.1:55492 - R:localhost/127.0.0.1:55474]' for 'GET' to '/devtools/browser/2441ce7c-7c22-4d83-babd-6309fac3d666'
14:22:37.409 [AsyncHttpClient-41-1] DEBUG org.asynchttpclient.netty.handler.WebSocketHandler - 

Request DefaultFullHttpRequest(decodeResult: success, version: HTTP/1.1, content: EmptyByteBufBE)
GET /devtools/browser/2441ce7c-7c22-4d83-babd-6309fac3d666 HTTP/1.1
upgrade: websocket
connection: upgrade
sec-websocket-key: Zychw5DFd/eKuEOEywSACg==
sec-websocket-version: 13
origin: http://localhost:55474
host: localhost:55474
accept: */*
user-agent: AHC/2.1

Response DefaultHttpResponse(decodeResult: success, version: HTTP/1.1)
HTTP/1.1 101 WebSocket Protocol Handshake
Upgrade: WebSocket
Connection: Upgrade
Sec-WebSocket-Accept: KXh6awbqzfbVQcImsl5V4jHJ+DM=

chrome
Test1Thread 13
14:22:37.412 [Forwarding get on session 89f19ba1baf6622886950535eb51811d to remote] DEBUG org.asynchttpclient.netty.request.NettyRequestSender - Using pooled Channel '[id: 0xda48d11e, L:/127.0.0.1:55468 - R:localhost/127.0.0.1:36070]' for 'POST' to 'http://localhost:36070/session/89f19ba1baf6622886950535eb51811d/url'
14:22:37.412 [Forwarding get on session 89f19ba1baf6622886950535eb51811d to remote] DEBUG org.asynchttpclient.netty.request.NettyRequestSender - Using open Channel [id: 0xda48d11e, L:/127.0.0.1:55468 - R:localhost/127.0.0.1:36070] for POST '/session/89f19ba1baf6622886950535eb51811d/url'
14:22:38.234 [AsyncHttpClient-timer-34-1] DEBUG org.asynchttpclient.netty.channel.DefaultChannelPool - Entry count for : http://localhost:55471 : 1
14:22:38.452 [AsyncHttpClient-timer-38-1] DEBUG org.asynchttpclient.netty.channel.DefaultChannelPool - Entry count for : http://localhost:55474 : 1
14:22:39.335 [AsyncHttpClient-timer-34-1] DEBUG org.asynchttpclient.netty.channel.DefaultChannelPool - Entry count for : http://localhost:55471 : 1
14:22:39.552 [AsyncHttpClient-timer-38-1] DEBUG org.asynchttpclient.netty.channel.DefaultChannelPool - Entry count for : http://localhost:55474 : 1
14:22:40.436 [AsyncHttpClient-timer-34-1] DEBUG org.asynchttpclient.netty.channel.DefaultChannelPool - Entry count for : http://localhost:55471 : 1
14:22:40.598 [AsyncHttpClient-23-1] DEBUG org.asynchttpclient.netty.handler.HttpHandler - 

Request DefaultHttpRequest(decodeResult: success, version: HTTP/1.1)
POST /session/D38EEC89-D65D-44E7-A7A4-CA3361EAB2C9/url HTTP/1.1
User-Agent: selenium/4.0.0-alpha-4 (java mac)
Content-Length: 41
Content-Type: application/json; charset=utf-8
host: localhost:25588
accept: */*

Response DefaultHttpResponse(decodeResult: success, version: HTTP/1.1)
HTTP/1.1 200 OK
Date: Fri, 19 Jun 2020 13:22:40 GMT
Accept-Ranges: bytes
Content-Type: application/json;charset=UTF-8
Content-Length: 74
Server: SafariDriver/1.0
Connection: keep-alive

14:22:40.606 [AsyncHttpClient-23-1] DEBUG org.asynchttpclient.netty.channel.ChannelManager - Adding key: http://localhost:25588 for channel [id: 0xb4c37af5, L:/127.0.0.1:55446 - R:localhost/127.0.0.1:25588]
14:22:40.626 [Forwarding findElement on session D38EEC89-D65D-44E7-A7A4-CA3361EAB2C9 to remote] DEBUG org.asynchttpclient.netty.request.NettyRequestSender - Using pooled Channel '[id: 0xb4c37af5, L:/127.0.0.1:55446 - R:localhost/127.0.0.1:25588]' for 'POST' to 'http://localhost:25588/session/D38EEC89-D65D-44E7-A7A4-CA3361EAB2C9/element'
14:22:40.626 [Forwarding findElement on session D38EEC89-D65D-44E7-A7A4-CA3361EAB2C9 to remote] DEBUG org.asynchttpclient.netty.request.NettyRequestSender - Using open Channel [id: 0xb4c37af5, L:/127.0.0.1:55446 - R:localhost/127.0.0.1:25588] for POST '/session/D38EEC89-D65D-44E7-A7A4-CA3361EAB2C9/element'
14:22:40.652 [AsyncHttpClient-timer-38-1] DEBUG org.asynchttpclient.netty.channel.DefaultChannelPool - Entry count for : http://localhost:55474 : 1
14:22:41.535 [AsyncHttpClient-timer-34-1] DEBUG org.asynchttpclient.netty.channel.DefaultChannelPool - Entry count for : http://localhost:55471 : 1
14:22:41.752 [AsyncHttpClient-timer-38-1] DEBUG org.asynchttpclient.netty.channel.DefaultChannelPool - Entry count for : http://localhost:55474 : 1
14:22:42.636 [AsyncHttpClient-timer-34-1] DEBUG org.asynchttpclient.netty.channel.DefaultChannelPool - Entry count for : http://localhost:55471 : 1
14:22:42.851 [AsyncHttpClient-timer-38-1] DEBUG org.asynchttpclient.netty.channel.DefaultChannelPool - Entry count for : http://localhost:55474 : 1
14:22:43.688 [AsyncHttpClient-23-1] DEBUG org.asynchttpclient.netty.handler.HttpHandler - 

Request DefaultHttpRequest(decodeResult: success, version: HTTP/1.1)
POST /session/D38EEC89-D65D-44E7-A7A4-CA3361EAB2C9/element HTTP/1.1
User-Agent: selenium/4.0.0-alpha-4 (java mac)
Content-Length: 38
Content-Type: application/json; charset=utf-8
host: localhost:25588
accept: */*

Response DefaultHttpResponse(decodeResult: success, version: HTTP/1.1)
HTTP/1.1 200 OK
Date: Fri, 19 Jun 2020 13:22:43 GMT
Accept-Ranges: bytes
Content-Type: application/json;charset=UTF-8
Content-Length: 127
Server: SafariDriver/1.0
Connection: keep-alive

14:22:43.690 [AsyncHttpClient-23-1] DEBUG org.asynchttpclient.netty.channel.ChannelManager - Adding key: http://localhost:25588 for channel [id: 0xb4c37af5, L:/127.0.0.1:55446 - R:localhost/127.0.0.1:25588]
14:22:43.702 [Forwarding sendKeysToElement on session D38EEC89-D65D-44E7-A7A4-CA3361EAB2C9 to remote] DEBUG org.asynchttpclient.netty.request.NettyRequestSender - Using pooled Channel '[id: 0xb4c37af5, L:/127.0.0.1:55446 - R:localhost/127.0.0.1:25588]' for 'POST' to 'http://localhost:25588/session/D38EEC89-D65D-44E7-A7A4-CA3361EAB2C9/element/node-9EBC14B6-0CB7-470C-AE83-4EDC7351E1AE/value'
14:22:43.702 [Forwarding sendKeysToElement on session D38EEC89-D65D-44E7-A7A4-CA3361EAB2C9 to remote] DEBUG org.asynchttpclient.netty.request.NettyRequestSender - Using open Channel [id: 0xb4c37af5, L:/127.0.0.1:55446 - R:localhost/127.0.0.1:25588] for POST '/session/D38EEC89-D65D-44E7-A7A4-CA3361EAB2C9/element/node-9EBC14B6-0CB7-470C-AE83-4EDC7351E1AE/value'
14:22:43.735 [AsyncHttpClient-timer-34-1] DEBUG org.asynchttpclient.netty.channel.DefaultChannelPool - Entry count for : http://localhost:55471 : 1
14:22:43.855 [AsyncHttpClient-31-1] DEBUG org.asynchttpclient.netty.handler.HttpHandler - 

Request DefaultHttpRequest(decodeResult: success, version: HTTP/1.1)
POST /session/89f19ba1baf6622886950535eb51811d/url HTTP/1.1
User-Agent: selenium/4.0.0-alpha-4 (java mac)
Content-Length: 41
Content-Type: application/json; charset=utf-8
host: localhost:36070
accept: */*

Response DefaultHttpResponse(decodeResult: success, version: HTTP/1.1)
HTTP/1.1 200 OK
Content-Length: 14
Content-Type: application/json; charset=utf-8
cache-control: no-cache

14:22:43.856 [AsyncHttpClient-31-1] DEBUG org.asynchttpclient.netty.channel.ChannelManager - Adding key: http://localhost:36070 for channel [id: 0xda48d11e, L:/127.0.0.1:55468 - R:localhost/127.0.0.1:36070]
14:22:43.863 [Forwarding findElement on session 89f19ba1baf6622886950535eb51811d to remote] DEBUG org.asynchttpclient.netty.request.NettyRequestSender - Using pooled Channel '[id: 0xda48d11e, L:/127.0.0.1:55468 - R:localhost/127.0.0.1:36070]' for 'POST' to 'http://localhost:36070/session/89f19ba1baf6622886950535eb51811d/element'
14:22:43.863 [Forwarding findElement on session 89f19ba1baf6622886950535eb51811d to remote] DEBUG org.asynchttpclient.netty.request.NettyRequestSender - Using open Channel [id: 0xda48d11e, L:/127.0.0.1:55468 - R:localhost/127.0.0.1:36070] for POST '/session/89f19ba1baf6622886950535eb51811d/element'
14:22:43.907 [AsyncHttpClient-27-1] DEBUG org.asynchttpclient.netty.handler.HttpHandler - 

Request DefaultHttpRequest(decodeResult: success, version: HTTP/1.1)
POST /session/8788fc1ac4ea4f3ba1632f4fd145f288/url HTTP/1.1
User-Agent: selenium/4.0.0-alpha-4 (java mac)
Content-Length: 41
Content-Type: application/json; charset=utf-8
host: localhost:6492
accept: */*

Response DefaultHttpResponse(decodeResult: success, version: HTTP/1.1)
HTTP/1.1 200 OK
Content-Length: 14
Content-Type: application/json; charset=utf-8
cache-control: no-cache

14:22:43.908 [AsyncHttpClient-27-1] DEBUG org.asynchttpclient.netty.channel.ChannelManager - Adding key: http://localhost:6492 for channel [id: 0x758e99da, L:/127.0.0.1:55460 - R:localhost/127.0.0.1:6492]
14:22:43.911 [Forwarding findElement on session 8788fc1ac4ea4f3ba1632f4fd145f288 to remote] DEBUG org.asynchttpclient.netty.request.NettyRequestSender - Using pooled Channel '[id: 0x758e99da, L:/127.0.0.1:55460 - R:localhost/127.0.0.1:6492]' for 'POST' to 'http://localhost:6492/session/8788fc1ac4ea4f3ba1632f4fd145f288/element'
14:22:43.911 [Forwarding findElement on session 8788fc1ac4ea4f3ba1632f4fd145f288 to remote] DEBUG org.asynchttpclient.netty.request.NettyRequestSender - Using open Channel [id: 0x758e99da, L:/127.0.0.1:55460 - R:localhost/127.0.0.1:6492] for POST '/session/8788fc1ac4ea4f3ba1632f4fd145f288/element'
14:22:43.937 [AsyncHttpClient-31-1] DEBUG org.asynchttpclient.netty.handler.HttpHandler - 

Request DefaultHttpRequest(decodeResult: success, version: HTTP/1.1)
POST /session/89f19ba1baf6622886950535eb51811d/element HTTP/1.1
User-Agent: selenium/4.0.0-alpha-4 (java mac)
Content-Length: 49
Content-Type: application/json; charset=utf-8
host: localhost:36070
accept: */*

Response DefaultHttpResponse(decodeResult: success, version: HTTP/1.1)
HTTP/1.1 200 OK
Content-Length: 88
Content-Type: application/json; charset=utf-8
cache-control: no-cache

14:22:43.937 [AsyncHttpClient-31-1] DEBUG org.asynchttpclient.netty.channel.ChannelManager - Adding key: http://localhost:36070 for channel [id: 0xda48d11e, L:/127.0.0.1:55468 - R:localhost/127.0.0.1:36070]
14:22:43.943 [Forwarding sendKeysToElement on session 89f19ba1baf6622886950535eb51811d to remote] DEBUG org.asynchttpclient.netty.request.NettyRequestSender - Using pooled Channel '[id: 0xda48d11e, L:/127.0.0.1:55468 - R:localhost/127.0.0.1:36070]' for 'POST' to 'http://localhost:36070/session/89f19ba1baf6622886950535eb51811d/element/b29e1ad8-8de5-403e-a850-e9cf24001562/value'
14:22:43.943 [Forwarding sendKeysToElement on session 89f19ba1baf6622886950535eb51811d to remote] DEBUG org.asynchttpclient.netty.request.NettyRequestSender - Using open Channel [id: 0xda48d11e, L:/127.0.0.1:55468 - R:localhost/127.0.0.1:36070] for POST '/session/89f19ba1baf6622886950535eb51811d/element/b29e1ad8-8de5-403e-a850-e9cf24001562/value'
14:22:43.951 [AsyncHttpClient-timer-38-1] DEBUG org.asynchttpclient.netty.channel.DefaultChannelPool - Entry count for : http://localhost:55474 : 1
14:22:44.007 [AsyncHttpClient-27-1] DEBUG org.asynchttpclient.netty.handler.HttpHandler - 

Request DefaultHttpRequest(decodeResult: success, version: HTTP/1.1)
POST /session/8788fc1ac4ea4f3ba1632f4fd145f288/element HTTP/1.1
User-Agent: selenium/4.0.0-alpha-4 (java mac)
Content-Length: 49
Content-Type: application/json; charset=utf-8
host: localhost:6492
accept: */*

Response DefaultHttpResponse(decodeResult: success, version: HTTP/1.1)
HTTP/1.1 200 OK
Content-Length: 88
Content-Type: application/json; charset=utf-8
cache-control: no-cache

14:22:44.007 [AsyncHttpClient-27-1] DEBUG org.asynchttpclient.netty.channel.ChannelManager - Adding key: http://localhost:6492 for channel [id: 0x758e99da, L:/127.0.0.1:55460 - R:localhost/127.0.0.1:6492]
14:22:44.011 [Forwarding sendKeysToElement on session 8788fc1ac4ea4f3ba1632f4fd145f288 to remote] DEBUG org.asynchttpclient.netty.request.NettyRequestSender - Using pooled Channel '[id: 0x758e99da, L:/127.0.0.1:55460 - R:localhost/127.0.0.1:6492]' for 'POST' to 'http://localhost:6492/session/8788fc1ac4ea4f3ba1632f4fd145f288/element/175d9319-f43f-4943-9938-2778141f9555/value'
14:22:44.011 [Forwarding sendKeysToElement on session 8788fc1ac4ea4f3ba1632f4fd145f288 to remote] DEBUG org.asynchttpclient.netty.request.NettyRequestSender - Using open Channel [id: 0x758e99da, L:/127.0.0.1:55460 - R:localhost/127.0.0.1:6492] for POST '/session/8788fc1ac4ea4f3ba1632f4fd145f288/element/175d9319-f43f-4943-9938-2778141f9555/value'
14:22:44.177 [AsyncHttpClient-31-1] DEBUG org.asynchttpclient.netty.handler.HttpHandler - 

Request DefaultHttpRequest(decodeResult: success, version: HTTP/1.1)
POST /session/89f19ba1baf6622886950535eb51811d/element/b29e1ad8-8de5-403e-a850-e9cf24001562/value HTTP/1.1
User-Agent: selenium/4.0.0-alpha-4 (java mac)
Content-Length: 101
Content-Type: application/json; charset=utf-8
host: localhost:36070
accept: */*

Response DefaultHttpResponse(decodeResult: success, version: HTTP/1.1)
HTTP/1.1 200 OK
Content-Length: 14
Content-Type: application/json; charset=utf-8
cache-control: no-cache

14:22:44.178 [AsyncHttpClient-31-1] DEBUG org.asynchttpclient.netty.channel.ChannelManager - Adding key: http://localhost:36070 for channel [id: 0xda48d11e, L:/127.0.0.1:55468 - R:localhost/127.0.0.1:36070]
14:22:44.221 [AsyncHttpClient-27-1] DEBUG org.asynchttpclient.netty.handler.HttpHandler - 

Request DefaultHttpRequest(decodeResult: success, version: HTTP/1.1)
POST /session/8788fc1ac4ea4f3ba1632f4fd145f288/element/175d9319-f43f-4943-9938-2778141f9555/value HTTP/1.1
User-Agent: selenium/4.0.0-alpha-4 (java mac)
Content-Length: 101
Content-Type: application/json; charset=utf-8
host: localhost:6492
accept: */*

Response DefaultHttpResponse(decodeResult: success, version: HTTP/1.1)
HTTP/1.1 200 OK
Content-Length: 14
Content-Type: application/json; charset=utf-8
cache-control: no-cache

14:22:44.222 [AsyncHttpClient-27-1] DEBUG org.asynchttpclient.netty.channel.ChannelManager - Adding key: http://localhost:6492 for channel [id: 0x758e99da, L:/127.0.0.1:55460 - R:localhost/127.0.0.1:6492]
14:22:44.654 [AsyncHttpClient-23-1] DEBUG org.asynchttpclient.netty.handler.HttpHandler - 

Request DefaultHttpRequest(decodeResult: success, version: HTTP/1.1)
POST /session/D38EEC89-D65D-44E7-A7A4-CA3361EAB2C9/element/node-9EBC14B6-0CB7-470C-AE83-4EDC7351E1AE/value HTTP/1.1
User-Agent: selenium/4.0.0-alpha-4 (java mac)
Content-Length: 82
Content-Type: application/json; charset=utf-8
host: localhost:25588
accept: */*

Response DefaultHttpResponse(decodeResult: success, version: HTTP/1.1)
HTTP/1.1 200 OK
Date: Fri, 19 Jun 2020 13:22:44 GMT
Accept-Ranges: bytes
Content-Type: application/json;charset=UTF-8
Content-Length: 74
Server: SafariDriver/1.0
Connection: keep-alive

14:22:44.655 [AsyncHttpClient-23-1] DEBUG org.asynchttpclient.netty.channel.ChannelManager - Adding key: http://localhost:25588 for channel [id: 0xb4c37af5, L:/127.0.0.1:55446 - R:localhost/127.0.0.1:25588]
14:22:44.835 [AsyncHttpClient-timer-34-1] DEBUG org.asynchttpclient.netty.channel.DefaultChannelPool - Entry count for : http://localhost:55471 : 1
14:22:44.971 [AsyncHttpClient-timer-26-1] DEBUG org.asynchttpclient.netty.channel.DefaultChannelPool - Entry count for : http://localhost:6492 : 1
14:22:45.054 [AsyncHttpClient-timer-38-1] DEBUG org.asynchttpclient.netty.channel.DefaultChannelPool - Entry count for : http://localhost:55474 : 1
14:22:45.220 [AsyncHttpClient-timer-30-1] DEBUG org.asynchttpclient.netty.channel.DefaultChannelPool - Entry count for : http://localhost:36070 : 1
14:22:45.512 [AsyncHttpClient-timer-22-1] DEBUG org.asynchttpclient.netty.channel.DefaultChannelPool - Entry count for : http://localhost:25588 : 1
14:22:45.937 [AsyncHttpClient-timer-34-1] DEBUG org.asynchttpclient.netty.channel.DefaultChannelPool - Entry count for : http://localhost:55471 : 1
14:22:46.076 [AsyncHttpClient-timer-26-1] DEBUG org.asynchttpclient.netty.channel.DefaultChannelPool - Entry count for : http://localhost:6492 : 1
14:22:46.151 [AsyncHttpClient-timer-38-1] DEBUG org.asynchttpclient.netty.channel.DefaultChannelPool - Entry count for : http://localhost:55474 : 1
14:22:46.324 [AsyncHttpClient-timer-30-1] DEBUG org.asynchttpclient.netty.channel.DefaultChannelPool - Entry count for : http://localhost:36070 : 1
14:22:46.616 [AsyncHttpClient-timer-22-1] DEBUG org.asynchttpclient.netty.channel.DefaultChannelPool - Entry count for : http://localhost:25588 : 1
14:22:47.035 [AsyncHttpClient-timer-34-1] DEBUG org.asynchttpclient.netty.channel.DefaultChannelPool - Entry count for : http://localhost:55471 : 1
14:22:47.175 [AsyncHttpClient-timer-26-1] DEBUG org.asynchttpclient.netty.channel.DefaultChannelPool - Entry count for : http://localhost:6492 : 1
]]></system-out>
    <system-err><![CDATA[Starting ChromeDriver 83.0.4103.39 (ccbf011cb2d2b19b506d844400483861342c20cd-refs/branch-heads/4103@{#416}) on port 6492
Only local connections are allowed.
Please see https://chromedriver.chromium.org/security-considerations for suggestions on keeping ChromeDriver safe.
ChromeDriver was started successfully.
Starting ChromeDriver 83.0.4103.39 (ccbf011cb2d2b19b506d844400483861342c20cd-refs/branch-heads/4103@{#416}) on port 36070
Only local connections are allowed.
Please see https://chromedriver.chromium.org/security-considerations for suggestions on keeping ChromeDriver safe.
ChromeDriver was started successfully.
Jun 19, 2020 2:22:37 P.M. org.openqa.selenium.remote.ProtocolHandshake createSession
INFO: Detected dialect: W3C
Jun 19, 2020 2:22:37 P.M. org.openqa.selenium.remote.ProtocolHandshake createSession
INFO: Detected dialect: W3C
]]></system-err>
  </testcase>
  <testcase name="paralelTest1[chrome](1)" classname="parallel.TestParallelNG" time="10.21">
    <system-out><![CDATA[14:22:47.189 [Forwarding quit on session 89f19ba1baf6622886950535eb51811d to remote] DEBUG org.asynchttpclient.netty.request.NettyRequestSender - Using pooled Channel '[id: 0xda48d11e, L:/127.0.0.1:55468 - R:localhost/127.0.0.1:36070]' for 'DELETE' to 'http://localhost:36070/session/89f19ba1baf6622886950535eb51811d'
14:22:47.190 [Forwarding quit on session 89f19ba1baf6622886950535eb51811d to remote] DEBUG org.asynchttpclient.netty.request.NettyRequestSender - Using open Channel [id: 0xda48d11e, L:/127.0.0.1:55468 - R:localhost/127.0.0.1:36070] for DELETE '/session/89f19ba1baf6622886950535eb51811d'
14:22:47.195 [AsyncHttpClient-41-1] DEBUG org.asynchttpclient.netty.handler.WebSocketHandler - Channel Closed: [id: 0xeada65f5, L:/127.0.0.1:55492 ! R:localhost/127.0.0.1:55474] with attribute NettyResponseFuture{currentRetry=5,
	isDone=1,
	isCancelled=0,
	asyncHandler=org.asynchttpclient.ws.WebSocketUpgradeHandler@2a9a142b,
	nettyRequest=org.asynchttpclient.netty.request.NettyRequest@6f989f1c,
	future=java.util.concurrent.CompletableFuture@5cb3ad13[Completed normally],
	uri=ws://localhost:55474/devtools/browser/2441ce7c-7c22-4d83-babd-6309fac3d666,
	keepAlive=true,
	redirectCount=0,
	timeoutsHolder=null,
	inAuth=0,
	touch=1592572957410}
14:22:47.196 [AsyncHttpClient-41-1] DEBUG org.asynchttpclient.netty.channel.ChannelManager - Closing Channel [id: 0xeada65f5, L:/127.0.0.1:55492 ! R:localhost/127.0.0.1:55474] 
]]></system-out>
  </testcase>
  <testcase name="paralelTest1[safari](1)" classname="parallel.TestParallelNG" time="10.29">
    <system-out><![CDATA[14:22:47.228 [Forwarding quit on session 8788fc1ac4ea4f3ba1632f4fd145f288 to remote] DEBUG org.asynchttpclient.netty.request.NettyRequestSender - Using pooled Channel '[id: 0x758e99da, L:/127.0.0.1:55460 - R:localhost/127.0.0.1:6492]' for 'DELETE' to 'http://localhost:6492/session/8788fc1ac4ea4f3ba1632f4fd145f288'
14:22:47.228 [Forwarding quit on session 8788fc1ac4ea4f3ba1632f4fd145f288 to remote] DEBUG org.asynchttpclient.netty.request.NettyRequestSender - Using open Channel [id: 0x758e99da, L:/127.0.0.1:55460 - R:localhost/127.0.0.1:6492] for DELETE '/session/8788fc1ac4ea4f3ba1632f4fd145f288'
14:22:47.239 [AsyncHttpClient-37-1] DEBUG org.asynchttpclient.netty.handler.WebSocketHandler - Channel Closed: [id: 0x8eacb1c0, L:/127.0.0.1:55486 ! R:localhost/127.0.0.1:55471] with attribute NettyResponseFuture{currentRetry=5,
	isDone=1,
	isCancelled=0,
	asyncHandler=org.asynchttpclient.ws.WebSocketUpgradeHandler@550b9736,
	nettyRequest=org.asynchttpclient.netty.request.NettyRequest@100913f3,
	future=java.util.concurrent.CompletableFuture@5058cc78[Completed normally],
	uri=ws://localhost:55471/devtools/browser/dc275502-e9bd-47d7-9d38-fe2081f17c4f,
	keepAlive=true,
	redirectCount=0,
	timeoutsHolder=null,
	inAuth=0,
	touch=1592572957171}
14:22:47.240 [AsyncHttpClient-37-1] DEBUG org.asynchttpclient.netty.channel.ChannelManager - Closing Channel [id: 0x8eacb1c0, L:/127.0.0.1:55486 ! R:localhost/127.0.0.1:55471] 
14:22:47.252 [AsyncHttpClient-timer-38-1] DEBUG org.asynchttpclient.netty.channel.DefaultChannelPool - Entry count for : http://localhost:55474 : 1
14:22:47.336 [AsyncHttpClient-39-1] DEBUG org.asynchttpclient.netty.handler.HttpHandler - Channel Closed: [id: 0xf3add623, L:/127.0.0.1:55491 ! R:localhost/127.0.0.1:55474] with attribute DISCARD
14:22:47.375 [AsyncHttpClient-35-1] DEBUG org.asynchttpclient.netty.handler.HttpHandler - Channel Closed: [id: 0xc824d9e9, L:/127.0.0.1:55483 ! R:localhost/127.0.0.1:55471] with attribute DISCARD
14:22:47.393 [AsyncHttpClient-27-1] DEBUG org.asynchttpclient.netty.handler.HttpHandler - 

Request DefaultFullHttpRequest(decodeResult: success, version: HTTP/1.1, content: EmptyByteBufBE)
DELETE /session/8788fc1ac4ea4f3ba1632f4fd145f288 HTTP/1.1
User-Agent: selenium/4.0.0-alpha-4 (java mac)
host: localhost:6492
accept: */*

Response DefaultHttpResponse(decodeResult: success, version: HTTP/1.1)
HTTP/1.1 200 OK
Content-Length: 14
Content-Type: application/json; charset=utf-8
cache-control: no-cache

14:22:47.394 [AsyncHttpClient-27-1] DEBUG org.asynchttpclient.netty.channel.ChannelManager - Adding key: http://localhost:6492 for channel [id: 0x758e99da, L:/127.0.0.1:55460 - R:localhost/127.0.0.1:6492]
14:22:47.468 [AsyncHttpClient-31-1] DEBUG org.asynchttpclient.netty.handler.HttpHandler - 

Request DefaultFullHttpRequest(decodeResult: success, version: HTTP/1.1, content: EmptyByteBufBE)
DELETE /session/89f19ba1baf6622886950535eb51811d HTTP/1.1
User-Agent: selenium/4.0.0-alpha-4 (java mac)
host: localhost:36070
accept: */*

Response DefaultHttpResponse(decodeResult: success, version: HTTP/1.1)
HTTP/1.1 200 OK
Content-Length: 14
Content-Type: application/json; charset=utf-8
cache-control: no-cache

14:22:47.469 [AsyncHttpClient-31-1] DEBUG org.asynchttpclient.netty.channel.ChannelManager - Adding key: http://localhost:36070 for channel [id: 0xda48d11e, L:/127.0.0.1:55468 - R:localhost/127.0.0.1:36070]
14:22:47.554 [AsyncHttpClient-27-1] DEBUG org.asynchttpclient.netty.handler.HttpHandler - Channel Closed: [id: 0x758e99da, L:/127.0.0.1:55460 ! R:localhost/127.0.0.1:6492] with attribute DISCARD
14:22:47.586 [TestNG-tests-2] DEBUG io.github.bonigarcia.wdm.Shell - Running command on the shell: [/Applications/Chromium.app/Contents/MacOS/Chromium, --version]
14:22:47.600 [TestNG-tests-2] DEBUG io.github.bonigarcia.wdm.Shell - There was a problem executing command </Applications/Chromium.app/Contents/MacOS/Chromium --version> on the shell: Cannot run program "/Applications/Chromium.app/Contents/MacOS/Chromium" (in directory "."): error=2, No such file or directory
14:22:47.601 [TestNG-tests-2] DEBUG io.github.bonigarcia.wdm.Shell - Result: 
14:22:47.601 [TestNG-tests-2] DEBUG io.github.bonigarcia.wdm.WebDriverManager - The proper chromedriver version for your Chromium is unknown ... trying with the latest
14:22:47.642 [AsyncHttpClient-31-1] DEBUG org.asynchttpclient.netty.handler.HttpHandler - Channel Closed: [id: 0xda48d11e, L:/127.0.0.1:55468 ! R:localhost/127.0.0.1:36070] with attribute DISCARD
]]></system-out>
  </testcase>
  <testcase name="paralelTest3[safari](1)" classname="parallel.TestParallelNG" time="5.174">
    <system-out><![CDATA[14:22:47.659 [Forwarding quit on session D38EEC89-D65D-44E7-A7A4-CA3361EAB2C9 to remote] DEBUG org.asynchttpclient.netty.request.NettyRequestSender - Using pooled Channel '[id: 0xb4c37af5, L:/127.0.0.1:55446 - R:localhost/127.0.0.1:25588]' for 'DELETE' to 'http://localhost:25588/session/D38EEC89-D65D-44E7-A7A4-CA3361EAB2C9'
14:22:47.660 [Forwarding quit on session D38EEC89-D65D-44E7-A7A4-CA3361EAB2C9 to remote] DEBUG org.asynchttpclient.netty.request.NettyRequestSender - Using open Channel [id: 0xb4c37af5, L:/127.0.0.1:55446 - R:localhost/127.0.0.1:25588] for DELETE '/session/D38EEC89-D65D-44E7-A7A4-CA3361EAB2C9'
14:22:47.773 [AsyncHttpClient-23-1] DEBUG org.asynchttpclient.netty.handler.HttpHandler - 

Request DefaultFullHttpRequest(decodeResult: success, version: HTTP/1.1, content: EmptyByteBufBE)
DELETE /session/D38EEC89-D65D-44E7-A7A4-CA3361EAB2C9 HTTP/1.1
User-Agent: selenium/4.0.0-alpha-4 (java mac)
host: localhost:25588
accept: */*

Response DefaultHttpResponse(decodeResult: success, version: HTTP/1.1)
HTTP/1.1 200 OK
Date: Fri, 19 Jun 2020 13:22:47 GMT
Accept-Ranges: bytes
Content-Type: application/json;charset=UTF-8
Content-Length: 74
Server: SafariDriver/1.0
Connection: keep-alive

14:22:47.773 [AsyncHttpClient-23-1] DEBUG org.asynchttpclient.netty.channel.ChannelManager - Adding key: http://localhost:25588 for channel [id: 0xb4c37af5, L:/127.0.0.1:55446 - R:localhost/127.0.0.1:25588]
14:22:47.795 [AsyncHttpClient-23-1] DEBUG org.asynchttpclient.netty.handler.HttpHandler - Channel Closed: [id: 0xb4c37af5, L:/127.0.0.1:55446 ! R:localhost/127.0.0.1:25588] with attribute DISCARD
14:22:48.134 [AsyncHttpClient-timer-34-1] DEBUG org.asynchttpclient.netty.channel.DefaultChannelPool - Entry count for : http://localhost:55471 : 1
14:22:48.134 [AsyncHttpClient-timer-34-1] DEBUG org.asynchttpclient.netty.channel.DefaultChannelPool - Adding Candidate expired Channel [id: 0xc824d9e9, L:/127.0.0.1:55483 ! R:localhost/127.0.0.1:55471] isIdleTimeoutExpired=false isRemotelyClosed=true isTtlExpired=false
14:22:48.134 [AsyncHttpClient-timer-34-1] DEBUG org.asynchttpclient.netty.channel.DefaultChannelPool - Closing Idle Channel [id: 0xc824d9e9, L:/127.0.0.1:55483 ! R:localhost/127.0.0.1:55471]
14:22:48.141 [AsyncHttpClient-timer-34-1] DEBUG org.asynchttpclient.netty.channel.DefaultChannelPool - Closed 1 connections out of 1 in 7 ms
14:22:48.168 [AsyncHttpClient-43-1] DEBUG org.asynchttpclient.netty.channel.NettyConnectListener - Using new Channel '[id: 0xbe944589, L:/127.0.0.1:55837 - R:localhost/127.0.0.1:2527]' for 'POST' to '/session'
14:22:48.275 [AsyncHttpClient-timer-26-1] DEBUG org.asynchttpclient.netty.channel.DefaultChannelPool - Entry count for : http://localhost:6492 : 1
14:22:48.276 [AsyncHttpClient-timer-26-1] DEBUG org.asynchttpclient.netty.channel.DefaultChannelPool - Adding Candidate expired Channel [id: 0x758e99da, L:/127.0.0.1:55460 ! R:localhost/127.0.0.1:6492] isIdleTimeoutExpired=false isRemotelyClosed=true isTtlExpired=false
14:22:48.276 [AsyncHttpClient-timer-26-1] DEBUG org.asynchttpclient.netty.channel.DefaultChannelPool - Closing Idle Channel [id: 0x758e99da, L:/127.0.0.1:55460 ! R:localhost/127.0.0.1:6492]
14:22:48.276 [AsyncHttpClient-timer-26-1] DEBUG org.asynchttpclient.netty.channel.DefaultChannelPool - Closed 1 connections out of 1 in 0 ms
14:22:48.353 [AsyncHttpClient-timer-38-1] DEBUG org.asynchttpclient.netty.channel.DefaultChannelPool - Entry count for : http://localhost:55474 : 1
14:22:48.353 [AsyncHttpClient-timer-38-1] DEBUG org.asynchttpclient.netty.channel.DefaultChannelPool - Adding Candidate expired Channel [id: 0xf3add623, L:/127.0.0.1:55491 ! R:localhost/127.0.0.1:55474] isIdleTimeoutExpired=false isRemotelyClosed=true isTtlExpired=false
14:22:48.353 [AsyncHttpClient-timer-38-1] DEBUG org.asynchttpclient.netty.channel.DefaultChannelPool - Closing Idle Channel [id: 0xf3add623, L:/127.0.0.1:55491 ! R:localhost/127.0.0.1:55474]
14:22:48.354 [AsyncHttpClient-timer-38-1] DEBUG org.asynchttpclient.netty.channel.DefaultChannelPool - Closed 1 connections out of 1 in 1 ms
14:22:48.521 [AsyncHttpClient-timer-30-1] DEBUG org.asynchttpclient.netty.channel.DefaultChannelPool - Entry count for : http://localhost:36070 : 1
14:22:48.521 [AsyncHttpClient-timer-30-1] DEBUG org.asynchttpclient.netty.channel.DefaultChannelPool - Adding Candidate expired Channel [id: 0xda48d11e, L:/127.0.0.1:55468 ! R:localhost/127.0.0.1:36070] isIdleTimeoutExpired=false isRemotelyClosed=true isTtlExpired=false
14:22:48.521 [AsyncHttpClient-timer-30-1] DEBUG org.asynchttpclient.netty.channel.DefaultChannelPool - Closing Idle Channel [id: 0xda48d11e, L:/127.0.0.1:55468 ! R:localhost/127.0.0.1:36070]
14:22:48.523 [AsyncHttpClient-timer-30-1] DEBUG org.asynchttpclient.netty.channel.DefaultChannelPool - Closed 1 connections out of 1 in 2 ms
14:22:48.735 [AsyncHttpClient-43-1] DEBUG org.asynchttpclient.netty.handler.HttpHandler - 

Request DefaultHttpRequest(decodeResult: success, version: HTTP/1.1)
POST /session HTTP/1.1
User-Agent: selenium/4.0.0-alpha-4 (java mac)
Content-Length: 230
Content-Type: application/json; charset=utf-8
host: localhost:2527
accept: */*

Response DefaultHttpResponse(decodeResult: success, version: HTTP/1.1)
HTTP/1.1 200 OK
Date: Fri, 19 Jun 2020 13:22:48 GMT
Accept-Ranges: bytes
Content-Type: application/json;charset=UTF-8
Content-Length: 401
Server: SafariDriver/1.0
Connection: keep-alive

14:22:48.735 [AsyncHttpClient-43-1] DEBUG org.asynchttpclient.netty.channel.ChannelManager - Adding key: http://localhost:2527 for channel [id: 0xbe944589, L:/127.0.0.1:55837 - R:localhost/127.0.0.1:2527]
safari
Test3Thread 15
14:22:48.741 [Forwarding get on session DF1A6557-7611-4C8C-AE5E-1C7B1DC3CEE1 to remote] DEBUG org.asynchttpclient.netty.request.NettyRequestSender - Using pooled Channel '[id: 0xbe944589, L:/127.0.0.1:55837 - R:localhost/127.0.0.1:2527]' for 'POST' to 'http://localhost:2527/session/DF1A6557-7611-4C8C-AE5E-1C7B1DC3CEE1/url'
14:22:48.741 [Forwarding get on session DF1A6557-7611-4C8C-AE5E-1C7B1DC3CEE1 to remote] DEBUG org.asynchttpclient.netty.request.NettyRequestSender - Using open Channel [id: 0xbe944589, L:/127.0.0.1:55837 - R:localhost/127.0.0.1:2527] for POST '/session/DF1A6557-7611-4C8C-AE5E-1C7B1DC3CEE1/url'
14:22:48.818 [AsyncHttpClient-timer-22-1] DEBUG org.asynchttpclient.netty.channel.DefaultChannelPool - Entry count for : http://localhost:25588 : 1
14:22:48.819 [AsyncHttpClient-timer-22-1] DEBUG org.asynchttpclient.netty.channel.DefaultChannelPool - Adding Candidate expired Channel [id: 0xb4c37af5, L:/127.0.0.1:55446 ! R:localhost/127.0.0.1:25588] isIdleTimeoutExpired=false isRemotelyClosed=true isTtlExpired=false
14:22:48.819 [AsyncHttpClient-timer-22-1] DEBUG org.asynchttpclient.netty.channel.DefaultChannelPool - Closing Idle Channel [id: 0xb4c37af5, L:/127.0.0.1:55446 ! R:localhost/127.0.0.1:25588]
14:22:48.819 [AsyncHttpClient-timer-22-1] DEBUG org.asynchttpclient.netty.channel.DefaultChannelPool - Closed 1 connections out of 1 in 0 ms
14:22:50.003 [TestNG-tests-2] DEBUG io.github.bonigarcia.wdm.WebDriverManager - Latest version of chromedriver according to https://chromedriver.storage.googleapis.com/LATEST_RELEASE is 83.0.4103.39
14:22:50.007 [TestNG-tests-2] DEBUG io.github.bonigarcia.wdm.WebDriverManager - Driver chromedriver 83.0.4103.39 found in cache
14:22:50.008 [TestNG-tests-2] INFO io.github.bonigarcia.wdm.WebDriverManager - Exporting webdriver.chrome.driver as /Users/slava/.m2/repository/webdriver/chromedriver/mac64/83.0.4103.39/chromedriver
14:22:50.021 [TestNG-tests-1] DEBUG io.github.bonigarcia.wdm.Shell - Running command on the shell: [/Applications/Chromium.app/Contents/MacOS/Chromium, --version]
14:22:50.027 [TestNG-tests-1] DEBUG io.github.bonigarcia.wdm.Shell - There was a problem executing command </Applications/Chromium.app/Contents/MacOS/Chromium --version> on the shell: Cannot run program "/Applications/Chromium.app/Contents/MacOS/Chromium" (in directory "."): error=2, No such file or directory
14:22:50.027 [TestNG-tests-1] DEBUG io.github.bonigarcia.wdm.Shell - Result: 
14:22:50.027 [TestNG-tests-1] DEBUG io.github.bonigarcia.wdm.WebDriverManager - The proper chromedriver version for your Chromium is unknown ... trying with the latest
14:22:50.061 [AsyncHttpClient-47-1] DEBUG org.asynchttpclient.netty.channel.NettyConnectListener - Using new Channel '[id: 0x32a98b38, L:/127.0.0.1:55846 - R:localhost/127.0.0.1:9769]' for 'POST' to '/session'
14:22:50.413 [TestNG-tests-1] DEBUG io.github.bonigarcia.wdm.WebDriverManager - Latest version of chromedriver according to https://chromedriver.storage.googleapis.com/LATEST_RELEASE is 83.0.4103.39
14:22:50.420 [TestNG-tests-1] DEBUG io.github.bonigarcia.wdm.WebDriverManager - Driver chromedriver 83.0.4103.39 found in cache
14:22:50.420 [TestNG-tests-1] INFO io.github.bonigarcia.wdm.WebDriverManager - Exporting webdriver.chrome.driver as /Users/slava/.m2/repository/webdriver/chromedriver/mac64/83.0.4103.39/chromedriver
14:22:50.654 [AsyncHttpClient-51-1] DEBUG org.asynchttpclient.netty.channel.NettyConnectListener - Using new Channel '[id: 0x76b31ac0, L:/127.0.0.1:55856 - R:localhost/127.0.0.1:16240]' for 'POST' to '/session'
14:22:52.013 [AsyncHttpClient-47-1] DEBUG org.asynchttpclient.netty.handler.HttpHandler - 

Request DefaultHttpRequest(decodeResult: success, version: HTTP/1.1)
POST /session HTTP/1.1
User-Agent: selenium/4.0.0-alpha-4 (java mac)
Content-Length: 425
Content-Type: application/json; charset=utf-8
host: localhost:9769
accept: */*

Response DefaultHttpResponse(decodeResult: success, version: HTTP/1.1)
HTTP/1.1 200 OK
Content-Length: 727
Content-Type: application/json; charset=utf-8
cache-control: no-cache

14:22:52.014 [AsyncHttpClient-47-1] DEBUG org.asynchttpclient.netty.channel.ChannelManager - Adding key: http://localhost:9769 for channel [id: 0x32a98b38, L:/127.0.0.1:55846 - R:localhost/127.0.0.1:9769]
14:22:52.039 [AsyncHttpClient-55-1] DEBUG org.asynchttpclient.netty.channel.NettyConnectListener - Using new Channel '[id: 0xcc82c12e, L:/127.0.0.1:55894 - R:localhost/127.0.0.1:55848]' for 'GET' to '/json/version'
14:22:52.040 [AsyncHttpClient-55-1] DEBUG org.asynchttpclient.netty.handler.HttpHandler - 

Request DefaultFullHttpRequest(decodeResult: success, version: HTTP/1.1, content: EmptyByteBufBE)
GET /json/version HTTP/1.1
User-Agent: selenium/4.0.0-alpha-4 (java mac)
host: localhost:55848
accept: */*

Response DefaultHttpResponse(decodeResult: success, version: HTTP/1.1)
HTTP/1.1 200 OK
Content-Length: 424
Content-Type: application/json; charset=UTF-8

14:22:52.041 [AsyncHttpClient-55-1] DEBUG org.asynchttpclient.netty.channel.ChannelManager - Adding key: http://localhost:55848 for channel [id: 0xcc82c12e, L:/127.0.0.1:55894 - R:localhost/127.0.0.1:55848]
14:22:52.071 [AsyncHttpClient-57-1] DEBUG org.asynchttpclient.netty.channel.NettyConnectListener - Using new Channel '[id: 0x2dc3d886, L:/127.0.0.1:55895 - R:localhost/127.0.0.1:55848]' for 'GET' to '/devtools/browser/692169ba-febe-4783-8519-0332007118ab'
14:22:52.074 [AsyncHttpClient-57-1] DEBUG org.asynchttpclient.netty.handler.WebSocketHandler - 

Request DefaultFullHttpRequest(decodeResult: success, version: HTTP/1.1, content: EmptyByteBufBE)
GET /devtools/browser/692169ba-febe-4783-8519-0332007118ab HTTP/1.1
upgrade: websocket
connection: upgrade
sec-websocket-key: Z7NNIPUko+DI0w5KM82t/Q==
sec-websocket-version: 13
origin: http://localhost:55848
host: localhost:55848
accept: */*
user-agent: AHC/2.1

Response DefaultHttpResponse(decodeResult: success, version: HTTP/1.1)
HTTP/1.1 101 WebSocket Protocol Handshake
Upgrade: WebSocket
Connection: Upgrade
Sec-WebSocket-Accept: orBnCPnVS/o1/qYcvfdRjfq+9vc=

chrome
Test3Thread 14
14:22:52.077 [Forwarding get on session e6214735e42b8df279fd3be54a0c65eb to remote] DEBUG org.asynchttpclient.netty.request.NettyRequestSender - Using pooled Channel '[id: 0x32a98b38, L:/127.0.0.1:55846 - R:localhost/127.0.0.1:9769]' for 'POST' to 'http://localhost:9769/session/e6214735e42b8df279fd3be54a0c65eb/url'
14:22:52.077 [Forwarding get on session e6214735e42b8df279fd3be54a0c65eb to remote] DEBUG org.asynchttpclient.netty.request.NettyRequestSender - Using open Channel [id: 0x32a98b38, L:/127.0.0.1:55846 - R:localhost/127.0.0.1:9769] for POST '/session/e6214735e42b8df279fd3be54a0c65eb/url'
14:22:52.689 [AsyncHttpClient-51-1] DEBUG org.asynchttpclient.netty.handler.HttpHandler - 

Request DefaultHttpRequest(decodeResult: success, version: HTTP/1.1)
POST /session HTTP/1.1
User-Agent: selenium/4.0.0-alpha-4 (java mac)
Content-Length: 425
Content-Type: application/json; charset=utf-8
host: localhost:16240
accept: */*

Response DefaultHttpResponse(decodeResult: success, version: HTTP/1.1)
HTTP/1.1 200 OK
Content-Length: 727
Content-Type: application/json; charset=utf-8
cache-control: no-cache

14:22:52.689 [AsyncHttpClient-51-1] DEBUG org.asynchttpclient.netty.channel.ChannelManager - Adding key: http://localhost:16240 for channel [id: 0x76b31ac0, L:/127.0.0.1:55856 - R:localhost/127.0.0.1:16240]
14:22:52.715 [AsyncHttpClient-59-1] DEBUG org.asynchttpclient.netty.channel.NettyConnectListener - Using new Channel '[id: 0xbde03b61, L:/127.0.0.1:55902 - R:localhost/127.0.0.1:55859]' for 'GET' to '/json/version'
14:22:52.717 [AsyncHttpClient-59-1] DEBUG org.asynchttpclient.netty.handler.HttpHandler - 

Request DefaultFullHttpRequest(decodeResult: success, version: HTTP/1.1, content: EmptyByteBufBE)
GET /json/version HTTP/1.1
User-Agent: selenium/4.0.0-alpha-4 (java mac)
host: localhost:55859
accept: */*

Response DefaultHttpResponse(decodeResult: success, version: HTTP/1.1)
HTTP/1.1 200 OK
Content-Length: 424
Content-Type: application/json; charset=UTF-8

14:22:52.718 [AsyncHttpClient-59-1] DEBUG org.asynchttpclient.netty.channel.ChannelManager - Adding key: http://localhost:55859 for channel [id: 0xbde03b61, L:/127.0.0.1:55902 - R:localhost/127.0.0.1:55859]
14:22:52.746 [AsyncHttpClient-61-1] DEBUG org.asynchttpclient.netty.channel.NettyConnectListener - Using new Channel '[id: 0x63c054e2, L:/127.0.0.1:55903 - R:localhost/127.0.0.1:55859]' for 'GET' to '/devtools/browser/1edc9f96-2739-4cd4-8100-b43695985148'
14:22:52.748 [AsyncHttpClient-61-1] DEBUG org.asynchttpclient.netty.handler.WebSocketHandler - 

Request DefaultFullHttpRequest(decodeResult: success, version: HTTP/1.1, content: EmptyByteBufBE)
GET /devtools/browser/1edc9f96-2739-4cd4-8100-b43695985148 HTTP/1.1
upgrade: websocket
connection: upgrade
sec-websocket-key: wUvgWoibiQqdiWNO91t8/g==
sec-websocket-version: 13
origin: http://localhost:55859
host: localhost:55859
accept: */*
user-agent: AHC/2.1

Response DefaultHttpResponse(decodeResult: success, version: HTTP/1.1)
HTTP/1.1 101 WebSocket Protocol Handshake
Upgrade: WebSocket
Connection: Upgrade
Sec-WebSocket-Accept: J6JBBi274UUDpIu1tWXxP7LtcIg=

chrome
Test3Thread 13
14:22:52.752 [Forwarding get on session ebd18404382ecc86f16020ea018da02f to remote] DEBUG org.asynchttpclient.netty.request.NettyRequestSender - Using pooled Channel '[id: 0x76b31ac0, L:/127.0.0.1:55856 - R:localhost/127.0.0.1:16240]' for 'POST' to 'http://localhost:16240/session/ebd18404382ecc86f16020ea018da02f/url'
14:22:52.752 [Forwarding get on session ebd18404382ecc86f16020ea018da02f to remote] DEBUG org.asynchttpclient.netty.request.NettyRequestSender - Using open Channel [id: 0x76b31ac0, L:/127.0.0.1:55856 - R:localhost/127.0.0.1:16240] for POST '/session/ebd18404382ecc86f16020ea018da02f/url'
14:22:53.123 [AsyncHttpClient-timer-54-1] DEBUG org.asynchttpclient.netty.channel.DefaultChannelPool - Entry count for : http://localhost:55848 : 1
14:22:53.799 [AsyncHttpClient-timer-58-1] DEBUG org.asynchttpclient.netty.channel.DefaultChannelPool - Entry count for : http://localhost:55859 : 1
14:22:54.224 [AsyncHttpClient-timer-54-1] DEBUG org.asynchttpclient.netty.channel.DefaultChannelPool - Entry count for : http://localhost:55848 : 1
14:22:54.683 [AsyncHttpClient-43-1] DEBUG org.asynchttpclient.netty.handler.HttpHandler - 

Request DefaultHttpRequest(decodeResult: success, version: HTTP/1.1)
POST /session/DF1A6557-7611-4C8C-AE5E-1C7B1DC3CEE1/url HTTP/1.1
User-Agent: selenium/4.0.0-alpha-4 (java mac)
Content-Length: 41
Content-Type: application/json; charset=utf-8
host: localhost:2527
accept: */*

Response DefaultHttpResponse(decodeResult: success, version: HTTP/1.1)
HTTP/1.1 200 OK
Date: Fri, 19 Jun 2020 13:22:54 GMT
Accept-Ranges: bytes
Content-Type: application/json;charset=UTF-8
Content-Length: 74
Server: SafariDriver/1.0
Connection: keep-alive

14:22:54.683 [AsyncHttpClient-43-1] DEBUG org.asynchttpclient.netty.channel.ChannelManager - Adding key: http://localhost:2527 for channel [id: 0xbe944589, L:/127.0.0.1:55837 - R:localhost/127.0.0.1:2527]
14:22:54.687 [Forwarding findElement on session DF1A6557-7611-4C8C-AE5E-1C7B1DC3CEE1 to remote] DEBUG org.asynchttpclient.netty.request.NettyRequestSender - Using pooled Channel '[id: 0xbe944589, L:/127.0.0.1:55837 - R:localhost/127.0.0.1:2527]' for 'POST' to 'http://localhost:2527/session/DF1A6557-7611-4C8C-AE5E-1C7B1DC3CEE1/element'
14:22:54.688 [Forwarding findElement on session DF1A6557-7611-4C8C-AE5E-1C7B1DC3CEE1 to remote] DEBUG org.asynchttpclient.netty.request.NettyRequestSender - Using open Channel [id: 0xbe944589, L:/127.0.0.1:55837 - R:localhost/127.0.0.1:2527] for POST '/session/DF1A6557-7611-4C8C-AE5E-1C7B1DC3CEE1/element'
14:22:54.713 [AsyncHttpClient-43-1] DEBUG org.asynchttpclient.netty.handler.HttpHandler - 

Request DefaultHttpRequest(decodeResult: success, version: HTTP/1.1)
POST /session/DF1A6557-7611-4C8C-AE5E-1C7B1DC3CEE1/element HTTP/1.1
User-Agent: selenium/4.0.0-alpha-4 (java mac)
Content-Length: 38
Content-Type: application/json; charset=utf-8
host: localhost:2527
accept: */*

Response DefaultHttpResponse(decodeResult: success, version: HTTP/1.1)
HTTP/1.1 200 OK
Date: Fri, 19 Jun 2020 13:22:54 GMT
Accept-Ranges: bytes
Content-Type: application/json;charset=UTF-8
Content-Length: 127
Server: SafariDriver/1.0
Connection: keep-alive

14:22:54.721 [AsyncHttpClient-43-1] DEBUG org.asynchttpclient.netty.channel.ChannelManager - Adding key: http://localhost:2527 for channel [id: 0xbe944589, L:/127.0.0.1:55837 - R:localhost/127.0.0.1:2527]
14:22:54.727 [Forwarding sendKeysToElement on session DF1A6557-7611-4C8C-AE5E-1C7B1DC3CEE1 to remote] DEBUG org.asynchttpclient.netty.request.NettyRequestSender - Using pooled Channel '[id: 0xbe944589, L:/127.0.0.1:55837 - R:localhost/127.0.0.1:2527]' for 'POST' to 'http://localhost:2527/session/DF1A6557-7611-4C8C-AE5E-1C7B1DC3CEE1/element/node-CC33DE70-375E-48E1-8C01-83134FC5E137/value'
14:22:54.727 [Forwarding sendKeysToElement on session DF1A6557-7611-4C8C-AE5E-1C7B1DC3CEE1 to remote] DEBUG org.asynchttpclient.netty.request.NettyRequestSender - Using open Channel [id: 0xbe944589, L:/127.0.0.1:55837 - R:localhost/127.0.0.1:2527] for POST '/session/DF1A6557-7611-4C8C-AE5E-1C7B1DC3CEE1/element/node-CC33DE70-375E-48E1-8C01-83134FC5E137/value'
14:22:54.895 [AsyncHttpClient-timer-58-1] DEBUG org.asynchttpclient.netty.channel.DefaultChannelPool - Entry count for : http://localhost:55859 : 1
14:22:54.899 [AsyncHttpClient-43-1] DEBUG org.asynchttpclient.netty.handler.HttpHandler - 

Request DefaultHttpRequest(decodeResult: success, version: HTTP/1.1)
POST /session/DF1A6557-7611-4C8C-AE5E-1C7B1DC3CEE1/element/node-CC33DE70-375E-48E1-8C01-83134FC5E137/value HTTP/1.1
User-Agent: selenium/4.0.0-alpha-4 (java mac)
Content-Length: 82
Content-Type: application/json; charset=utf-8
host: localhost:2527
accept: */*

Response DefaultHttpResponse(decodeResult: success, version: HTTP/1.1)
HTTP/1.1 200 OK
Date: Fri, 19 Jun 2020 13:22:54 GMT
Accept-Ranges: bytes
Content-Type: application/json;charset=UTF-8
Content-Length: 74
Server: SafariDriver/1.0
Connection: keep-alive

14:22:54.899 [AsyncHttpClient-43-1] DEBUG org.asynchttpclient.netty.channel.ChannelManager - Adding key: http://localhost:2527 for channel [id: 0xbe944589, L:/127.0.0.1:55837 - R:localhost/127.0.0.1:2527]
14:22:55.321 [AsyncHttpClient-timer-54-1] DEBUG org.asynchttpclient.netty.channel.DefaultChannelPool - Entry count for : http://localhost:55848 : 1
14:22:55.538 [AsyncHttpClient-timer-42-1] DEBUG org.asynchttpclient.netty.channel.DefaultChannelPool - Entry count for : http://localhost:2527 : 1
14:22:55.996 [AsyncHttpClient-timer-58-1] DEBUG org.asynchttpclient.netty.channel.DefaultChannelPool - Entry count for : http://localhost:55859 : 1
14:22:56.432 [AsyncHttpClient-timer-54-1] DEBUG org.asynchttpclient.netty.channel.DefaultChannelPool - Entry count for : http://localhost:55848 : 1
14:22:56.639 [AsyncHttpClient-timer-42-1] DEBUG org.asynchttpclient.netty.channel.DefaultChannelPool - Entry count for : http://localhost:2527 : 1
14:22:57.097 [AsyncHttpClient-timer-58-1] DEBUG org.asynchttpclient.netty.channel.DefaultChannelPool - Entry count for : http://localhost:55859 : 1
14:22:57.522 [AsyncHttpClient-timer-54-1] DEBUG org.asynchttpclient.netty.channel.DefaultChannelPool - Entry count for : http://localhost:55848 : 1
14:22:57.743 [AsyncHttpClient-timer-42-1] DEBUG org.asynchttpclient.netty.channel.DefaultChannelPool - Entry count for : http://localhost:2527 : 1
]]></system-out>
    <system-err><![CDATA[Jun 19, 2020 2:22:48 P.M. org.openqa.selenium.remote.ProtocolHandshake createSession
INFO: Detected dialect: OSS
Starting ChromeDriver 83.0.4103.39 (ccbf011cb2d2b19b506d844400483861342c20cd-refs/branch-heads/4103@{#416}) on port 9769
Only local connections are allowed.
Please see https://chromedriver.chromium.org/security-considerations for suggestions on keeping ChromeDriver safe.
ChromeDriver was started successfully.
Starting ChromeDriver 83.0.4103.39 (ccbf011cb2d2b19b506d844400483861342c20cd-refs/branch-heads/4103@{#416}) on port 16240
Only local connections are allowed.
Please see https://chromedriver.chromium.org/security-considerations for suggestions on keeping ChromeDriver safe.
ChromeDriver was started successfully.
Jun 19, 2020 2:22:52 P.M. org.openqa.selenium.remote.ProtocolHandshake createSession
INFO: Detected dialect: W3C
Jun 19, 2020 2:22:52 P.M. org.openqa.selenium.remote.ProtocolHandshake createSession
INFO: Detected dialect: W3C
]]></system-err>
  </testcase>
  <testcase name="paralelTest3[chrome](1)" classname="parallel.TestParallelNG" time="1.695">
    <system-out><![CDATA[14:22:57.905 [Forwarding quit on session DF1A6557-7611-4C8C-AE5E-1C7B1DC3CEE1 to remote] DEBUG org.asynchttpclient.netty.request.NettyRequestSender - Using pooled Channel '[id: 0xbe944589, L:/127.0.0.1:55837 - R:localhost/127.0.0.1:2527]' for 'DELETE' to 'http://localhost:2527/session/DF1A6557-7611-4C8C-AE5E-1C7B1DC3CEE1'
14:22:57.906 [Forwarding quit on session DF1A6557-7611-4C8C-AE5E-1C7B1DC3CEE1 to remote] DEBUG org.asynchttpclient.netty.request.NettyRequestSender - Using open Channel [id: 0xbe944589, L:/127.0.0.1:55837 - R:localhost/127.0.0.1:2527] for DELETE '/session/DF1A6557-7611-4C8C-AE5E-1C7B1DC3CEE1'
14:22:58.199 [AsyncHttpClient-timer-58-1] DEBUG org.asynchttpclient.netty.channel.DefaultChannelPool - Entry count for : http://localhost:55859 : 1
14:22:58.226 [AsyncHttpClient-43-1] DEBUG org.asynchttpclient.netty.handler.HttpHandler - 

Request DefaultFullHttpRequest(decodeResult: success, version: HTTP/1.1, content: EmptyByteBufBE)
DELETE /session/DF1A6557-7611-4C8C-AE5E-1C7B1DC3CEE1 HTTP/1.1
User-Agent: selenium/4.0.0-alpha-4 (java mac)
host: localhost:2527
accept: */*

Response DefaultHttpResponse(decodeResult: success, version: HTTP/1.1)
HTTP/1.1 200 OK
Date: Fri, 19 Jun 2020 13:22:58 GMT
Accept-Ranges: bytes
Content-Type: application/json;charset=UTF-8
Content-Length: 74
Server: SafariDriver/1.0
Connection: keep-alive

14:22:58.227 [AsyncHttpClient-43-1] DEBUG org.asynchttpclient.netty.channel.ChannelManager - Adding key: http://localhost:2527 for channel [id: 0xbe944589, L:/127.0.0.1:55837 - R:localhost/127.0.0.1:2527]
14:22:58.622 [AsyncHttpClient-timer-54-1] DEBUG org.asynchttpclient.netty.channel.DefaultChannelPool - Entry count for : http://localhost:55848 : 1
14:22:58.666 [AsyncHttpClient-47-1] DEBUG org.asynchttpclient.netty.handler.HttpHandler - 

Request DefaultHttpRequest(decodeResult: success, version: HTTP/1.1)
POST /session/e6214735e42b8df279fd3be54a0c65eb/url HTTP/1.1
User-Agent: selenium/4.0.0-alpha-4 (java mac)
Content-Length: 41
Content-Type: application/json; charset=utf-8
host: localhost:9769
accept: */*

Response DefaultHttpResponse(decodeResult: success, version: HTTP/1.1)
HTTP/1.1 200 OK
Content-Length: 14
Content-Type: application/json; charset=utf-8
cache-control: no-cache

14:22:58.666 [AsyncHttpClient-47-1] DEBUG org.asynchttpclient.netty.channel.ChannelManager - Adding key: http://localhost:9769 for channel [id: 0x32a98b38, L:/127.0.0.1:55846 - R:localhost/127.0.0.1:9769]
14:22:58.670 [Forwarding findElement on session e6214735e42b8df279fd3be54a0c65eb to remote] DEBUG org.asynchttpclient.netty.request.NettyRequestSender - Using pooled Channel '[id: 0x32a98b38, L:/127.0.0.1:55846 - R:localhost/127.0.0.1:9769]' for 'POST' to 'http://localhost:9769/session/e6214735e42b8df279fd3be54a0c65eb/element'
14:22:58.670 [Forwarding findElement on session e6214735e42b8df279fd3be54a0c65eb to remote] DEBUG org.asynchttpclient.netty.request.NettyRequestSender - Using open Channel [id: 0x32a98b38, L:/127.0.0.1:55846 - R:localhost/127.0.0.1:9769] for POST '/session/e6214735e42b8df279fd3be54a0c65eb/element'
14:22:58.714 [AsyncHttpClient-47-1] DEBUG org.asynchttpclient.netty.handler.HttpHandler - 

Request DefaultHttpRequest(decodeResult: success, version: HTTP/1.1)
POST /session/e6214735e42b8df279fd3be54a0c65eb/element HTTP/1.1
User-Agent: selenium/4.0.0-alpha-4 (java mac)
Content-Length: 49
Content-Type: application/json; charset=utf-8
host: localhost:9769
accept: */*

Response DefaultHttpResponse(decodeResult: success, version: HTTP/1.1)
HTTP/1.1 200 OK
Content-Length: 88
Content-Type: application/json; charset=utf-8
cache-control: no-cache

14:22:58.715 [AsyncHttpClient-47-1] DEBUG org.asynchttpclient.netty.channel.ChannelManager - Adding key: http://localhost:9769 for channel [id: 0x32a98b38, L:/127.0.0.1:55846 - R:localhost/127.0.0.1:9769]
14:22:58.719 [Forwarding sendKeysToElement on session e6214735e42b8df279fd3be54a0c65eb to remote] DEBUG org.asynchttpclient.netty.request.NettyRequestSender - Using pooled Channel '[id: 0x32a98b38, L:/127.0.0.1:55846 - R:localhost/127.0.0.1:9769]' for 'POST' to 'http://localhost:9769/session/e6214735e42b8df279fd3be54a0c65eb/element/298b61c4-e072-4434-9438-31b3b7c94614/value'
14:22:58.719 [Forwarding sendKeysToElement on session e6214735e42b8df279fd3be54a0c65eb to remote] DEBUG org.asynchttpclient.netty.request.NettyRequestSender - Using open Channel [id: 0x32a98b38, L:/127.0.0.1:55846 - R:localhost/127.0.0.1:9769] for POST '/session/e6214735e42b8df279fd3be54a0c65eb/element/298b61c4-e072-4434-9438-31b3b7c94614/value'
14:22:58.763 [AsyncHttpClient-51-1] DEBUG org.asynchttpclient.netty.handler.HttpHandler - 

Request DefaultHttpRequest(decodeResult: success, version: HTTP/1.1)
POST /session/ebd18404382ecc86f16020ea018da02f/url HTTP/1.1
User-Agent: selenium/4.0.0-alpha-4 (java mac)
Content-Length: 41
Content-Type: application/json; charset=utf-8
host: localhost:16240
accept: */*

Response DefaultHttpResponse(decodeResult: success, version: HTTP/1.1)
HTTP/1.1 200 OK
Content-Length: 14
Content-Type: application/json; charset=utf-8
cache-control: no-cache

14:22:58.764 [AsyncHttpClient-51-1] DEBUG org.asynchttpclient.netty.channel.ChannelManager - Adding key: http://localhost:16240 for channel [id: 0x76b31ac0, L:/127.0.0.1:55856 - R:localhost/127.0.0.1:16240]
14:22:58.768 [Forwarding findElement on session ebd18404382ecc86f16020ea018da02f to remote] DEBUG org.asynchttpclient.netty.request.NettyRequestSender - Using pooled Channel '[id: 0x76b31ac0, L:/127.0.0.1:55856 - R:localhost/127.0.0.1:16240]' for 'POST' to 'http://localhost:16240/session/ebd18404382ecc86f16020ea018da02f/element'
14:22:58.768 [Forwarding findElement on session ebd18404382ecc86f16020ea018da02f to remote] DEBUG org.asynchttpclient.netty.request.NettyRequestSender - Using open Channel [id: 0x76b31ac0, L:/127.0.0.1:55856 - R:localhost/127.0.0.1:16240] for POST '/session/ebd18404382ecc86f16020ea018da02f/element'
14:22:58.801 [AsyncHttpClient-51-1] DEBUG org.asynchttpclient.netty.handler.HttpHandler - 

Request DefaultHttpRequest(decodeResult: success, version: HTTP/1.1)
POST /session/ebd18404382ecc86f16020ea018da02f/element HTTP/1.1
User-Agent: selenium/4.0.0-alpha-4 (java mac)
Content-Length: 49
Content-Type: application/json; charset=utf-8
host: localhost:16240
accept: */*

Response DefaultHttpResponse(decodeResult: success, version: HTTP/1.1)
HTTP/1.1 200 OK
Content-Length: 88
Content-Type: application/json; charset=utf-8
cache-control: no-cache

14:22:58.802 [AsyncHttpClient-51-1] DEBUG org.asynchttpclient.netty.channel.ChannelManager - Adding key: http://localhost:16240 for channel [id: 0x76b31ac0, L:/127.0.0.1:55856 - R:localhost/127.0.0.1:16240]
14:22:58.805 [Forwarding sendKeysToElement on session ebd18404382ecc86f16020ea018da02f to remote] DEBUG org.asynchttpclient.netty.request.NettyRequestSender - Using pooled Channel '[id: 0x76b31ac0, L:/127.0.0.1:55856 - R:localhost/127.0.0.1:16240]' for 'POST' to 'http://localhost:16240/session/ebd18404382ecc86f16020ea018da02f/element/44d990d7-debf-4dd0-b6e4-0b3763dbb60c/value'
14:22:58.805 [Forwarding sendKeysToElement on session ebd18404382ecc86f16020ea018da02f to remote] DEBUG org.asynchttpclient.netty.request.NettyRequestSender - Using open Channel [id: 0x76b31ac0, L:/127.0.0.1:55856 - R:localhost/127.0.0.1:16240] for POST '/session/ebd18404382ecc86f16020ea018da02f/element/44d990d7-debf-4dd0-b6e4-0b3763dbb60c/value'
14:22:58.823 [AsyncHttpClient-43-1] DEBUG org.asynchttpclient.netty.handler.HttpHandler - Channel Closed: [id: 0xbe944589, L:/127.0.0.1:55837 ! R:localhost/127.0.0.1:2527] with attribute DISCARD
14:22:58.842 [AsyncHttpClient-timer-42-1] DEBUG org.asynchttpclient.netty.channel.DefaultChannelPool - Entry count for : http://localhost:2527 : 1
14:22:58.842 [AsyncHttpClient-timer-42-1] DEBUG org.asynchttpclient.netty.channel.DefaultChannelPool - Adding Candidate expired Channel [id: 0xbe944589, L:/127.0.0.1:55837 ! R:localhost/127.0.0.1:2527] isIdleTimeoutExpired=false isRemotelyClosed=true isTtlExpired=false
14:22:58.842 [AsyncHttpClient-timer-42-1] DEBUG org.asynchttpclient.netty.channel.DefaultChannelPool - Closing Idle Channel [id: 0xbe944589, L:/127.0.0.1:55837 ! R:localhost/127.0.0.1:2527]
14:22:58.842 [AsyncHttpClient-timer-42-1] DEBUG org.asynchttpclient.netty.channel.DefaultChannelPool - Closed 1 connections out of 1 in 0 ms
14:22:58.950 [AsyncHttpClient-47-1] DEBUG org.asynchttpclient.netty.handler.HttpHandler - 

Request DefaultHttpRequest(decodeResult: success, version: HTTP/1.1)
POST /session/e6214735e42b8df279fd3be54a0c65eb/element/298b61c4-e072-4434-9438-31b3b7c94614/value HTTP/1.1
User-Agent: selenium/4.0.0-alpha-4 (java mac)
Content-Length: 101
Content-Type: application/json; charset=utf-8
host: localhost:9769
accept: */*

Response DefaultHttpResponse(decodeResult: success, version: HTTP/1.1)
HTTP/1.1 200 OK
Content-Length: 14
Content-Type: application/json; charset=utf-8
cache-control: no-cache

14:22:58.950 [AsyncHttpClient-47-1] DEBUG org.asynchttpclient.netty.channel.ChannelManager - Adding key: http://localhost:9769 for channel [id: 0x32a98b38, L:/127.0.0.1:55846 - R:localhost/127.0.0.1:9769]
14:22:59.099 [AsyncHttpClient-51-1] DEBUG org.asynchttpclient.netty.handler.HttpHandler - 

Request DefaultHttpRequest(decodeResult: success, version: HTTP/1.1)
POST /session/ebd18404382ecc86f16020ea018da02f/element/44d990d7-debf-4dd0-b6e4-0b3763dbb60c/value HTTP/1.1
User-Agent: selenium/4.0.0-alpha-4 (java mac)
Content-Length: 101
Content-Type: application/json; charset=utf-8
host: localhost:16240
accept: */*

Response DefaultHttpResponse(decodeResult: success, version: HTTP/1.1)
HTTP/1.1 200 OK
Content-Length: 14
Content-Type: application/json; charset=utf-8
cache-control: no-cache

14:22:59.099 [AsyncHttpClient-51-1] DEBUG org.asynchttpclient.netty.channel.ChannelManager - Adding key: http://localhost:16240 for channel [id: 0x76b31ac0, L:/127.0.0.1:55856 - R:localhost/127.0.0.1:16240]
14:22:59.224 [AsyncHttpClient-timer-50-1] DEBUG org.asynchttpclient.netty.channel.DefaultChannelPool - Entry count for : http://localhost:16240 : 1
14:22:59.277 [AsyncHttpClient-63-1] DEBUG org.asynchttpclient.netty.channel.NettyConnectListener - Using new Channel '[id: 0x513bff0c, L:/127.0.0.1:56268 - R:localhost/127.0.0.1:17639]' for 'POST' to '/session'
14:22:59.302 [AsyncHttpClient-timer-58-1] DEBUG org.asynchttpclient.netty.channel.DefaultChannelPool - Entry count for : http://localhost:55859 : 1
14:22:59.724 [AsyncHttpClient-timer-54-1] DEBUG org.asynchttpclient.netty.channel.DefaultChannelPool - Entry count for : http://localhost:55848 : 1
14:22:59.915 [AsyncHttpClient-timer-46-1] DEBUG org.asynchttpclient.netty.channel.DefaultChannelPool - Entry count for : http://localhost:9769 : 1
14:23:00.151 [AsyncHttpClient-63-1] DEBUG org.asynchttpclient.netty.handler.HttpHandler - 

Request DefaultHttpRequest(decodeResult: success, version: HTTP/1.1)
POST /session HTTP/1.1
User-Agent: selenium/4.0.0-alpha-4 (java mac)
Content-Length: 230
Content-Type: application/json; charset=utf-8
host: localhost:17639
accept: */*

Response DefaultHttpResponse(decodeResult: success, version: HTTP/1.1)
HTTP/1.1 200 OK
Date: Fri, 19 Jun 2020 13:23:00 GMT
Accept-Ranges: bytes
Content-Type: application/json;charset=UTF-8
Content-Length: 401
Server: SafariDriver/1.0
Connection: keep-alive

14:23:00.152 [AsyncHttpClient-63-1] DEBUG org.asynchttpclient.netty.channel.ChannelManager - Adding key: http://localhost:17639 for channel [id: 0x513bff0c, L:/127.0.0.1:56268 - R:localhost/127.0.0.1:17639]
safari
Test4Thread 15
14:23:00.158 [Forwarding get on session E389E9F3-E501-4CDD-934D-68BC70D1578D to remote] DEBUG org.asynchttpclient.netty.request.NettyRequestSender - Using pooled Channel '[id: 0x513bff0c, L:/127.0.0.1:56268 - R:localhost/127.0.0.1:17639]' for 'POST' to 'http://localhost:17639/session/E389E9F3-E501-4CDD-934D-68BC70D1578D/url'
14:23:00.159 [Forwarding get on session E389E9F3-E501-4CDD-934D-68BC70D1578D to remote] DEBUG org.asynchttpclient.netty.request.NettyRequestSender - Using open Channel [id: 0x513bff0c, L:/127.0.0.1:56268 - R:localhost/127.0.0.1:17639] for POST '/session/E389E9F3-E501-4CDD-934D-68BC70D1578D/url'
14:23:00.326 [AsyncHttpClient-timer-50-1] DEBUG org.asynchttpclient.netty.channel.DefaultChannelPool - Entry count for : http://localhost:16240 : 1
14:23:00.397 [AsyncHttpClient-timer-58-1] DEBUG org.asynchttpclient.netty.channel.DefaultChannelPool - Entry count for : http://localhost:55859 : 1
14:23:00.823 [AsyncHttpClient-timer-54-1] DEBUG org.asynchttpclient.netty.channel.DefaultChannelPool - Entry count for : http://localhost:55848 : 1
14:23:01.011 [AsyncHttpClient-timer-46-1] DEBUG org.asynchttpclient.netty.channel.DefaultChannelPool - Entry count for : http://localhost:9769 : 1
14:23:01.427 [AsyncHttpClient-timer-50-1] DEBUG org.asynchttpclient.netty.channel.DefaultChannelPool - Entry count for : http://localhost:16240 : 1
14:23:01.499 [AsyncHttpClient-timer-58-1] DEBUG org.asynchttpclient.netty.channel.DefaultChannelPool - Entry count for : http://localhost:55859 : 1
14:23:01.922 [AsyncHttpClient-timer-54-1] DEBUG org.asynchttpclient.netty.channel.DefaultChannelPool - Entry count for : http://localhost:55848 : 1
]]></system-out>
    <system-err><![CDATA[Jun 19, 2020 2:23:00 P.M. org.openqa.selenium.remote.ProtocolHandshake createSession
INFO: Detected dialect: OSS
]]></system-err>
  </testcase>
  <testcase name="paralelTest3[chrome](1)" classname="parallel.TestParallelNG" time="1.843">
    <system-out><![CDATA[14:23:01.957 [Forwarding quit on session e6214735e42b8df279fd3be54a0c65eb to remote] DEBUG org.asynchttpclient.netty.request.NettyRequestSender - Using pooled Channel '[id: 0x32a98b38, L:/127.0.0.1:55846 - R:localhost/127.0.0.1:9769]' for 'DELETE' to 'http://localhost:9769/session/e6214735e42b8df279fd3be54a0c65eb'
14:23:01.957 [Forwarding quit on session e6214735e42b8df279fd3be54a0c65eb to remote] DEBUG org.asynchttpclient.netty.request.NettyRequestSender - Using open Channel [id: 0x32a98b38, L:/127.0.0.1:55846 - R:localhost/127.0.0.1:9769] for DELETE '/session/e6214735e42b8df279fd3be54a0c65eb'
14:23:01.976 [AsyncHttpClient-57-1] DEBUG org.asynchttpclient.netty.handler.WebSocketHandler - Channel Closed: [id: 0x2dc3d886, L:/127.0.0.1:55895 ! R:localhost/127.0.0.1:55848] with attribute NettyResponseFuture{currentRetry=5,
	isDone=1,
	isCancelled=0,
	asyncHandler=org.asynchttpclient.ws.WebSocketUpgradeHandler@299349b9,
	nettyRequest=org.asynchttpclient.netty.request.NettyRequest@6c91d2ef,
	future=java.util.concurrent.CompletableFuture@1696d8de[Completed normally],
	uri=ws://localhost:55848/devtools/browser/692169ba-febe-4783-8519-0332007118ab,
	keepAlive=true,
	redirectCount=0,
	timeoutsHolder=null,
	inAuth=0,
	touch=1592572972075}
14:23:01.976 [AsyncHttpClient-57-1] DEBUG org.asynchttpclient.netty.channel.ChannelManager - Closing Channel [id: 0x2dc3d886, L:/127.0.0.1:55895 ! R:localhost/127.0.0.1:55848] 
14:23:02.073 [AsyncHttpClient-55-1] DEBUG org.asynchttpclient.netty.handler.HttpHandler - Channel Closed: [id: 0xcc82c12e, L:/127.0.0.1:55894 ! R:localhost/127.0.0.1:55848] with attribute DISCARD
]]></system-out>
  </testcase>
  <testcase name="paralelTest4[safari](1)" classname="parallel.TestParallelNG" time="4.435">
    <system-out><![CDATA[14:23:02.104 [Forwarding quit on session ebd18404382ecc86f16020ea018da02f to remote] DEBUG org.asynchttpclient.netty.request.NettyRequestSender - Using pooled Channel '[id: 0x76b31ac0, L:/127.0.0.1:55856 - R:localhost/127.0.0.1:16240]' for 'DELETE' to 'http://localhost:16240/session/ebd18404382ecc86f16020ea018da02f'
14:23:02.104 [Forwarding quit on session ebd18404382ecc86f16020ea018da02f to remote] DEBUG org.asynchttpclient.netty.request.NettyRequestSender - Using open Channel [id: 0x76b31ac0, L:/127.0.0.1:55856 - R:localhost/127.0.0.1:16240] for DELETE '/session/ebd18404382ecc86f16020ea018da02f'
14:23:02.117 [AsyncHttpClient-61-1] DEBUG org.asynchttpclient.netty.handler.WebSocketHandler - Channel Closed: [id: 0x63c054e2, L:/127.0.0.1:55903 ! R:localhost/127.0.0.1:55859] with attribute NettyResponseFuture{currentRetry=5,
	isDone=1,
	isCancelled=0,
	asyncHandler=org.asynchttpclient.ws.WebSocketUpgradeHandler@6b38b5d4,
	nettyRequest=org.asynchttpclient.netty.request.NettyRequest@2e3a26d7,
	future=java.util.concurrent.CompletableFuture@4968f84a[Completed normally],
	uri=ws://localhost:55859/devtools/browser/1edc9f96-2739-4cd4-8100-b43695985148,
	keepAlive=true,
	redirectCount=0,
	timeoutsHolder=null,
	inAuth=0,
	touch=1592572972749}
14:23:02.117 [AsyncHttpClient-61-1] DEBUG org.asynchttpclient.netty.channel.ChannelManager - Closing Channel [id: 0x63c054e2, L:/127.0.0.1:55903 ! R:localhost/127.0.0.1:55859] 
14:23:02.144 [AsyncHttpClient-47-1] DEBUG org.asynchttpclient.netty.handler.HttpHandler - 

Request DefaultFullHttpRequest(decodeResult: success, version: HTTP/1.1, content: EmptyByteBufBE)
DELETE /session/e6214735e42b8df279fd3be54a0c65eb HTTP/1.1
User-Agent: selenium/4.0.0-alpha-4 (java mac)
host: localhost:9769
accept: */*

Response DefaultHttpResponse(decodeResult: success, version: HTTP/1.1)
HTTP/1.1 200 OK
Content-Length: 14
Content-Type: application/json; charset=utf-8
cache-control: no-cache

14:23:02.144 [AsyncHttpClient-47-1] DEBUG org.asynchttpclient.netty.channel.ChannelManager - Adding key: http://localhost:9769 for channel [id: 0x32a98b38, L:/127.0.0.1:55846 - R:localhost/127.0.0.1:9769]
14:23:02.211 [AsyncHttpClient-59-1] DEBUG org.asynchttpclient.netty.handler.HttpHandler - Channel Closed: [id: 0xbde03b61, L:/127.0.0.1:55902 ! R:localhost/127.0.0.1:55859] with attribute DISCARD
14:23:02.221 [AsyncHttpClient-51-1] DEBUG org.asynchttpclient.netty.handler.HttpHandler - 

Request DefaultFullHttpRequest(decodeResult: success, version: HTTP/1.1, content: EmptyByteBufBE)
DELETE /session/ebd18404382ecc86f16020ea018da02f HTTP/1.1
User-Agent: selenium/4.0.0-alpha-4 (java mac)
host: localhost:16240
accept: */*

Response DefaultHttpResponse(decodeResult: success, version: HTTP/1.1)
HTTP/1.1 200 OK
Content-Length: 14
Content-Type: application/json; charset=utf-8
cache-control: no-cache

14:23:02.222 [AsyncHttpClient-51-1] DEBUG org.asynchttpclient.netty.channel.ChannelManager - Adding key: http://localhost:16240 for channel [id: 0x76b31ac0, L:/127.0.0.1:55856 - R:localhost/127.0.0.1:16240]
14:23:02.300 [AsyncHttpClient-47-1] DEBUG org.asynchttpclient.netty.handler.HttpHandler - Channel Closed: [id: 0x32a98b38, L:/127.0.0.1:55846 ! R:localhost/127.0.0.1:9769] with attribute DISCARD
14:23:02.323 [TestNG-tests-2] DEBUG io.github.bonigarcia.wdm.Shell - Running command on the shell: [/Applications/Chromium.app/Contents/MacOS/Chromium, --version]
14:23:02.333 [TestNG-tests-2] DEBUG io.github.bonigarcia.wdm.Shell - There was a problem executing command </Applications/Chromium.app/Contents/MacOS/Chromium --version> on the shell: Cannot run program "/Applications/Chromium.app/Contents/MacOS/Chromium" (in directory "."): error=2, No such file or directory
14:23:02.333 [TestNG-tests-2] DEBUG io.github.bonigarcia.wdm.Shell - Result: 
14:23:02.333 [TestNG-tests-2] DEBUG io.github.bonigarcia.wdm.WebDriverManager - The proper chromedriver version for your Chromium is unknown ... trying with the latest
14:23:02.347 [AsyncHttpClient-51-1] DEBUG org.asynchttpclient.netty.handler.HttpHandler - Channel Closed: [id: 0x76b31ac0, L:/127.0.0.1:55856 ! R:localhost/127.0.0.1:16240] with attribute DISCARD
14:23:02.526 [AsyncHttpClient-timer-50-1] DEBUG org.asynchttpclient.netty.channel.DefaultChannelPool - Entry count for : http://localhost:16240 : 1
14:23:02.526 [AsyncHttpClient-timer-50-1] DEBUG org.asynchttpclient.netty.channel.DefaultChannelPool - Adding Candidate expired Channel [id: 0x76b31ac0, L:/127.0.0.1:55856 ! R:localhost/127.0.0.1:16240] isIdleTimeoutExpired=false isRemotelyClosed=true isTtlExpired=false
14:23:02.526 [AsyncHttpClient-timer-50-1] DEBUG org.asynchttpclient.netty.channel.DefaultChannelPool - Closing Idle Channel [id: 0x76b31ac0, L:/127.0.0.1:55856 ! R:localhost/127.0.0.1:16240]
14:23:02.526 [AsyncHttpClient-timer-50-1] DEBUG org.asynchttpclient.netty.channel.DefaultChannelPool - Closed 1 connections out of 1 in 0 ms
14:23:02.600 [AsyncHttpClient-timer-58-1] DEBUG org.asynchttpclient.netty.channel.DefaultChannelPool - Entry count for : http://localhost:55859 : 1
14:23:02.600 [AsyncHttpClient-timer-58-1] DEBUG org.asynchttpclient.netty.channel.DefaultChannelPool - Adding Candidate expired Channel [id: 0xbde03b61, L:/127.0.0.1:55902 ! R:localhost/127.0.0.1:55859] isIdleTimeoutExpired=false isRemotelyClosed=true isTtlExpired=false
14:23:02.600 [AsyncHttpClient-timer-58-1] DEBUG org.asynchttpclient.netty.channel.DefaultChannelPool - Closing Idle Channel [id: 0xbde03b61, L:/127.0.0.1:55902 ! R:localhost/127.0.0.1:55859]
14:23:02.600 [AsyncHttpClient-timer-58-1] DEBUG org.asynchttpclient.netty.channel.DefaultChannelPool - Closed 1 connections out of 1 in 0 ms
14:23:02.931 [TestNG-tests-2] DEBUG io.github.bonigarcia.wdm.WebDriverManager - Latest version of chromedriver according to https://chromedriver.storage.googleapis.com/LATEST_RELEASE is 83.0.4103.39
14:23:02.933 [TestNG-tests-2] DEBUG io.github.bonigarcia.wdm.WebDriverManager - Driver chromedriver 83.0.4103.39 found in cache
14:23:02.934 [TestNG-tests-2] INFO io.github.bonigarcia.wdm.WebDriverManager - Exporting webdriver.chrome.driver as /Users/slava/.m2/repository/webdriver/chromedriver/mac64/83.0.4103.39/chromedriver
14:23:02.943 [TestNG-tests-1] DEBUG io.github.bonigarcia.wdm.Shell - Running command on the shell: [/Applications/Chromium.app/Contents/MacOS/Chromium, --version]
14:23:02.948 [TestNG-tests-1] DEBUG io.github.bonigarcia.wdm.Shell - There was a problem executing command </Applications/Chromium.app/Contents/MacOS/Chromium --version> on the shell: Cannot run program "/Applications/Chromium.app/Contents/MacOS/Chromium" (in directory "."): error=2, No such file or directory
14:23:02.948 [TestNG-tests-1] DEBUG io.github.bonigarcia.wdm.Shell - Result: 
14:23:02.948 [TestNG-tests-1] DEBUG io.github.bonigarcia.wdm.WebDriverManager - The proper chromedriver version for your Chromium is unknown ... trying with the latest
14:23:03.023 [AsyncHttpClient-timer-54-1] DEBUG org.asynchttpclient.netty.channel.DefaultChannelPool - Entry count for : http://localhost:55848 : 1
14:23:03.023 [AsyncHttpClient-timer-54-1] DEBUG org.asynchttpclient.netty.channel.DefaultChannelPool - Adding Candidate expired Channel [id: 0xcc82c12e, L:/127.0.0.1:55894 ! R:localhost/127.0.0.1:55848] isIdleTimeoutExpired=false isRemotelyClosed=true isTtlExpired=false
14:23:03.023 [AsyncHttpClient-timer-54-1] DEBUG org.asynchttpclient.netty.channel.DefaultChannelPool - Closing Idle Channel [id: 0xcc82c12e, L:/127.0.0.1:55894 ! R:localhost/127.0.0.1:55848]
14:23:03.024 [AsyncHttpClient-timer-54-1] DEBUG org.asynchttpclient.netty.channel.DefaultChannelPool - Closed 1 connections out of 1 in 1 ms
14:23:03.035 [AsyncHttpClient-67-1] DEBUG org.asynchttpclient.netty.channel.NettyConnectListener - Using new Channel '[id: 0xeab30c89, L:/127.0.0.1:56314 - R:localhost/127.0.0.1:19513]' for 'POST' to '/session'
14:23:03.214 [AsyncHttpClient-timer-46-1] DEBUG org.asynchttpclient.netty.channel.DefaultChannelPool - Entry count for : http://localhost:9769 : 1
14:23:03.214 [AsyncHttpClient-timer-46-1] DEBUG org.asynchttpclient.netty.channel.DefaultChannelPool - Adding Candidate expired Channel [id: 0x32a98b38, L:/127.0.0.1:55846 ! R:localhost/127.0.0.1:9769] isIdleTimeoutExpired=false isRemotelyClosed=true isTtlExpired=false
14:23:03.215 [AsyncHttpClient-timer-46-1] DEBUG org.asynchttpclient.netty.channel.DefaultChannelPool - Closing Idle Channel [id: 0x32a98b38, L:/127.0.0.1:55846 ! R:localhost/127.0.0.1:9769]
14:23:03.215 [AsyncHttpClient-timer-46-1] DEBUG org.asynchttpclient.netty.channel.DefaultChannelPool - Closed 1 connections out of 1 in 1 ms
14:23:03.414 [TestNG-tests-1] DEBUG io.github.bonigarcia.wdm.WebDriverManager - Latest version of chromedriver according to https://chromedriver.storage.googleapis.com/LATEST_RELEASE is 83.0.4103.39
14:23:03.418 [TestNG-tests-1] DEBUG io.github.bonigarcia.wdm.WebDriverManager - Driver chromedriver 83.0.4103.39 found in cache
14:23:03.419 [TestNG-tests-1] INFO io.github.bonigarcia.wdm.WebDriverManager - Exporting webdriver.chrome.driver as /Users/slava/.m2/repository/webdriver/chromedriver/mac64/83.0.4103.39/chromedriver
14:23:03.556 [AsyncHttpClient-71-1] DEBUG org.asynchttpclient.netty.channel.NettyConnectListener - Using new Channel '[id: 0x22520421, L:/127.0.0.1:56332 - R:localhost/127.0.0.1:14832]' for 'POST' to '/session'
14:23:04.884 [AsyncHttpClient-67-1] DEBUG org.asynchttpclient.netty.handler.HttpHandler - 

Request DefaultHttpRequest(decodeResult: success, version: HTTP/1.1)
POST /session HTTP/1.1
User-Agent: selenium/4.0.0-alpha-4 (java mac)
Content-Length: 425
Content-Type: application/json; charset=utf-8
host: localhost:19513
accept: */*

Response DefaultHttpResponse(decodeResult: success, version: HTTP/1.1)
HTTP/1.1 200 OK
Content-Length: 727
Content-Type: application/json; charset=utf-8
cache-control: no-cache

14:23:04.885 [AsyncHttpClient-67-1] DEBUG org.asynchttpclient.netty.channel.ChannelManager - Adding key: http://localhost:19513 for channel [id: 0xeab30c89, L:/127.0.0.1:56314 - R:localhost/127.0.0.1:19513]
14:23:04.898 [AsyncHttpClient-75-1] DEBUG org.asynchttpclient.netty.channel.NettyConnectListener - Using new Channel '[id: 0xc4e01f70, L:/127.0.0.1:56344 - R:localhost/127.0.0.1:56325]' for 'GET' to '/json/version'
14:23:04.900 [AsyncHttpClient-75-1] DEBUG org.asynchttpclient.netty.handler.HttpHandler - 

Request DefaultFullHttpRequest(decodeResult: success, version: HTTP/1.1, content: EmptyByteBufBE)
GET /json/version HTTP/1.1
User-Agent: selenium/4.0.0-alpha-4 (java mac)
host: localhost:56325
accept: */*

Response DefaultHttpResponse(decodeResult: success, version: HTTP/1.1)
HTTP/1.1 200 OK
Content-Length: 424
Content-Type: application/json; charset=UTF-8

14:23:04.900 [AsyncHttpClient-75-1] DEBUG org.asynchttpclient.netty.channel.ChannelManager - Adding key: http://localhost:56325 for channel [id: 0xc4e01f70, L:/127.0.0.1:56344 - R:localhost/127.0.0.1:56325]
14:23:04.914 [AsyncHttpClient-77-1] DEBUG org.asynchttpclient.netty.channel.NettyConnectListener - Using new Channel '[id: 0x4467f10a, L:/127.0.0.1:56345 - R:localhost/127.0.0.1:56325]' for 'GET' to '/devtools/browser/b0af4a38-f86a-46f9-af1e-df3c905394f9'
14:23:04.917 [AsyncHttpClient-77-1] DEBUG org.asynchttpclient.netty.handler.WebSocketHandler - 

Request DefaultFullHttpRequest(decodeResult: success, version: HTTP/1.1, content: EmptyByteBufBE)
GET /devtools/browser/b0af4a38-f86a-46f9-af1e-df3c905394f9 HTTP/1.1
upgrade: websocket
connection: upgrade
sec-websocket-key: RWK4thvDDFyoZWRvTmcRYg==
sec-websocket-version: 13
origin: http://localhost:56325
host: localhost:56325
accept: */*
user-agent: AHC/2.1

Response DefaultHttpResponse(decodeResult: success, version: HTTP/1.1)
HTTP/1.1 101 WebSocket Protocol Handshake
Upgrade: WebSocket
Connection: Upgrade
Sec-WebSocket-Accept: YXrs47URbpqofSV/81bZj+Sx9IE=

chrome
Test4Thread 14
14:23:04.921 [Forwarding get on session 954b29ac83556b31acd4cf58f98e7b49 to remote] DEBUG org.asynchttpclient.netty.request.NettyRequestSender - Using pooled Channel '[id: 0xeab30c89, L:/127.0.0.1:56314 - R:localhost/127.0.0.1:19513]' for 'POST' to 'http://localhost:19513/session/954b29ac83556b31acd4cf58f98e7b49/url'
14:23:04.921 [Forwarding get on session 954b29ac83556b31acd4cf58f98e7b49 to remote] DEBUG org.asynchttpclient.netty.request.NettyRequestSender - Using open Channel [id: 0xeab30c89, L:/127.0.0.1:56314 - R:localhost/127.0.0.1:19513] for POST '/session/954b29ac83556b31acd4cf58f98e7b49/url'
14:23:05.701 [AsyncHttpClient-71-1] DEBUG org.asynchttpclient.netty.handler.HttpHandler - 

Request DefaultHttpRequest(decodeResult: success, version: HTTP/1.1)
POST /session HTTP/1.1
User-Agent: selenium/4.0.0-alpha-4 (java mac)
Content-Length: 425
Content-Type: application/json; charset=utf-8
host: localhost:14832
accept: */*

Response DefaultHttpResponse(decodeResult: success, version: HTTP/1.1)
HTTP/1.1 200 OK
Content-Length: 727
Content-Type: application/json; charset=utf-8
cache-control: no-cache

14:23:05.702 [AsyncHttpClient-71-1] DEBUG org.asynchttpclient.netty.channel.ChannelManager - Adding key: http://localhost:14832 for channel [id: 0x22520421, L:/127.0.0.1:56332 - R:localhost/127.0.0.1:14832]
14:23:05.716 [AsyncHttpClient-79-1] DEBUG org.asynchttpclient.netty.channel.NettyConnectListener - Using new Channel '[id: 0xc283dead, L:/127.0.0.1:56368 - R:localhost/127.0.0.1:56333]' for 'GET' to '/json/version'
14:23:05.718 [AsyncHttpClient-79-1] DEBUG org.asynchttpclient.netty.handler.HttpHandler - 

Request DefaultFullHttpRequest(decodeResult: success, version: HTTP/1.1, content: EmptyByteBufBE)
GET /json/version HTTP/1.1
User-Agent: selenium/4.0.0-alpha-4 (java mac)
host: localhost:56333
accept: */*

Response DefaultHttpResponse(decodeResult: success, version: HTTP/1.1)
HTTP/1.1 200 OK
Content-Length: 424
Content-Type: application/json; charset=UTF-8

14:23:05.719 [AsyncHttpClient-79-1] DEBUG org.asynchttpclient.netty.channel.ChannelManager - Adding key: http://localhost:56333 for channel [id: 0xc283dead, L:/127.0.0.1:56368 - R:localhost/127.0.0.1:56333]
14:23:05.734 [AsyncHttpClient-81-1] DEBUG org.asynchttpclient.netty.channel.NettyConnectListener - Using new Channel '[id: 0x2a8c8404, L:/127.0.0.1:56369 - R:localhost/127.0.0.1:56333]' for 'GET' to '/devtools/browser/e6230500-2519-4731-9441-484346b8d8dd'
14:23:05.736 [AsyncHttpClient-81-1] DEBUG org.asynchttpclient.netty.handler.WebSocketHandler - 

Request DefaultFullHttpRequest(decodeResult: success, version: HTTP/1.1, content: EmptyByteBufBE)
GET /devtools/browser/e6230500-2519-4731-9441-484346b8d8dd HTTP/1.1
upgrade: websocket
connection: upgrade
sec-websocket-key: wXMRwYIkseTNXHgIupcZyA==
sec-websocket-version: 13
origin: http://localhost:56333
host: localhost:56333
accept: */*
user-agent: AHC/2.1

Response DefaultHttpResponse(decodeResult: success, version: HTTP/1.1)
HTTP/1.1 101 WebSocket Protocol Handshake
Upgrade: WebSocket
Connection: Upgrade
Sec-WebSocket-Accept: QpmM3dwIgvkfKZFXOVX06EgI12o=

chrome
Test4Thread 13
14:23:05.745 [Forwarding get on session f9d1de35200af2934f3ef48176804be5 to remote] DEBUG org.asynchttpclient.netty.request.NettyRequestSender - Using pooled Channel '[id: 0x22520421, L:/127.0.0.1:56332 - R:localhost/127.0.0.1:14832]' for 'POST' to 'http://localhost:14832/session/f9d1de35200af2934f3ef48176804be5/url'
14:23:05.745 [Forwarding get on session f9d1de35200af2934f3ef48176804be5 to remote] DEBUG org.asynchttpclient.netty.request.NettyRequestSender - Using open Channel [id: 0x22520421, L:/127.0.0.1:56332 - R:localhost/127.0.0.1:14832] for POST '/session/f9d1de35200af2934f3ef48176804be5/url'
14:23:05.995 [AsyncHttpClient-timer-74-1] DEBUG org.asynchttpclient.netty.channel.DefaultChannelPool - Entry count for : http://localhost:56325 : 1
14:23:06.763 [AsyncHttpClient-63-1] DEBUG org.asynchttpclient.netty.handler.HttpHandler - 

Request DefaultHttpRequest(decodeResult: success, version: HTTP/1.1)
POST /session/E389E9F3-E501-4CDD-934D-68BC70D1578D/url HTTP/1.1
User-Agent: selenium/4.0.0-alpha-4 (java mac)
Content-Length: 41
Content-Type: application/json; charset=utf-8
host: localhost:17639
accept: */*

Response DefaultHttpResponse(decodeResult: success, version: HTTP/1.1)
HTTP/1.1 200 OK
Date: Fri, 19 Jun 2020 13:23:06 GMT
Accept-Ranges: bytes
Content-Type: application/json;charset=UTF-8
Content-Length: 74
Server: SafariDriver/1.0
Connection: keep-alive

14:23:06.763 [AsyncHttpClient-63-1] DEBUG org.asynchttpclient.netty.channel.ChannelManager - Adding key: http://localhost:17639 for channel [id: 0x513bff0c, L:/127.0.0.1:56268 - R:localhost/127.0.0.1:17639]
14:23:06.767 [Forwarding findElement on session E389E9F3-E501-4CDD-934D-68BC70D1578D to remote] DEBUG org.asynchttpclient.netty.request.NettyRequestSender - Using pooled Channel '[id: 0x513bff0c, L:/127.0.0.1:56268 - R:localhost/127.0.0.1:17639]' for 'POST' to 'http://localhost:17639/session/E389E9F3-E501-4CDD-934D-68BC70D1578D/element'
14:23:06.768 [Forwarding findElement on session E389E9F3-E501-4CDD-934D-68BC70D1578D to remote] DEBUG org.asynchttpclient.netty.request.NettyRequestSender - Using open Channel [id: 0x513bff0c, L:/127.0.0.1:56268 - R:localhost/127.0.0.1:17639] for POST '/session/E389E9F3-E501-4CDD-934D-68BC70D1578D/element'
14:23:06.783 [AsyncHttpClient-63-1] DEBUG org.asynchttpclient.netty.handler.HttpHandler - 

Request DefaultHttpRequest(decodeResult: success, version: HTTP/1.1)
POST /session/E389E9F3-E501-4CDD-934D-68BC70D1578D/element HTTP/1.1
User-Agent: selenium/4.0.0-alpha-4 (java mac)
Content-Length: 38
Content-Type: application/json; charset=utf-8
host: localhost:17639
accept: */*

Response DefaultHttpResponse(decodeResult: success, version: HTTP/1.1)
HTTP/1.1 200 OK
Date: Fri, 19 Jun 2020 13:23:06 GMT
Accept-Ranges: bytes
Content-Type: application/json;charset=UTF-8
Content-Length: 127
Server: SafariDriver/1.0
Connection: keep-alive

14:23:06.784 [AsyncHttpClient-63-1] DEBUG org.asynchttpclient.netty.channel.ChannelManager - Adding key: http://localhost:17639 for channel [id: 0x513bff0c, L:/127.0.0.1:56268 - R:localhost/127.0.0.1:17639]
14:23:06.787 [Forwarding sendKeysToElement on session E389E9F3-E501-4CDD-934D-68BC70D1578D to remote] DEBUG org.asynchttpclient.netty.request.NettyRequestSender - Using pooled Channel '[id: 0x513bff0c, L:/127.0.0.1:56268 - R:localhost/127.0.0.1:17639]' for 'POST' to 'http://localhost:17639/session/E389E9F3-E501-4CDD-934D-68BC70D1578D/element/node-CD4B3006-5F95-4C62-860D-BDB93113120E/value'
14:23:06.787 [Forwarding sendKeysToElement on session E389E9F3-E501-4CDD-934D-68BC70D1578D to remote] DEBUG org.asynchttpclient.netty.request.NettyRequestSender - Using open Channel [id: 0x513bff0c, L:/127.0.0.1:56268 - R:localhost/127.0.0.1:17639] for POST '/session/E389E9F3-E501-4CDD-934D-68BC70D1578D/element/node-CD4B3006-5F95-4C62-860D-BDB93113120E/value'
14:23:06.815 [AsyncHttpClient-timer-78-1] DEBUG org.asynchttpclient.netty.channel.DefaultChannelPool - Entry count for : http://localhost:56333 : 1
14:23:07.095 [AsyncHttpClient-timer-74-1] DEBUG org.asynchttpclient.netty.channel.DefaultChannelPool - Entry count for : http://localhost:56325 : 1
14:23:07.151 [AsyncHttpClient-63-1] DEBUG org.asynchttpclient.netty.handler.HttpHandler - 

Request DefaultHttpRequest(decodeResult: success, version: HTTP/1.1)
POST /session/E389E9F3-E501-4CDD-934D-68BC70D1578D/element/node-CD4B3006-5F95-4C62-860D-BDB93113120E/value HTTP/1.1
User-Agent: selenium/4.0.0-alpha-4 (java mac)
Content-Length: 82
Content-Type: application/json; charset=utf-8
host: localhost:17639
accept: */*

Response DefaultHttpResponse(decodeResult: success, version: HTTP/1.1)
HTTP/1.1 200 OK
Date: Fri, 19 Jun 2020 13:23:07 GMT
Accept-Ranges: bytes
Content-Type: application/json;charset=UTF-8
Content-Length: 74
Server: SafariDriver/1.0
Connection: keep-alive

14:23:07.151 [AsyncHttpClient-63-1] DEBUG org.asynchttpclient.netty.channel.ChannelManager - Adding key: http://localhost:17639 for channel [id: 0x513bff0c, L:/127.0.0.1:56268 - R:localhost/127.0.0.1:17639]
14:23:07.673 [AsyncHttpClient-timer-62-1] DEBUG org.asynchttpclient.netty.channel.DefaultChannelPool - Entry count for : http://localhost:17639 : 1
14:23:07.910 [AsyncHttpClient-timer-78-1] DEBUG org.asynchttpclient.netty.channel.DefaultChannelPool - Entry count for : http://localhost:56333 : 1
14:23:08.197 [AsyncHttpClient-timer-74-1] DEBUG org.asynchttpclient.netty.channel.DefaultChannelPool - Entry count for : http://localhost:56325 : 1
14:23:08.774 [AsyncHttpClient-timer-62-1] DEBUG org.asynchttpclient.netty.channel.DefaultChannelPool - Entry count for : http://localhost:17639 : 1
14:23:09.009 [AsyncHttpClient-timer-78-1] DEBUG org.asynchttpclient.netty.channel.DefaultChannelPool - Entry count for : http://localhost:56333 : 1
14:23:09.294 [AsyncHttpClient-timer-74-1] DEBUG org.asynchttpclient.netty.channel.DefaultChannelPool - Entry count for : http://localhost:56325 : 1
14:23:09.876 [AsyncHttpClient-timer-62-1] DEBUG org.asynchttpclient.netty.channel.DefaultChannelPool - Entry count for : http://localhost:17639 : 1
14:23:10.111 [AsyncHttpClient-timer-78-1] DEBUG org.asynchttpclient.netty.channel.DefaultChannelPool - Entry count for : http://localhost:56333 : 1
]]></system-out>
    <system-err><![CDATA[Starting ChromeDriver 83.0.4103.39 (ccbf011cb2d2b19b506d844400483861342c20cd-refs/branch-heads/4103@{#416}) on port 19513
Only local connections are allowed.
Please see https://chromedriver.chromium.org/security-considerations for suggestions on keeping ChromeDriver safe.
ChromeDriver was started successfully.
Starting ChromeDriver 83.0.4103.39 (ccbf011cb2d2b19b506d844400483861342c20cd-refs/branch-heads/4103@{#416}) on port 14832
Only local connections are allowed.
Please see https://chromedriver.chromium.org/security-considerations for suggestions on keeping ChromeDriver safe.
ChromeDriver was started successfully.
Jun 19, 2020 2:23:04 P.M. org.openqa.selenium.remote.ProtocolHandshake createSession
INFO: Detected dialect: W3C
Jun 19, 2020 2:23:05 P.M. org.openqa.selenium.remote.ProtocolHandshake createSession
INFO: Detected dialect: W3C
]]></system-err>
  </testcase>
  <testcase name="paralelTest4[chrome](1)" classname="parallel.TestParallelNG" time="1.433">
    <system-out><![CDATA[14:23:10.163 [Forwarding quit on session E389E9F3-E501-4CDD-934D-68BC70D1578D to remote] DEBUG org.asynchttpclient.netty.request.NettyRequestSender - Using pooled Channel '[id: 0x513bff0c, L:/127.0.0.1:56268 - R:localhost/127.0.0.1:17639]' for 'DELETE' to 'http://localhost:17639/session/E389E9F3-E501-4CDD-934D-68BC70D1578D'
14:23:10.163 [Forwarding quit on session E389E9F3-E501-4CDD-934D-68BC70D1578D to remote] DEBUG org.asynchttpclient.netty.request.NettyRequestSender - Using open Channel [id: 0x513bff0c, L:/127.0.0.1:56268 - R:localhost/127.0.0.1:17639] for DELETE '/session/E389E9F3-E501-4CDD-934D-68BC70D1578D'
14:23:10.393 [AsyncHttpClient-timer-74-1] DEBUG org.asynchttpclient.netty.channel.DefaultChannelPool - Entry count for : http://localhost:56325 : 1
14:23:10.915 [AsyncHttpClient-67-1] DEBUG org.asynchttpclient.netty.handler.HttpHandler - 

Request DefaultHttpRequest(decodeResult: success, version: HTTP/1.1)
POST /session/954b29ac83556b31acd4cf58f98e7b49/url HTTP/1.1
User-Agent: selenium/4.0.0-alpha-4 (java mac)
Content-Length: 41
Content-Type: application/json; charset=utf-8
host: localhost:19513
accept: */*

Response DefaultHttpResponse(decodeResult: success, version: HTTP/1.1)
HTTP/1.1 200 OK
Content-Length: 14
Content-Type: application/json; charset=utf-8
cache-control: no-cache

14:23:10.916 [AsyncHttpClient-67-1] DEBUG org.asynchttpclient.netty.channel.ChannelManager - Adding key: http://localhost:19513 for channel [id: 0xeab30c89, L:/127.0.0.1:56314 - R:localhost/127.0.0.1:19513]
14:23:10.919 [Forwarding findElement on session 954b29ac83556b31acd4cf58f98e7b49 to remote] DEBUG org.asynchttpclient.netty.request.NettyRequestSender - Using pooled Channel '[id: 0xeab30c89, L:/127.0.0.1:56314 - R:localhost/127.0.0.1:19513]' for 'POST' to 'http://localhost:19513/session/954b29ac83556b31acd4cf58f98e7b49/element'
14:23:10.919 [Forwarding findElement on session 954b29ac83556b31acd4cf58f98e7b49 to remote] DEBUG org.asynchttpclient.netty.request.NettyRequestSender - Using open Channel [id: 0xeab30c89, L:/127.0.0.1:56314 - R:localhost/127.0.0.1:19513] for POST '/session/954b29ac83556b31acd4cf58f98e7b49/element'
14:23:10.971 [AsyncHttpClient-67-1] DEBUG org.asynchttpclient.netty.handler.HttpHandler - 

Request DefaultHttpRequest(decodeResult: success, version: HTTP/1.1)
POST /session/954b29ac83556b31acd4cf58f98e7b49/element HTTP/1.1
User-Agent: selenium/4.0.0-alpha-4 (java mac)
Content-Length: 49
Content-Type: application/json; charset=utf-8
host: localhost:19513
accept: */*

Response DefaultHttpResponse(decodeResult: success, version: HTTP/1.1)
HTTP/1.1 200 OK
Content-Length: 88
Content-Type: application/json; charset=utf-8
cache-control: no-cache

14:23:10.972 [AsyncHttpClient-67-1] DEBUG org.asynchttpclient.netty.channel.ChannelManager - Adding key: http://localhost:19513 for channel [id: 0xeab30c89, L:/127.0.0.1:56314 - R:localhost/127.0.0.1:19513]
14:23:10.976 [Forwarding sendKeysToElement on session 954b29ac83556b31acd4cf58f98e7b49 to remote] DEBUG org.asynchttpclient.netty.request.NettyRequestSender - Using pooled Channel '[id: 0xeab30c89, L:/127.0.0.1:56314 - R:localhost/127.0.0.1:19513]' for 'POST' to 'http://localhost:19513/session/954b29ac83556b31acd4cf58f98e7b49/element/aefde3ec-754b-4cfa-9da3-ad23fa4b0a79/value'
14:23:10.976 [Forwarding sendKeysToElement on session 954b29ac83556b31acd4cf58f98e7b49 to remote] DEBUG org.asynchttpclient.netty.request.NettyRequestSender - Using open Channel [id: 0xeab30c89, L:/127.0.0.1:56314 - R:localhost/127.0.0.1:19513] for POST '/session/954b29ac83556b31acd4cf58f98e7b49/element/aefde3ec-754b-4cfa-9da3-ad23fa4b0a79/value'
14:23:11.165 [AsyncHttpClient-67-1] DEBUG org.asynchttpclient.netty.handler.HttpHandler - 

Request DefaultHttpRequest(decodeResult: success, version: HTTP/1.1)
POST /session/954b29ac83556b31acd4cf58f98e7b49/element/aefde3ec-754b-4cfa-9da3-ad23fa4b0a79/value HTTP/1.1
User-Agent: selenium/4.0.0-alpha-4 (java mac)
Content-Length: 101
Content-Type: application/json; charset=utf-8
host: localhost:19513
accept: */*

Response DefaultHttpResponse(decodeResult: success, version: HTTP/1.1)
HTTP/1.1 200 OK
Content-Length: 14
Content-Type: application/json; charset=utf-8
cache-control: no-cache

14:23:11.166 [AsyncHttpClient-67-1] DEBUG org.asynchttpclient.netty.channel.ChannelManager - Adding key: http://localhost:19513 for channel [id: 0xeab30c89, L:/127.0.0.1:56314 - R:localhost/127.0.0.1:19513]
14:23:11.213 [AsyncHttpClient-timer-78-1] DEBUG org.asynchttpclient.netty.channel.DefaultChannelPool - Entry count for : http://localhost:56333 : 1
14:23:11.337 [AsyncHttpClient-63-1] DEBUG org.asynchttpclient.netty.handler.HttpHandler - 

Request DefaultFullHttpRequest(decodeResult: success, version: HTTP/1.1, content: EmptyByteBufBE)
DELETE /session/E389E9F3-E501-4CDD-934D-68BC70D1578D HTTP/1.1
User-Agent: selenium/4.0.0-alpha-4 (java mac)
host: localhost:17639
accept: */*

Response DefaultHttpResponse(decodeResult: success, version: HTTP/1.1)
HTTP/1.1 200 OK
Date: Fri, 19 Jun 2020 13:23:11 GMT
Accept-Ranges: bytes
Content-Type: application/json;charset=UTF-8
Content-Length: 74
Server: SafariDriver/1.0
Connection: keep-alive

14:23:11.338 [AsyncHttpClient-63-1] DEBUG org.asynchttpclient.netty.channel.ChannelManager - Adding key: http://localhost:17639 for channel [id: 0x513bff0c, L:/127.0.0.1:56268 - R:localhost/127.0.0.1:17639]
14:23:11.487 [AsyncHttpClient-63-1] DEBUG org.asynchttpclient.netty.handler.HttpHandler - Channel Closed: [id: 0x513bff0c, L:/127.0.0.1:56268 ! R:localhost/127.0.0.1:17639] with attribute DISCARD
14:23:11.495 [AsyncHttpClient-timer-74-1] DEBUG org.asynchttpclient.netty.channel.DefaultChannelPool - Entry count for : http://localhost:56325 : 1
14:23:11.504 [AsyncHttpClient-71-1] DEBUG org.asynchttpclient.netty.handler.HttpHandler - 

Request DefaultHttpRequest(decodeResult: success, version: HTTP/1.1)
POST /session/f9d1de35200af2934f3ef48176804be5/url HTTP/1.1
User-Agent: selenium/4.0.0-alpha-4 (java mac)
Content-Length: 41
Content-Type: application/json; charset=utf-8
host: localhost:14832
accept: */*

Response DefaultHttpResponse(decodeResult: success, version: HTTP/1.1)
HTTP/1.1 200 OK
Content-Length: 14
Content-Type: application/json; charset=utf-8
cache-control: no-cache

14:23:11.505 [AsyncHttpClient-71-1] DEBUG org.asynchttpclient.netty.channel.ChannelManager - Adding key: http://localhost:14832 for channel [id: 0x22520421, L:/127.0.0.1:56332 - R:localhost/127.0.0.1:14832]
14:23:11.508 [Forwarding findElement on session f9d1de35200af2934f3ef48176804be5 to remote] DEBUG org.asynchttpclient.netty.request.NettyRequestSender - Using pooled Channel '[id: 0x22520421, L:/127.0.0.1:56332 - R:localhost/127.0.0.1:14832]' for 'POST' to 'http://localhost:14832/session/f9d1de35200af2934f3ef48176804be5/element'
14:23:11.508 [Forwarding findElement on session f9d1de35200af2934f3ef48176804be5 to remote] DEBUG org.asynchttpclient.netty.request.NettyRequestSender - Using open Channel [id: 0x22520421, L:/127.0.0.1:56332 - R:localhost/127.0.0.1:14832] for POST '/session/f9d1de35200af2934f3ef48176804be5/element'
14:23:11.544 [AsyncHttpClient-71-1] DEBUG org.asynchttpclient.netty.handler.HttpHandler - 

Request DefaultHttpRequest(decodeResult: success, version: HTTP/1.1)
POST /session/f9d1de35200af2934f3ef48176804be5/element HTTP/1.1
User-Agent: selenium/4.0.0-alpha-4 (java mac)
Content-Length: 49
Content-Type: application/json; charset=utf-8
host: localhost:14832
accept: */*

Response DefaultHttpResponse(decodeResult: success, version: HTTP/1.1)
HTTP/1.1 200 OK
Content-Length: 88
Content-Type: application/json; charset=utf-8
cache-control: no-cache

14:23:11.544 [AsyncHttpClient-71-1] DEBUG org.asynchttpclient.netty.channel.ChannelManager - Adding key: http://localhost:14832 for channel [id: 0x22520421, L:/127.0.0.1:56332 - R:localhost/127.0.0.1:14832]
14:23:11.547 [Forwarding sendKeysToElement on session f9d1de35200af2934f3ef48176804be5 to remote] DEBUG org.asynchttpclient.netty.request.NettyRequestSender - Using pooled Channel '[id: 0x22520421, L:/127.0.0.1:56332 - R:localhost/127.0.0.1:14832]' for 'POST' to 'http://localhost:14832/session/f9d1de35200af2934f3ef48176804be5/element/e1923553-510b-424f-ada0-aaff2d6b09ce/value'
14:23:11.547 [Forwarding sendKeysToElement on session f9d1de35200af2934f3ef48176804be5 to remote] DEBUG org.asynchttpclient.netty.request.NettyRequestSender - Using open Channel [id: 0x22520421, L:/127.0.0.1:56332 - R:localhost/127.0.0.1:14832] for POST '/session/f9d1de35200af2934f3ef48176804be5/element/e1923553-510b-424f-ada0-aaff2d6b09ce/value'
14:23:11.742 [AsyncHttpClient-timer-66-1] DEBUG org.asynchttpclient.netty.channel.DefaultChannelPool - Entry count for : http://localhost:19513 : 1
14:23:11.806 [AsyncHttpClient-71-1] DEBUG org.asynchttpclient.netty.handler.HttpHandler - 

Request DefaultHttpRequest(decodeResult: success, version: HTTP/1.1)
POST /session/f9d1de35200af2934f3ef48176804be5/element/e1923553-510b-424f-ada0-aaff2d6b09ce/value HTTP/1.1
User-Agent: selenium/4.0.0-alpha-4 (java mac)
Content-Length: 101
Content-Type: application/json; charset=utf-8
host: localhost:14832
accept: */*

Response DefaultHttpResponse(decodeResult: success, version: HTTP/1.1)
HTTP/1.1 200 OK
Content-Length: 14
Content-Type: application/json; charset=utf-8
cache-control: no-cache

14:23:11.807 [AsyncHttpClient-71-1] DEBUG org.asynchttpclient.netty.channel.ChannelManager - Adding key: http://localhost:14832 for channel [id: 0x22520421, L:/127.0.0.1:56332 - R:localhost/127.0.0.1:14832]
14:23:11.966 [AsyncHttpClient-83-1] DEBUG org.asynchttpclient.netty.channel.NettyConnectListener - Using new Channel '[id: 0x36112643, L:/127.0.0.1:56695 - R:localhost/127.0.0.1:44432]' for 'POST' to '/session'
14:23:12.076 [AsyncHttpClient-timer-62-1] DEBUG org.asynchttpclient.netty.channel.DefaultChannelPool - Entry count for : http://localhost:17639 : 1
14:23:12.076 [AsyncHttpClient-timer-62-1] DEBUG org.asynchttpclient.netty.channel.DefaultChannelPool - Adding Candidate expired Channel [id: 0x513bff0c, L:/127.0.0.1:56268 ! R:localhost/127.0.0.1:17639] isIdleTimeoutExpired=false isRemotelyClosed=true isTtlExpired=false
14:23:12.077 [AsyncHttpClient-timer-62-1] DEBUG org.asynchttpclient.netty.channel.DefaultChannelPool - Closing Idle Channel [id: 0x513bff0c, L:/127.0.0.1:56268 ! R:localhost/127.0.0.1:17639]
14:23:12.077 [AsyncHttpClient-timer-62-1] DEBUG org.asynchttpclient.netty.channel.DefaultChannelPool - Closed 1 connections out of 1 in 1 ms
14:23:12.226 [AsyncHttpClient-timer-70-1] DEBUG org.asynchttpclient.netty.channel.DefaultChannelPool - Entry count for : http://localhost:14832 : 1
14:23:12.312 [AsyncHttpClient-timer-78-1] DEBUG org.asynchttpclient.netty.channel.DefaultChannelPool - Entry count for : http://localhost:56333 : 1
14:23:12.598 [AsyncHttpClient-timer-74-1] DEBUG org.asynchttpclient.netty.channel.DefaultChannelPool - Entry count for : http://localhost:56325 : 1
14:23:12.664 [AsyncHttpClient-83-1] DEBUG org.asynchttpclient.netty.handler.HttpHandler - 

Request DefaultHttpRequest(decodeResult: success, version: HTTP/1.1)
POST /session HTTP/1.1
User-Agent: selenium/4.0.0-alpha-4 (java mac)
Content-Length: 230
Content-Type: application/json; charset=utf-8
host: localhost:44432
accept: */*

Response DefaultHttpResponse(decodeResult: success, version: HTTP/1.1)
HTTP/1.1 200 OK
Date: Fri, 19 Jun 2020 13:23:12 GMT
Accept-Ranges: bytes
Content-Type: application/json;charset=UTF-8
Content-Length: 401
Server: SafariDriver/1.0
Connection: keep-alive

14:23:12.665 [AsyncHttpClient-83-1] DEBUG org.asynchttpclient.netty.channel.ChannelManager - Adding key: http://localhost:44432 for channel [id: 0x36112643, L:/127.0.0.1:56695 - R:localhost/127.0.0.1:44432]
safari
TestThread 15
14:23:12.672 [Forwarding get on session 49E779A8-F923-43FC-8239-6E6DD1110043 to remote] DEBUG org.asynchttpclient.netty.request.NettyRequestSender - Using pooled Channel '[id: 0x36112643, L:/127.0.0.1:56695 - R:localhost/127.0.0.1:44432]' for 'POST' to 'http://localhost:44432/session/49E779A8-F923-43FC-8239-6E6DD1110043/url'
14:23:12.672 [Forwarding get on session 49E779A8-F923-43FC-8239-6E6DD1110043 to remote] DEBUG org.asynchttpclient.netty.request.NettyRequestSender - Using open Channel [id: 0x36112643, L:/127.0.0.1:56695 - R:localhost/127.0.0.1:44432] for POST '/session/49E779A8-F923-43FC-8239-6E6DD1110043/url'
14:23:12.841 [AsyncHttpClient-timer-66-1] DEBUG org.asynchttpclient.netty.channel.DefaultChannelPool - Entry count for : http://localhost:19513 : 1
14:23:13.323 [AsyncHttpClient-timer-70-1] DEBUG org.asynchttpclient.netty.channel.DefaultChannelPool - Entry count for : http://localhost:14832 : 1
14:23:13.412 [AsyncHttpClient-timer-78-1] DEBUG org.asynchttpclient.netty.channel.DefaultChannelPool - Entry count for : http://localhost:56333 : 1
14:23:13.697 [AsyncHttpClient-timer-74-1] DEBUG org.asynchttpclient.netty.channel.DefaultChannelPool - Entry count for : http://localhost:56325 : 1
14:23:13.942 [AsyncHttpClient-timer-66-1] DEBUG org.asynchttpclient.netty.channel.DefaultChannelPool - Entry count for : http://localhost:19513 : 1
]]></system-out>
    <system-err><![CDATA[Jun 19, 2020 2:23:12 P.M. org.openqa.selenium.remote.ProtocolHandshake createSession
INFO: Detected dialect: OSS
]]></system-err>
  </testcase>
  <testcase name="paralelTest4[chrome](1)" classname="parallel.TestParallelNG" time="2.122">
    <system-out><![CDATA[14:23:14.173 [Forwarding quit on session 954b29ac83556b31acd4cf58f98e7b49 to remote] DEBUG org.asynchttpclient.netty.request.NettyRequestSender - Using pooled Channel '[id: 0xeab30c89, L:/127.0.0.1:56314 - R:localhost/127.0.0.1:19513]' for 'DELETE' to 'http://localhost:19513/session/954b29ac83556b31acd4cf58f98e7b49'
14:23:14.173 [Forwarding quit on session 954b29ac83556b31acd4cf58f98e7b49 to remote] DEBUG org.asynchttpclient.netty.request.NettyRequestSender - Using open Channel [id: 0xeab30c89, L:/127.0.0.1:56314 - R:localhost/127.0.0.1:19513] for DELETE '/session/954b29ac83556b31acd4cf58f98e7b49'
14:23:14.175 [AsyncHttpClient-77-1] DEBUG org.asynchttpclient.netty.handler.WebSocketHandler - Channel Closed: [id: 0x4467f10a, L:/127.0.0.1:56345 ! R:localhost/127.0.0.1:56325] with attribute NettyResponseFuture{currentRetry=5,
	isDone=1,
	isCancelled=0,
	asyncHandler=org.asynchttpclient.ws.WebSocketUpgradeHandler@529c718b,
	nettyRequest=org.asynchttpclient.netty.request.NettyRequest@179ef5bc,
	future=java.util.concurrent.CompletableFuture@6fd58676[Completed normally],
	uri=ws://localhost:56325/devtools/browser/b0af4a38-f86a-46f9-af1e-df3c905394f9,
	keepAlive=true,
	redirectCount=0,
	timeoutsHolder=null,
	inAuth=0,
	touch=1592572984917}
14:23:14.175 [AsyncHttpClient-77-1] DEBUG org.asynchttpclient.netty.channel.ChannelManager - Closing Channel [id: 0x4467f10a, L:/127.0.0.1:56345 ! R:localhost/127.0.0.1:56325] 
14:23:14.219 [AsyncHttpClient-75-1] DEBUG org.asynchttpclient.netty.handler.HttpHandler - Channel Closed: [id: 0xc4e01f70, L:/127.0.0.1:56344 ! R:localhost/127.0.0.1:56325] with attribute DISCARD
14:23:14.231 [AsyncHttpClient-67-1] DEBUG org.asynchttpclient.netty.handler.HttpHandler - 

Request DefaultFullHttpRequest(decodeResult: success, version: HTTP/1.1, content: EmptyByteBufBE)
DELETE /session/954b29ac83556b31acd4cf58f98e7b49 HTTP/1.1
User-Agent: selenium/4.0.0-alpha-4 (java mac)
host: localhost:19513
accept: */*

Response DefaultHttpResponse(decodeResult: success, version: HTTP/1.1)
HTTP/1.1 200 OK
Content-Length: 14
Content-Type: application/json; charset=utf-8
cache-control: no-cache

14:23:14.231 [AsyncHttpClient-67-1] DEBUG org.asynchttpclient.netty.channel.ChannelManager - Adding key: http://localhost:19513 for channel [id: 0xeab30c89, L:/127.0.0.1:56314 - R:localhost/127.0.0.1:19513]
14:23:14.296 [AsyncHttpClient-67-1] DEBUG org.asynchttpclient.netty.handler.HttpHandler - Channel Closed: [id: 0xeab30c89, L:/127.0.0.1:56314 ! R:localhost/127.0.0.1:19513] with attribute DISCARD
14:23:14.317 [TestNG-tests-2] DEBUG io.github.bonigarcia.wdm.Shell - Running command on the shell: [/Applications/Chromium.app/Contents/MacOS/Chromium, --version]
14:23:14.324 [TestNG-tests-2] DEBUG io.github.bonigarcia.wdm.Shell - There was a problem executing command </Applications/Chromium.app/Contents/MacOS/Chromium --version> on the shell: Cannot run program "/Applications/Chromium.app/Contents/MacOS/Chromium" (in directory "."): error=2, No such file or directory
14:23:14.325 [TestNG-tests-2] DEBUG io.github.bonigarcia.wdm.Shell - Result: 
14:23:14.325 [TestNG-tests-2] DEBUG io.github.bonigarcia.wdm.WebDriverManager - The proper chromedriver version for your Chromium is unknown ... trying with the latest
14:23:14.426 [AsyncHttpClient-timer-70-1] DEBUG org.asynchttpclient.netty.channel.DefaultChannelPool - Entry count for : http://localhost:14832 : 1
14:23:14.514 [AsyncHttpClient-timer-78-1] DEBUG org.asynchttpclient.netty.channel.DefaultChannelPool - Entry count for : http://localhost:56333 : 1
14:23:14.793 [AsyncHttpClient-timer-74-1] DEBUG org.asynchttpclient.netty.channel.DefaultChannelPool - Entry count for : http://localhost:56325 : 1
14:23:14.793 [AsyncHttpClient-timer-74-1] DEBUG org.asynchttpclient.netty.channel.DefaultChannelPool - Adding Candidate expired Channel [id: 0xc4e01f70, L:/127.0.0.1:56344 ! R:localhost/127.0.0.1:56325] isIdleTimeoutExpired=false isRemotelyClosed=true isTtlExpired=false
14:23:14.794 [AsyncHttpClient-timer-74-1] DEBUG org.asynchttpclient.netty.channel.DefaultChannelPool - Closing Idle Channel [id: 0xc4e01f70, L:/127.0.0.1:56344 ! R:localhost/127.0.0.1:56325]
14:23:14.795 [AsyncHttpClient-timer-74-1] DEBUG org.asynchttpclient.netty.channel.DefaultChannelPool - Closed 1 connections out of 1 in 2 ms
]]></system-out>
  </testcase>
  <testcase name="paralelTest5[safari](1)" classname="parallel.TestParallelNG" time="8.859">
    <system-out><![CDATA[14:23:14.812 [Forwarding quit on session f9d1de35200af2934f3ef48176804be5 to remote] DEBUG org.asynchttpclient.netty.request.NettyRequestSender - Using pooled Channel '[id: 0x22520421, L:/127.0.0.1:56332 - R:localhost/127.0.0.1:14832]' for 'DELETE' to 'http://localhost:14832/session/f9d1de35200af2934f3ef48176804be5'
14:23:14.813 [Forwarding quit on session f9d1de35200af2934f3ef48176804be5 to remote] DEBUG org.asynchttpclient.netty.request.NettyRequestSender - Using open Channel [id: 0x22520421, L:/127.0.0.1:56332 - R:localhost/127.0.0.1:14832] for DELETE '/session/f9d1de35200af2934f3ef48176804be5'
14:23:14.820 [AsyncHttpClient-81-1] DEBUG org.asynchttpclient.netty.handler.WebSocketHandler - Channel Closed: [id: 0x2a8c8404, L:/127.0.0.1:56369 ! R:localhost/127.0.0.1:56333] with attribute NettyResponseFuture{currentRetry=5,
	isDone=1,
	isCancelled=0,
	asyncHandler=org.asynchttpclient.ws.WebSocketUpgradeHandler@395a568f,
	nettyRequest=org.asynchttpclient.netty.request.NettyRequest@7c58cfc0,
	future=java.util.concurrent.CompletableFuture@5e375871[Completed normally],
	uri=ws://localhost:56333/devtools/browser/e6230500-2519-4731-9441-484346b8d8dd,
	keepAlive=true,
	redirectCount=0,
	timeoutsHolder=null,
	inAuth=0,
	touch=1592572985737}
14:23:14.821 [AsyncHttpClient-81-1] DEBUG org.asynchttpclient.netty.channel.ChannelManager - Closing Channel [id: 0x2a8c8404, L:/127.0.0.1:56369 ! R:localhost/127.0.0.1:56333] 
14:23:14.893 [AsyncHttpClient-79-1] DEBUG org.asynchttpclient.netty.handler.HttpHandler - Channel Closed: [id: 0xc283dead, L:/127.0.0.1:56368 ! R:localhost/127.0.0.1:56333] with attribute DISCARD
14:23:14.923 [AsyncHttpClient-71-1] DEBUG org.asynchttpclient.netty.handler.HttpHandler - 

Request DefaultFullHttpRequest(decodeResult: success, version: HTTP/1.1, content: EmptyByteBufBE)
DELETE /session/f9d1de35200af2934f3ef48176804be5 HTTP/1.1
User-Agent: selenium/4.0.0-alpha-4 (java mac)
host: localhost:14832
accept: */*

Response DefaultHttpResponse(decodeResult: success, version: HTTP/1.1)
HTTP/1.1 200 OK
Content-Length: 14
Content-Type: application/json; charset=utf-8
cache-control: no-cache

14:23:14.924 [AsyncHttpClient-71-1] DEBUG org.asynchttpclient.netty.channel.ChannelManager - Adding key: http://localhost:14832 for channel [id: 0x22520421, L:/127.0.0.1:56332 - R:localhost/127.0.0.1:14832]
14:23:14.974 [AsyncHttpClient-71-1] DEBUG org.asynchttpclient.netty.handler.HttpHandler - Channel Closed: [id: 0x22520421, L:/127.0.0.1:56332 ! R:localhost/127.0.0.1:14832] with attribute DISCARD
14:23:15.042 [AsyncHttpClient-timer-66-1] DEBUG org.asynchttpclient.netty.channel.DefaultChannelPool - Entry count for : http://localhost:19513 : 1
14:23:15.042 [AsyncHttpClient-timer-66-1] DEBUG org.asynchttpclient.netty.channel.DefaultChannelPool - Adding Candidate expired Channel [id: 0xeab30c89, L:/127.0.0.1:56314 ! R:localhost/127.0.0.1:19513] isIdleTimeoutExpired=false isRemotelyClosed=true isTtlExpired=false
14:23:15.042 [AsyncHttpClient-timer-66-1] DEBUG org.asynchttpclient.netty.channel.DefaultChannelPool - Closing Idle Channel [id: 0xeab30c89, L:/127.0.0.1:56314 ! R:localhost/127.0.0.1:19513]
14:23:15.042 [AsyncHttpClient-timer-66-1] DEBUG org.asynchttpclient.netty.channel.DefaultChannelPool - Closed 1 connections out of 1 in 0 ms
14:23:15.099 [TestNG-tests-2] DEBUG io.github.bonigarcia.wdm.WebDriverManager - Latest version of chromedriver according to https://chromedriver.storage.googleapis.com/LATEST_RELEASE is 83.0.4103.39
14:23:15.102 [TestNG-tests-2] DEBUG io.github.bonigarcia.wdm.WebDriverManager - Driver chromedriver 83.0.4103.39 found in cache
14:23:15.103 [TestNG-tests-2] INFO io.github.bonigarcia.wdm.WebDriverManager - Exporting webdriver.chrome.driver as /Users/slava/.m2/repository/webdriver/chromedriver/mac64/83.0.4103.39/chromedriver
14:23:15.113 [TestNG-tests-1] DEBUG io.github.bonigarcia.wdm.Shell - Running command on the shell: [/Applications/Chromium.app/Contents/MacOS/Chromium, --version]
14:23:15.124 [TestNG-tests-1] DEBUG io.github.bonigarcia.wdm.Shell - There was a problem executing command </Applications/Chromium.app/Contents/MacOS/Chromium --version> on the shell: Cannot run program "/Applications/Chromium.app/Contents/MacOS/Chromium" (in directory "."): error=2, No such file or directory
14:23:15.124 [TestNG-tests-1] DEBUG io.github.bonigarcia.wdm.Shell - Result: 
14:23:15.124 [TestNG-tests-1] DEBUG io.github.bonigarcia.wdm.WebDriverManager - The proper chromedriver version for your Chromium is unknown ... trying with the latest
14:23:15.211 [AsyncHttpClient-87-1] DEBUG org.asynchttpclient.netty.channel.NettyConnectListener - Using new Channel '[id: 0x2b62965c, L:/127.0.0.1:56722 - R:localhost/127.0.0.1:28080]' for 'POST' to '/session'
14:23:15.527 [AsyncHttpClient-timer-70-1] DEBUG org.asynchttpclient.netty.channel.DefaultChannelPool - Entry count for : http://localhost:14832 : 1
14:23:15.528 [AsyncHttpClient-timer-70-1] DEBUG org.asynchttpclient.netty.channel.DefaultChannelPool - Adding Candidate expired Channel [id: 0x22520421, L:/127.0.0.1:56332 ! R:localhost/127.0.0.1:14832] isIdleTimeoutExpired=false isRemotelyClosed=true isTtlExpired=false
14:23:15.528 [AsyncHttpClient-timer-70-1] DEBUG org.asynchttpclient.netty.channel.DefaultChannelPool - Closing Idle Channel [id: 0x22520421, L:/127.0.0.1:56332 ! R:localhost/127.0.0.1:14832]
14:23:15.528 [AsyncHttpClient-timer-70-1] DEBUG org.asynchttpclient.netty.channel.DefaultChannelPool - Closed 1 connections out of 1 in 0 ms
14:23:15.613 [AsyncHttpClient-timer-78-1] DEBUG org.asynchttpclient.netty.channel.DefaultChannelPool - Entry count for : http://localhost:56333 : 1
14:23:15.613 [AsyncHttpClient-timer-78-1] DEBUG org.asynchttpclient.netty.channel.DefaultChannelPool - Adding Candidate expired Channel [id: 0xc283dead, L:/127.0.0.1:56368 ! R:localhost/127.0.0.1:56333] isIdleTimeoutExpired=false isRemotelyClosed=true isTtlExpired=false
14:23:15.614 [AsyncHttpClient-timer-78-1] DEBUG org.asynchttpclient.netty.channel.DefaultChannelPool - Closing Idle Channel [id: 0xc283dead, L:/127.0.0.1:56368 ! R:localhost/127.0.0.1:56333]
14:23:15.615 [AsyncHttpClient-timer-78-1] DEBUG org.asynchttpclient.netty.channel.DefaultChannelPool - Closed 1 connections out of 1 in 2 ms
14:23:15.769 [TestNG-tests-1] DEBUG io.github.bonigarcia.wdm.WebDriverManager - Latest version of chromedriver according to https://chromedriver.storage.googleapis.com/LATEST_RELEASE is 83.0.4103.39
14:23:15.773 [TestNG-tests-1] DEBUG io.github.bonigarcia.wdm.WebDriverManager - Driver chromedriver 83.0.4103.39 found in cache
14:23:15.774 [TestNG-tests-1] INFO io.github.bonigarcia.wdm.WebDriverManager - Exporting webdriver.chrome.driver as /Users/slava/.m2/repository/webdriver/chromedriver/mac64/83.0.4103.39/chromedriver
14:23:15.887 [AsyncHttpClient-91-1] DEBUG org.asynchttpclient.netty.channel.NettyConnectListener - Using new Channel '[id: 0x93b60b2c, L:/127.0.0.1:56731 - R:localhost/127.0.0.1:47231]' for 'POST' to '/session'
14:23:16.873 [AsyncHttpClient-87-1] DEBUG org.asynchttpclient.netty.handler.HttpHandler - 

Request DefaultHttpRequest(decodeResult: success, version: HTTP/1.1)
POST /session HTTP/1.1
User-Agent: selenium/4.0.0-alpha-4 (java mac)
Content-Length: 425
Content-Type: application/json; charset=utf-8
host: localhost:28080
accept: */*

Response DefaultHttpResponse(decodeResult: success, version: HTTP/1.1)
HTTP/1.1 200 OK
Content-Length: 727
Content-Type: application/json; charset=utf-8
cache-control: no-cache

14:23:16.873 [AsyncHttpClient-87-1] DEBUG org.asynchttpclient.netty.channel.ChannelManager - Adding key: http://localhost:28080 for channel [id: 0x2b62965c, L:/127.0.0.1:56722 - R:localhost/127.0.0.1:28080]
14:23:16.885 [AsyncHttpClient-95-1] DEBUG org.asynchttpclient.netty.channel.NettyConnectListener - Using new Channel '[id: 0xd2762332, L:/127.0.0.1:56737 - R:localhost/127.0.0.1:56724]' for 'GET' to '/json/version'
14:23:16.886 [AsyncHttpClient-95-1] DEBUG org.asynchttpclient.netty.handler.HttpHandler - 

Request DefaultFullHttpRequest(decodeResult: success, version: HTTP/1.1, content: EmptyByteBufBE)
GET /json/version HTTP/1.1
User-Agent: selenium/4.0.0-alpha-4 (java mac)
host: localhost:56724
accept: */*

Response DefaultHttpResponse(decodeResult: success, version: HTTP/1.1)
HTTP/1.1 200 OK
Content-Length: 424
Content-Type: application/json; charset=UTF-8

14:23:16.887 [AsyncHttpClient-95-1] DEBUG org.asynchttpclient.netty.channel.ChannelManager - Adding key: http://localhost:56724 for channel [id: 0xd2762332, L:/127.0.0.1:56737 - R:localhost/127.0.0.1:56724]
14:23:16.892 [AsyncHttpClient-97-1] DEBUG org.asynchttpclient.netty.channel.NettyConnectListener - Using new Channel '[id: 0xfe0b91bd, L:/127.0.0.1:56738 - R:localhost/127.0.0.1:56724]' for 'GET' to '/devtools/browser/da9e45d4-1410-4a53-ad86-7774c59b2f68'
14:23:16.894 [AsyncHttpClient-97-1] DEBUG org.asynchttpclient.netty.handler.WebSocketHandler - 

Request DefaultFullHttpRequest(decodeResult: success, version: HTTP/1.1, content: EmptyByteBufBE)
GET /devtools/browser/da9e45d4-1410-4a53-ad86-7774c59b2f68 HTTP/1.1
upgrade: websocket
connection: upgrade
sec-websocket-key: LqMJP1oQouOysgDMTMBOzw==
sec-websocket-version: 13
origin: http://localhost:56724
host: localhost:56724
accept: */*
user-agent: AHC/2.1

Response DefaultHttpResponse(decodeResult: success, version: HTTP/1.1)
HTTP/1.1 101 WebSocket Protocol Handshake
Upgrade: WebSocket
Connection: Upgrade
Sec-WebSocket-Accept: DoecFU7ZdTJSOG+W5D/27RLEE4c=

chrome
TestThread 14
14:23:16.897 [Forwarding get on session e95db795e254b5d6ea443f87f4cf7516 to remote] DEBUG org.asynchttpclient.netty.request.NettyRequestSender - Using pooled Channel '[id: 0x2b62965c, L:/127.0.0.1:56722 - R:localhost/127.0.0.1:28080]' for 'POST' to 'http://localhost:28080/session/e95db795e254b5d6ea443f87f4cf7516/url'
14:23:16.898 [Forwarding get on session e95db795e254b5d6ea443f87f4cf7516 to remote] DEBUG org.asynchttpclient.netty.request.NettyRequestSender - Using open Channel [id: 0x2b62965c, L:/127.0.0.1:56722 - R:localhost/127.0.0.1:28080] for POST '/session/e95db795e254b5d6ea443f87f4cf7516/url'
14:23:17.514 [AsyncHttpClient-91-1] DEBUG org.asynchttpclient.netty.handler.HttpHandler - 

Request DefaultHttpRequest(decodeResult: success, version: HTTP/1.1)
POST /session HTTP/1.1
User-Agent: selenium/4.0.0-alpha-4 (java mac)
Content-Length: 425
Content-Type: application/json; charset=utf-8
host: localhost:47231
accept: */*

Response DefaultHttpResponse(decodeResult: success, version: HTTP/1.1)
HTTP/1.1 200 OK
Content-Length: 727
Content-Type: application/json; charset=utf-8
cache-control: no-cache

14:23:17.514 [AsyncHttpClient-91-1] DEBUG org.asynchttpclient.netty.channel.ChannelManager - Adding key: http://localhost:47231 for channel [id: 0x93b60b2c, L:/127.0.0.1:56731 - R:localhost/127.0.0.1:47231]
14:23:17.527 [AsyncHttpClient-99-1] DEBUG org.asynchttpclient.netty.channel.NettyConnectListener - Using new Channel '[id: 0x21f94b43, L:/127.0.0.1:56749 - R:localhost/127.0.0.1:56732]' for 'GET' to '/json/version'
14:23:17.528 [AsyncHttpClient-99-1] DEBUG org.asynchttpclient.netty.handler.HttpHandler - 

Request DefaultFullHttpRequest(decodeResult: success, version: HTTP/1.1, content: EmptyByteBufBE)
GET /json/version HTTP/1.1
User-Agent: selenium/4.0.0-alpha-4 (java mac)
host: localhost:56732
accept: */*

Response DefaultHttpResponse(decodeResult: success, version: HTTP/1.1)
HTTP/1.1 200 OK
Content-Length: 424
Content-Type: application/json; charset=UTF-8

14:23:17.529 [AsyncHttpClient-99-1] DEBUG org.asynchttpclient.netty.channel.ChannelManager - Adding key: http://localhost:56732 for channel [id: 0x21f94b43, L:/127.0.0.1:56749 - R:localhost/127.0.0.1:56732]
14:23:17.533 [AsyncHttpClient-101-1] DEBUG org.asynchttpclient.netty.channel.NettyConnectListener - Using new Channel '[id: 0x311b361b, L:/127.0.0.1:56750 - R:localhost/127.0.0.1:56732]' for 'GET' to '/devtools/browser/76155f92-5ff8-4e39-abdc-cfa720f688af'
14:23:17.538 [AsyncHttpClient-101-1] DEBUG org.asynchttpclient.netty.handler.WebSocketHandler - 

Request DefaultFullHttpRequest(decodeResult: success, version: HTTP/1.1, content: EmptyByteBufBE)
GET /devtools/browser/76155f92-5ff8-4e39-abdc-cfa720f688af HTTP/1.1
upgrade: websocket
connection: upgrade
sec-websocket-key: 5/sQ5/nsDMa8em1hPWt4ig==
sec-websocket-version: 13
origin: http://localhost:56732
host: localhost:56732
accept: */*
user-agent: AHC/2.1

Response DefaultHttpResponse(decodeResult: success, version: HTTP/1.1)
HTTP/1.1 101 WebSocket Protocol Handshake
Upgrade: WebSocket
Connection: Upgrade
Sec-WebSocket-Accept: fgwfa5G0Ldyx4qwsqYzuy3NiUws=

chrome
TestThread 13
14:23:17.541 [Forwarding get on session 86723a56484959925d83e34af48fa610 to remote] DEBUG org.asynchttpclient.netty.request.NettyRequestSender - Using pooled Channel '[id: 0x93b60b2c, L:/127.0.0.1:56731 - R:localhost/127.0.0.1:47231]' for 'POST' to 'http://localhost:47231/session/86723a56484959925d83e34af48fa610/url'
14:23:17.541 [Forwarding get on session 86723a56484959925d83e34af48fa610 to remote] DEBUG org.asynchttpclient.netty.request.NettyRequestSender - Using open Channel [id: 0x93b60b2c, L:/127.0.0.1:56731 - R:localhost/127.0.0.1:47231] for POST '/session/86723a56484959925d83e34af48fa610/url'
14:23:17.979 [AsyncHttpClient-timer-94-1] DEBUG org.asynchttpclient.netty.channel.DefaultChannelPool - Entry count for : http://localhost:56724 : 1
14:23:18.620 [AsyncHttpClient-timer-98-1] DEBUG org.asynchttpclient.netty.channel.DefaultChannelPool - Entry count for : http://localhost:56732 : 1
14:23:19.079 [AsyncHttpClient-timer-94-1] DEBUG org.asynchttpclient.netty.channel.DefaultChannelPool - Entry count for : http://localhost:56724 : 1
14:23:19.723 [AsyncHttpClient-timer-98-1] DEBUG org.asynchttpclient.netty.channel.DefaultChannelPool - Entry count for : http://localhost:56732 : 1
14:23:20.180 [AsyncHttpClient-timer-94-1] DEBUG org.asynchttpclient.netty.channel.DefaultChannelPool - Entry count for : http://localhost:56724 : 1
14:23:20.450 [AsyncHttpClient-83-1] DEBUG org.asynchttpclient.netty.handler.HttpHandler - 

Request DefaultHttpRequest(decodeResult: success, version: HTTP/1.1)
POST /session/49E779A8-F923-43FC-8239-6E6DD1110043/url HTTP/1.1
User-Agent: selenium/4.0.0-alpha-4 (java mac)
Content-Length: 41
Content-Type: application/json; charset=utf-8
host: localhost:44432
accept: */*

Response DefaultHttpResponse(decodeResult: success, version: HTTP/1.1)
HTTP/1.1 200 OK
Date: Fri, 19 Jun 2020 13:23:20 GMT
Accept-Ranges: bytes
Content-Type: application/json;charset=UTF-8
Content-Length: 74
Server: SafariDriver/1.0
Connection: keep-alive

14:23:20.450 [AsyncHttpClient-83-1] DEBUG org.asynchttpclient.netty.channel.ChannelManager - Adding key: http://localhost:44432 for channel [id: 0x36112643, L:/127.0.0.1:56695 - R:localhost/127.0.0.1:44432]
14:23:20.453 [Forwarding findElement on session 49E779A8-F923-43FC-8239-6E6DD1110043 to remote] DEBUG org.asynchttpclient.netty.request.NettyRequestSender - Using pooled Channel '[id: 0x36112643, L:/127.0.0.1:56695 - R:localhost/127.0.0.1:44432]' for 'POST' to 'http://localhost:44432/session/49E779A8-F923-43FC-8239-6E6DD1110043/element'
14:23:20.453 [Forwarding findElement on session 49E779A8-F923-43FC-8239-6E6DD1110043 to remote] DEBUG org.asynchttpclient.netty.request.NettyRequestSender - Using open Channel [id: 0x36112643, L:/127.0.0.1:56695 - R:localhost/127.0.0.1:44432] for POST '/session/49E779A8-F923-43FC-8239-6E6DD1110043/element'
14:23:20.819 [AsyncHttpClient-timer-98-1] DEBUG org.asynchttpclient.netty.channel.DefaultChannelPool - Entry count for : http://localhost:56732 : 1
14:23:21.235 [AsyncHttpClient-83-1] DEBUG org.asynchttpclient.netty.handler.HttpHandler - 

Request DefaultHttpRequest(decodeResult: success, version: HTTP/1.1)
POST /session/49E779A8-F923-43FC-8239-6E6DD1110043/element HTTP/1.1
User-Agent: selenium/4.0.0-alpha-4 (java mac)
Content-Length: 38
Content-Type: application/json; charset=utf-8
host: localhost:44432
accept: */*

Response DefaultHttpResponse(decodeResult: success, version: HTTP/1.1)
HTTP/1.1 200 OK
Date: Fri, 19 Jun 2020 13:23:21 GMT
Accept-Ranges: bytes
Content-Type: application/json;charset=UTF-8
Content-Length: 127
Server: SafariDriver/1.0
Connection: keep-alive

14:23:21.237 [AsyncHttpClient-83-1] DEBUG org.asynchttpclient.netty.channel.ChannelManager - Adding key: http://localhost:44432 for channel [id: 0x36112643, L:/127.0.0.1:56695 - R:localhost/127.0.0.1:44432]
14:23:21.239 [Forwarding sendKeysToElement on session 49E779A8-F923-43FC-8239-6E6DD1110043 to remote] DEBUG org.asynchttpclient.netty.request.NettyRequestSender - Using pooled Channel '[id: 0x36112643, L:/127.0.0.1:56695 - R:localhost/127.0.0.1:44432]' for 'POST' to 'http://localhost:44432/session/49E779A8-F923-43FC-8239-6E6DD1110043/element/node-5AAA1B09-9316-4DCE-8C19-C361B6F07902/value'
14:23:21.240 [Forwarding sendKeysToElement on session 49E779A8-F923-43FC-8239-6E6DD1110043 to remote] DEBUG org.asynchttpclient.netty.request.NettyRequestSender - Using open Channel [id: 0x36112643, L:/127.0.0.1:56695 - R:localhost/127.0.0.1:44432] for POST '/session/49E779A8-F923-43FC-8239-6E6DD1110043/element/node-5AAA1B09-9316-4DCE-8C19-C361B6F07902/value'
14:23:21.283 [AsyncHttpClient-timer-94-1] DEBUG org.asynchttpclient.netty.channel.DefaultChannelPool - Entry count for : http://localhost:56724 : 1
14:23:21.922 [AsyncHttpClient-timer-98-1] DEBUG org.asynchttpclient.netty.channel.DefaultChannelPool - Entry count for : http://localhost:56732 : 1
14:23:22.378 [AsyncHttpClient-timer-94-1] DEBUG org.asynchttpclient.netty.channel.DefaultChannelPool - Entry count for : http://localhost:56724 : 1
14:23:23.023 [AsyncHttpClient-timer-98-1] DEBUG org.asynchttpclient.netty.channel.DefaultChannelPool - Entry count for : http://localhost:56732 : 1
14:23:23.320 [AsyncHttpClient-83-1] DEBUG org.asynchttpclient.netty.handler.HttpHandler - 

Request DefaultHttpRequest(decodeResult: success, version: HTTP/1.1)
POST /session/49E779A8-F923-43FC-8239-6E6DD1110043/element/node-5AAA1B09-9316-4DCE-8C19-C361B6F07902/value HTTP/1.1
User-Agent: selenium/4.0.0-alpha-4 (java mac)
Content-Length: 82
Content-Type: application/json; charset=utf-8
host: localhost:44432
accept: */*

Response DefaultHttpResponse(decodeResult: success, version: HTTP/1.1)
HTTP/1.1 200 OK
Date: Fri, 19 Jun 2020 13:23:23 GMT
Accept-Ranges: bytes
Content-Type: application/json;charset=UTF-8
Content-Length: 74
Server: SafariDriver/1.0
Connection: keep-alive

14:23:23.320 [AsyncHttpClient-83-1] DEBUG org.asynchttpclient.netty.channel.ChannelManager - Adding key: http://localhost:44432 for channel [id: 0x36112643, L:/127.0.0.1:56695 - R:localhost/127.0.0.1:44432]
14:23:23.484 [AsyncHttpClient-timer-94-1] DEBUG org.asynchttpclient.netty.channel.DefaultChannelPool - Entry count for : http://localhost:56724 : 1
14:23:23.531 [AsyncHttpClient-91-1] DEBUG org.asynchttpclient.netty.handler.HttpHandler - 

Request DefaultHttpRequest(decodeResult: success, version: HTTP/1.1)
POST /session/86723a56484959925d83e34af48fa610/url HTTP/1.1
User-Agent: selenium/4.0.0-alpha-4 (java mac)
Content-Length: 41
Content-Type: application/json; charset=utf-8
host: localhost:47231
accept: */*

Response DefaultHttpResponse(decodeResult: success, version: HTTP/1.1)
HTTP/1.1 200 OK
Content-Length: 14
Content-Type: application/json; charset=utf-8
cache-control: no-cache

14:23:23.531 [AsyncHttpClient-91-1] DEBUG org.asynchttpclient.netty.channel.ChannelManager - Adding key: http://localhost:47231 for channel [id: 0x93b60b2c, L:/127.0.0.1:56731 - R:localhost/127.0.0.1:47231]
14:23:23.536 [Forwarding findElement on session 86723a56484959925d83e34af48fa610 to remote] DEBUG org.asynchttpclient.netty.request.NettyRequestSender - Using pooled Channel '[id: 0x93b60b2c, L:/127.0.0.1:56731 - R:localhost/127.0.0.1:47231]' for 'POST' to 'http://localhost:47231/session/86723a56484959925d83e34af48fa610/element'
14:23:23.537 [Forwarding findElement on session 86723a56484959925d83e34af48fa610 to remote] DEBUG org.asynchttpclient.netty.request.NettyRequestSender - Using open Channel [id: 0x93b60b2c, L:/127.0.0.1:56731 - R:localhost/127.0.0.1:47231] for POST '/session/86723a56484959925d83e34af48fa610/element'
14:23:23.635 [AsyncHttpClient-timer-82-1] DEBUG org.asynchttpclient.netty.channel.DefaultChannelPool - Entry count for : http://localhost:44432 : 1
14:23:23.718 [AsyncHttpClient-91-1] DEBUG org.asynchttpclient.netty.handler.HttpHandler - 

Request DefaultHttpRequest(decodeResult: success, version: HTTP/1.1)
POST /session/86723a56484959925d83e34af48fa610/element HTTP/1.1
User-Agent: selenium/4.0.0-alpha-4 (java mac)
Content-Length: 49
Content-Type: application/json; charset=utf-8
host: localhost:47231
accept: */*

Response DefaultHttpResponse(decodeResult: success, version: HTTP/1.1)
HTTP/1.1 200 OK
Content-Length: 88
Content-Type: application/json; charset=utf-8
cache-control: no-cache

14:23:23.718 [AsyncHttpClient-91-1] DEBUG org.asynchttpclient.netty.channel.ChannelManager - Adding key: http://localhost:47231 for channel [id: 0x93b60b2c, L:/127.0.0.1:56731 - R:localhost/127.0.0.1:47231]
14:23:23.722 [Forwarding sendKeysToElement on session 86723a56484959925d83e34af48fa610 to remote] DEBUG org.asynchttpclient.netty.request.NettyRequestSender - Using pooled Channel '[id: 0x93b60b2c, L:/127.0.0.1:56731 - R:localhost/127.0.0.1:47231]' for 'POST' to 'http://localhost:47231/session/86723a56484959925d83e34af48fa610/element/6ed2936d-ef77-48e1-a127-f590cb08ac55/value'
14:23:23.722 [Forwarding sendKeysToElement on session 86723a56484959925d83e34af48fa610 to remote] DEBUG org.asynchttpclient.netty.request.NettyRequestSender - Using open Channel [id: 0x93b60b2c, L:/127.0.0.1:56731 - R:localhost/127.0.0.1:47231] for POST '/session/86723a56484959925d83e34af48fa610/element/6ed2936d-ef77-48e1-a127-f590cb08ac55/value'
14:23:23.787 [AsyncHttpClient-87-1] DEBUG org.asynchttpclient.netty.handler.HttpHandler - 

Request DefaultHttpRequest(decodeResult: success, version: HTTP/1.1)
POST /session/e95db795e254b5d6ea443f87f4cf7516/url HTTP/1.1
User-Agent: selenium/4.0.0-alpha-4 (java mac)
Content-Length: 41
Content-Type: application/json; charset=utf-8
host: localhost:28080
accept: */*

Response DefaultHttpResponse(decodeResult: success, version: HTTP/1.1)
HTTP/1.1 200 OK
Content-Length: 14
Content-Type: application/json; charset=utf-8
cache-control: no-cache

14:23:23.787 [AsyncHttpClient-87-1] DEBUG org.asynchttpclient.netty.channel.ChannelManager - Adding key: http://localhost:28080 for channel [id: 0x2b62965c, L:/127.0.0.1:56722 - R:localhost/127.0.0.1:28080]
14:23:23.791 [Forwarding findElement on session e95db795e254b5d6ea443f87f4cf7516 to remote] DEBUG org.asynchttpclient.netty.request.NettyRequestSender - Using pooled Channel '[id: 0x2b62965c, L:/127.0.0.1:56722 - R:localhost/127.0.0.1:28080]' for 'POST' to 'http://localhost:28080/session/e95db795e254b5d6ea443f87f4cf7516/element'
14:23:23.791 [Forwarding findElement on session e95db795e254b5d6ea443f87f4cf7516 to remote] DEBUG org.asynchttpclient.netty.request.NettyRequestSender - Using open Channel [id: 0x2b62965c, L:/127.0.0.1:56722 - R:localhost/127.0.0.1:28080] for POST '/session/e95db795e254b5d6ea443f87f4cf7516/element'
14:23:23.889 [AsyncHttpClient-87-1] DEBUG org.asynchttpclient.netty.handler.HttpHandler - 

Request DefaultHttpRequest(decodeResult: success, version: HTTP/1.1)
POST /session/e95db795e254b5d6ea443f87f4cf7516/element HTTP/1.1
User-Agent: selenium/4.0.0-alpha-4 (java mac)
Content-Length: 49
Content-Type: application/json; charset=utf-8
host: localhost:28080
accept: */*

Response DefaultHttpResponse(decodeResult: success, version: HTTP/1.1)
HTTP/1.1 200 OK
Content-Length: 88
Content-Type: application/json; charset=utf-8
cache-control: no-cache

14:23:23.890 [AsyncHttpClient-87-1] DEBUG org.asynchttpclient.netty.channel.ChannelManager - Adding key: http://localhost:28080 for channel [id: 0x2b62965c, L:/127.0.0.1:56722 - R:localhost/127.0.0.1:28080]
14:23:23.893 [Forwarding sendKeysToElement on session e95db795e254b5d6ea443f87f4cf7516 to remote] DEBUG org.asynchttpclient.netty.request.NettyRequestSender - Using pooled Channel '[id: 0x2b62965c, L:/127.0.0.1:56722 - R:localhost/127.0.0.1:28080]' for 'POST' to 'http://localhost:28080/session/e95db795e254b5d6ea443f87f4cf7516/element/a580ed35-7f2a-4b1a-9694-d32bd1654924/value'
14:23:23.893 [Forwarding sendKeysToElement on session e95db795e254b5d6ea443f87f4cf7516 to remote] DEBUG org.asynchttpclient.netty.request.NettyRequestSender - Using open Channel [id: 0x2b62965c, L:/127.0.0.1:56722 - R:localhost/127.0.0.1:28080] for POST '/session/e95db795e254b5d6ea443f87f4cf7516/element/a580ed35-7f2a-4b1a-9694-d32bd1654924/value'
14:23:23.996 [AsyncHttpClient-91-1] DEBUG org.asynchttpclient.netty.handler.HttpHandler - 

Request DefaultHttpRequest(decodeResult: success, version: HTTP/1.1)
POST /session/86723a56484959925d83e34af48fa610/element/6ed2936d-ef77-48e1-a127-f590cb08ac55/value HTTP/1.1
User-Agent: selenium/4.0.0-alpha-4 (java mac)
Content-Length: 101
Content-Type: application/json; charset=utf-8
host: localhost:47231
accept: */*

Response DefaultHttpResponse(decodeResult: success, version: HTTP/1.1)
HTTP/1.1 200 OK
Content-Length: 14
Content-Type: application/json; charset=utf-8
cache-control: no-cache

14:23:23.996 [AsyncHttpClient-91-1] DEBUG org.asynchttpclient.netty.channel.ChannelManager - Adding key: http://localhost:47231 for channel [id: 0x93b60b2c, L:/127.0.0.1:56731 - R:localhost/127.0.0.1:47231]
14:23:24.121 [AsyncHttpClient-87-1] DEBUG org.asynchttpclient.netty.handler.HttpHandler - 

Request DefaultHttpRequest(decodeResult: success, version: HTTP/1.1)
POST /session/e95db795e254b5d6ea443f87f4cf7516/element/a580ed35-7f2a-4b1a-9694-d32bd1654924/value HTTP/1.1
User-Agent: selenium/4.0.0-alpha-4 (java mac)
Content-Length: 101
Content-Type: application/json; charset=utf-8
host: localhost:28080
accept: */*

Response DefaultHttpResponse(decodeResult: success, version: HTTP/1.1)
HTTP/1.1 200 OK
Content-Length: 14
Content-Type: application/json; charset=utf-8
cache-control: no-cache

14:23:24.121 [AsyncHttpClient-87-1] DEBUG org.asynchttpclient.netty.channel.ChannelManager - Adding key: http://localhost:28080 for channel [id: 0x2b62965c, L:/127.0.0.1:56722 - R:localhost/127.0.0.1:28080]
14:23:24.123 [AsyncHttpClient-timer-98-1] DEBUG org.asynchttpclient.netty.channel.DefaultChannelPool - Entry count for : http://localhost:56732 : 1
14:23:24.582 [AsyncHttpClient-timer-94-1] DEBUG org.asynchttpclient.netty.channel.DefaultChannelPool - Entry count for : http://localhost:56724 : 1
14:23:24.588 [AsyncHttpClient-timer-90-1] DEBUG org.asynchttpclient.netty.channel.DefaultChannelPool - Entry count for : http://localhost:47231 : 1
14:23:24.733 [AsyncHttpClient-timer-82-1] DEBUG org.asynchttpclient.netty.channel.DefaultChannelPool - Entry count for : http://localhost:44432 : 1
14:23:25.011 [AsyncHttpClient-timer-86-1] DEBUG org.asynchttpclient.netty.channel.DefaultChannelPool - Entry count for : http://localhost:28080 : 1
14:23:25.220 [AsyncHttpClient-timer-98-1] DEBUG org.asynchttpclient.netty.channel.DefaultChannelPool - Entry count for : http://localhost:56732 : 1
14:23:25.682 [AsyncHttpClient-timer-94-1] DEBUG org.asynchttpclient.netty.channel.DefaultChannelPool - Entry count for : http://localhost:56724 : 1
14:23:25.688 [AsyncHttpClient-timer-90-1] DEBUG org.asynchttpclient.netty.channel.DefaultChannelPool - Entry count for : http://localhost:47231 : 1
14:23:25.835 [AsyncHttpClient-timer-82-1] DEBUG org.asynchttpclient.netty.channel.DefaultChannelPool - Entry count for : http://localhost:44432 : 1
14:23:26.112 [AsyncHttpClient-timer-86-1] DEBUG org.asynchttpclient.netty.channel.DefaultChannelPool - Entry count for : http://localhost:28080 : 1
14:23:26.324 [AsyncHttpClient-timer-98-1] DEBUG org.asynchttpclient.netty.channel.DefaultChannelPool - Entry count for : http://localhost:56732 : 1
]]></system-out>
    <system-err><![CDATA[Starting ChromeDriver 83.0.4103.39 (ccbf011cb2d2b19b506d844400483861342c20cd-refs/branch-heads/4103@{#416}) on port 28080
Only local connections are allowed.
Please see https://chromedriver.chromium.org/security-considerations for suggestions on keeping ChromeDriver safe.
ChromeDriver was started successfully.
Starting ChromeDriver 83.0.4103.39 (ccbf011cb2d2b19b506d844400483861342c20cd-refs/branch-heads/4103@{#416}) on port 47231
Only local connections are allowed.
Please see https://chromedriver.chromium.org/security-considerations for suggestions on keeping ChromeDriver safe.
ChromeDriver was started successfully.
Jun 19, 2020 2:23:16 P.M. org.openqa.selenium.remote.ProtocolHandshake createSession
INFO: Detected dialect: W3C
Jun 19, 2020 2:23:17 P.M. org.openqa.selenium.remote.ProtocolHandshake createSession
INFO: Detected dialect: W3C
]]></system-err>
  </testcase>
  <testcase name="paralelTest5[chrome](1)" classname="parallel.TestParallelNG" time="9.589">
    <system-out><![CDATA[14:23:26.325 [Forwarding quit on session 49E779A8-F923-43FC-8239-6E6DD1110043 to remote] DEBUG org.asynchttpclient.netty.request.NettyRequestSender - Using pooled Channel '[id: 0x36112643, L:/127.0.0.1:56695 - R:localhost/127.0.0.1:44432]' for 'DELETE' to 'http://localhost:44432/session/49E779A8-F923-43FC-8239-6E6DD1110043'
14:23:26.325 [Forwarding quit on session 49E779A8-F923-43FC-8239-6E6DD1110043 to remote] DEBUG org.asynchttpclient.netty.request.NettyRequestSender - Using open Channel [id: 0x36112643, L:/127.0.0.1:56695 - R:localhost/127.0.0.1:44432] for DELETE '/session/49E779A8-F923-43FC-8239-6E6DD1110043'
14:23:26.329 [AsyncHttpClient-83-1] DEBUG org.asynchttpclient.netty.handler.HttpHandler - 

Request DefaultFullHttpRequest(decodeResult: success, version: HTTP/1.1, content: EmptyByteBufBE)
DELETE /session/49E779A8-F923-43FC-8239-6E6DD1110043 HTTP/1.1
User-Agent: selenium/4.0.0-alpha-4 (java mac)
host: localhost:44432
accept: */*

Response DefaultHttpResponse(decodeResult: success, version: HTTP/1.1)
HTTP/1.1 200 OK
Date: Fri, 19 Jun 2020 13:23:26 GMT
Accept-Ranges: bytes
Content-Type: application/json;charset=UTF-8
Content-Length: 74
Server: SafariDriver/1.0
Connection: keep-alive

14:23:26.421 [AsyncHttpClient-83-1] DEBUG org.asynchttpclient.netty.channel.ChannelManager - Adding key: http://localhost:44432 for channel [id: 0x36112643, L:/127.0.0.1:56695 - R:localhost/127.0.0.1:44432]
14:23:26.478 [AsyncHttpClient-83-1] DEBUG org.asynchttpclient.netty.handler.HttpHandler - Channel Closed: [id: 0x36112643, L:/127.0.0.1:56695 ! R:localhost/127.0.0.1:44432] with attribute DISCARD
14:23:26.782 [AsyncHttpClient-timer-94-1] DEBUG org.asynchttpclient.netty.channel.DefaultChannelPool - Entry count for : http://localhost:56724 : 1
14:23:26.789 [AsyncHttpClient-timer-90-1] DEBUG org.asynchttpclient.netty.channel.DefaultChannelPool - Entry count for : http://localhost:47231 : 1
14:23:26.933 [AsyncHttpClient-timer-82-1] DEBUG org.asynchttpclient.netty.channel.DefaultChannelPool - Entry count for : http://localhost:44432 : 1
14:23:26.933 [AsyncHttpClient-timer-82-1] DEBUG org.asynchttpclient.netty.channel.DefaultChannelPool - Adding Candidate expired Channel [id: 0x36112643, L:/127.0.0.1:56695 ! R:localhost/127.0.0.1:44432] isIdleTimeoutExpired=false isRemotelyClosed=true isTtlExpired=false
14:23:26.933 [AsyncHttpClient-timer-82-1] DEBUG org.asynchttpclient.netty.channel.DefaultChannelPool - Closing Idle Channel [id: 0x36112643, L:/127.0.0.1:56695 ! R:localhost/127.0.0.1:44432]
14:23:26.933 [AsyncHttpClient-timer-82-1] DEBUG org.asynchttpclient.netty.channel.DefaultChannelPool - Closed 1 connections out of 1 in 0 ms
]]></system-out>
  </testcase>
  <testcase name="paralelTest5[chrome](1)" classname="parallel.TestParallelNG" time="9.599">
    <system-out><![CDATA[14:23:27.004 [Forwarding quit on session 86723a56484959925d83e34af48fa610 to remote] DEBUG org.asynchttpclient.netty.request.NettyRequestSender - Using pooled Channel '[id: 0x93b60b2c, L:/127.0.0.1:56731 - R:localhost/127.0.0.1:47231]' for 'DELETE' to 'http://localhost:47231/session/86723a56484959925d83e34af48fa610'
14:23:27.004 [Forwarding quit on session 86723a56484959925d83e34af48fa610 to remote] DEBUG org.asynchttpclient.netty.request.NettyRequestSender - Using open Channel [id: 0x93b60b2c, L:/127.0.0.1:56731 - R:localhost/127.0.0.1:47231] for DELETE '/session/86723a56484959925d83e34af48fa610'
14:23:27.009 [AsyncHttpClient-101-1] DEBUG org.asynchttpclient.netty.handler.WebSocketHandler - Channel Closed: [id: 0x311b361b, L:/127.0.0.1:56750 ! R:localhost/127.0.0.1:56732] with attribute NettyResponseFuture{currentRetry=5,
	isDone=1,
	isCancelled=0,
	asyncHandler=org.asynchttpclient.ws.WebSocketUpgradeHandler@533a9826,
	nettyRequest=org.asynchttpclient.netty.request.NettyRequest@16380c25,
	future=java.util.concurrent.CompletableFuture@582e05f7[Completed normally],
	uri=ws://localhost:56732/devtools/browser/76155f92-5ff8-4e39-abdc-cfa720f688af,
	keepAlive=true,
	redirectCount=0,
	timeoutsHolder=null,
	inAuth=0,
	touch=1592572997539}
14:23:27.010 [AsyncHttpClient-101-1] DEBUG org.asynchttpclient.netty.channel.ChannelManager - Closing Channel [id: 0x311b361b, L:/127.0.0.1:56750 ! R:localhost/127.0.0.1:56732] 
14:23:27.061 [AsyncHttpClient-99-1] DEBUG org.asynchttpclient.netty.handler.HttpHandler - Channel Closed: [id: 0x21f94b43, L:/127.0.0.1:56749 ! R:localhost/127.0.0.1:56732] with attribute DISCARD
14:23:27.113 [AsyncHttpClient-91-1] DEBUG org.asynchttpclient.netty.handler.HttpHandler - 

Request DefaultFullHttpRequest(decodeResult: success, version: HTTP/1.1, content: EmptyByteBufBE)
DELETE /session/86723a56484959925d83e34af48fa610 HTTP/1.1
User-Agent: selenium/4.0.0-alpha-4 (java mac)
host: localhost:47231
accept: */*

Response DefaultHttpResponse(decodeResult: success, version: HTTP/1.1)
HTTP/1.1 200 OK
Content-Length: 14
Content-Type: application/json; charset=utf-8
cache-control: no-cache

14:23:27.114 [AsyncHttpClient-91-1] DEBUG org.asynchttpclient.netty.channel.ChannelManager - Adding key: http://localhost:47231 for channel [id: 0x93b60b2c, L:/127.0.0.1:56731 - R:localhost/127.0.0.1:47231]
]]></system-out>
  </testcase>
  <testcase name="GOOGLE1" classname="grid.FirstTest" time="0.306">
    <system-out><![CDATA[14:23:27.128 [Forwarding quit on session e95db795e254b5d6ea443f87f4cf7516 to remote] DEBUG org.asynchttpclient.netty.request.NettyRequestSender - Using pooled Channel '[id: 0x2b62965c, L:/127.0.0.1:56722 - R:localhost/127.0.0.1:28080]' for 'DELETE' to 'http://localhost:28080/session/e95db795e254b5d6ea443f87f4cf7516'
14:23:27.128 [Forwarding quit on session e95db795e254b5d6ea443f87f4cf7516 to remote] DEBUG org.asynchttpclient.netty.request.NettyRequestSender - Using open Channel [id: 0x2b62965c, L:/127.0.0.1:56722 - R:localhost/127.0.0.1:28080] for DELETE '/session/e95db795e254b5d6ea443f87f4cf7516'
14:23:27.260 [AsyncHttpClient-97-1] DEBUG org.asynchttpclient.netty.handler.WebSocketHandler - Unexpected I/O exception on channel [id: 0xfe0b91bd, L:/127.0.0.1:56738 - R:localhost/127.0.0.1:56724]
java.net.SocketException: Connection reset
	at java.base/sun.nio.ch.SocketChannelImpl.throwConnectionReset(SocketChannelImpl.java:345)
	at java.base/sun.nio.ch.SocketChannelImpl.read(SocketChannelImpl.java:376)
	at io.netty.buffer.PooledByteBuf.setBytes(PooledByteBuf.java:247)
	at io.netty.buffer.AbstractByteBuf.writeBytes(AbstractByteBuf.java:1147)
	at io.netty.channel.socket.nio.NioSocketChannel.doReadBytes(NioSocketChannel.java:350)
	at io.netty.channel.nio.AbstractNioByteChannel$NioByteUnsafe.read(AbstractNioByteChannel.java:148)
	at io.netty.channel.nio.NioEventLoop.processSelectedKey(NioEventLoop.java:700)
	at io.netty.channel.nio.NioEventLoop.processSelectedKeysOptimized(NioEventLoop.java:635)
	at io.netty.channel.nio.NioEventLoop.processSelectedKeys(NioEventLoop.java:552)
	at io.netty.channel.nio.NioEventLoop.run(NioEventLoop.java:514)
	at io.netty.util.concurrent.SingleThreadEventExecutor$6.run(SingleThreadEventExecutor.java:1050)
	at io.netty.util.internal.ThreadExecutorMap$2.run(ThreadExecutorMap.java:74)
	at io.netty.util.concurrent.FastThreadLocalRunnable.run(FastThreadLocalRunnable.java:30)
	at java.base/java.lang.Thread.run(Thread.java:830)
14:23:27.261 [AsyncHttpClient-97-1] DEBUG org.asynchttpclient.netty.handler.WebSocketHandler - Was unable to recover Future: NettyResponseFuture{currentRetry=5,
	isDone=1,
	isCancelled=0,
	asyncHandler=org.asynchttpclient.ws.WebSocketUpgradeHandler@6c12c456,
	nettyRequest=org.asynchttpclient.netty.request.NettyRequest@291057b0,
	future=java.util.concurrent.CompletableFuture@1ab04e2b[Completed normally],
	uri=ws://localhost:56724/devtools/browser/da9e45d4-1410-4a53-ad86-7774c59b2f68,
	keepAlive=true,
	redirectCount=0,
	timeoutsHolder=null,
	inAuth=0,
	touch=1592573007261}
14:23:27.261 [AsyncHttpClient-97-1] DEBUG org.asynchttpclient.netty.channel.ChannelManager - Closing Channel [id: 0xfe0b91bd, L:/127.0.0.1:56738 - R:localhost/127.0.0.1:56724] 
14:23:27.261 [AsyncHttpClient-97-1] WARN org.asynchttpclient.netty.handler.WebSocketHandler - onError
java.net.SocketException: Connection reset
	at java.base/sun.nio.ch.SocketChannelImpl.throwConnectionReset(SocketChannelImpl.java:345)
	at java.base/sun.nio.ch.SocketChannelImpl.read(SocketChannelImpl.java:376)
	at io.netty.buffer.PooledByteBuf.setBytes(PooledByteBuf.java:247)
	at io.netty.buffer.AbstractByteBuf.writeBytes(AbstractByteBuf.java:1147)
	at io.netty.channel.socket.nio.NioSocketChannel.doReadBytes(NioSocketChannel.java:350)
	at io.netty.channel.nio.AbstractNioByteChannel$NioByteUnsafe.read(AbstractNioByteChannel.java:148)
	at io.netty.channel.nio.NioEventLoop.processSelectedKey(NioEventLoop.java:700)
	at io.netty.channel.nio.NioEventLoop.processSelectedKeysOptimized(NioEventLoop.java:635)
	at io.netty.channel.nio.NioEventLoop.processSelectedKeys(NioEventLoop.java:552)
	at io.netty.channel.nio.NioEventLoop.run(NioEventLoop.java:514)
	at io.netty.util.concurrent.SingleThreadEventExecutor$6.run(SingleThreadEventExecutor.java:1050)
	at io.netty.util.internal.ThreadExecutorMap$2.run(ThreadExecutorMap.java:74)
	at io.netty.util.concurrent.FastThreadLocalRunnable.run(FastThreadLocalRunnable.java:30)
	at java.base/java.lang.Thread.run(Thread.java:830)
14:23:27.262 [AsyncHttpClient-97-1] DEBUG org.asynchttpclient.netty.channel.ChannelManager - Closing Channel [id: 0xfe0b91bd, L:/127.0.0.1:56738 ! R:localhost/127.0.0.1:56724] 
14:23:27.262 [AsyncHttpClient-97-1] DEBUG org.asynchttpclient.netty.handler.WebSocketHandler - Channel Closed: [id: 0xfe0b91bd, L:/127.0.0.1:56738 ! R:localhost/127.0.0.1:56724] with attribute DISCARD
14:23:27.265 [AsyncHttpClient-95-1] DEBUG org.asynchttpclient.netty.handler.HttpHandler - Channel Closed: [id: 0xd2762332, L:/127.0.0.1:56737 ! R:localhost/127.0.0.1:56724] with attribute DISCARD
14:23:27.305 [AsyncHttpClient-87-1] DEBUG org.asynchttpclient.netty.handler.HttpHandler - 

Request DefaultFullHttpRequest(decodeResult: success, version: HTTP/1.1, content: EmptyByteBufBE)
DELETE /session/e95db795e254b5d6ea443f87f4cf7516 HTTP/1.1
User-Agent: selenium/4.0.0-alpha-4 (java mac)
host: localhost:28080
accept: */*

Response DefaultHttpResponse(decodeResult: success, version: HTTP/1.1)
HTTP/1.1 200 OK
Content-Length: 14
Content-Type: application/json; charset=utf-8
cache-control: no-cache

14:23:27.306 [AsyncHttpClient-87-1] DEBUG org.asynchttpclient.netty.channel.ChannelManager - Adding key: http://localhost:28080 for channel [id: 0x2b62965c, L:/127.0.0.1:56722 - R:localhost/127.0.0.1:28080]
14:23:27.333 [AsyncHttpClient-91-1] DEBUG org.asynchttpclient.netty.handler.HttpHandler - Channel Closed: [id: 0x93b60b2c, L:/127.0.0.1:56731 ! R:localhost/127.0.0.1:47231] with attribute DISCARD
14:23:27.386 [AsyncHttpClient-87-1] DEBUG org.asynchttpclient.netty.handler.HttpHandler - Channel Closed: [id: 0x2b62965c, L:/127.0.0.1:56722 ! R:localhost/127.0.0.1:28080] with attribute DISCARD
14:23:27.420 [AsyncHttpClient-timer-98-1] DEBUG org.asynchttpclient.netty.channel.DefaultChannelPool - Entry count for : http://localhost:56732 : 1
14:23:27.420 [AsyncHttpClient-timer-98-1] DEBUG org.asynchttpclient.netty.channel.DefaultChannelPool - Adding Candidate expired Channel [id: 0x21f94b43, L:/127.0.0.1:56749 ! R:localhost/127.0.0.1:56732] isIdleTimeoutExpired=false isRemotelyClosed=true isTtlExpired=false
14:23:27.420 [AsyncHttpClient-timer-98-1] DEBUG org.asynchttpclient.netty.channel.DefaultChannelPool - Closing Idle Channel [id: 0x21f94b43, L:/127.0.0.1:56749 ! R:localhost/127.0.0.1:56732]
14:23:27.423 [AsyncHttpClient-timer-98-1] DEBUG org.asynchttpclient.netty.channel.DefaultChannelPool - Closed 1 connections out of 1 in 3 ms
14:23:27.523 [AsyncHttpClient-105-1] DEBUG org.asynchttpclient.netty.channel.NettyConnectListener - Using new Channel '[id: 0x1eb60082, L:/127.0.0.1:56951 - R:localhost/127.0.0.1:4444]' for 'POST' to '/wd/hub/session'
14:23:27.542 [AsyncHttpClient-109-1] DEBUG org.asynchttpclient.netty.channel.NettyConnectListener - Using new Channel '[id: 0x18d77c15, L:/127.0.0.1:56952 - R:localhost/127.0.0.1:4444]' for 'POST' to '/wd/hub/session'
14:23:27.543 [AsyncHttpClient-106-1] DEBUG org.asynchttpclient.netty.channel.NettyConnectListener - Using new Channel '[id: 0xe116ae55, L:/127.0.0.1:56953 - R:localhost/127.0.0.1:4444]' for 'POST' to '/wd/hub/session'
14:23:27.743 [AsyncHttpClient-119-1] DEBUG org.asynchttpclient.netty.channel.NettyConnectListener - Using new Channel '[id: 0x031c4cb3, L:/127.0.0.1:56954 - R:localhost/127.0.0.1:4444]' for 'POST' to '/wd/hub/session'
14:23:27.767 [AsyncHttpClient-115-1] DEBUG org.asynchttpclient.netty.channel.NettyConnectListener - Using new Channel '[id: 0x12aea7a2, L:/127.0.0.1:56955 - R:localhost/127.0.0.1:4444]' for 'POST' to '/wd/hub/session'
14:23:27.880 [AsyncHttpClient-timer-94-1] DEBUG org.asynchttpclient.netty.channel.DefaultChannelPool - Entry count for : http://localhost:56724 : 1
14:23:27.881 [AsyncHttpClient-timer-94-1] DEBUG org.asynchttpclient.netty.channel.DefaultChannelPool - Adding Candidate expired Channel [id: 0xd2762332, L:/127.0.0.1:56737 ! R:localhost/127.0.0.1:56724] isIdleTimeoutExpired=false isRemotelyClosed=true isTtlExpired=false
14:23:27.881 [AsyncHttpClient-timer-94-1] DEBUG org.asynchttpclient.netty.channel.DefaultChannelPool - Closing Idle Channel [id: 0xd2762332, L:/127.0.0.1:56737 ! R:localhost/127.0.0.1:56724]
14:23:27.884 [AsyncHttpClient-timer-94-1] DEBUG org.asynchttpclient.netty.channel.DefaultChannelPool - Closed 1 connections out of 1 in 3 ms
14:23:27.889 [AsyncHttpClient-timer-90-1] DEBUG org.asynchttpclient.netty.channel.DefaultChannelPool - Entry count for : http://localhost:47231 : 1
14:23:27.889 [AsyncHttpClient-timer-90-1] DEBUG org.asynchttpclient.netty.channel.DefaultChannelPool - Adding Candidate expired Channel [id: 0x93b60b2c, L:/127.0.0.1:56731 ! R:localhost/127.0.0.1:47231] isIdleTimeoutExpired=false isRemotelyClosed=true isTtlExpired=false
14:23:27.889 [AsyncHttpClient-timer-90-1] DEBUG org.asynchttpclient.netty.channel.DefaultChannelPool - Closing Idle Channel [id: 0x93b60b2c, L:/127.0.0.1:56731 ! R:localhost/127.0.0.1:47231]
14:23:27.889 [AsyncHttpClient-timer-90-1] DEBUG org.asynchttpclient.netty.channel.DefaultChannelPool - Closed 1 connections out of 1 in 0 ms
14:23:28.310 [AsyncHttpClient-timer-86-1] DEBUG org.asynchttpclient.netty.channel.DefaultChannelPool - Entry count for : http://localhost:28080 : 1
14:23:28.310 [AsyncHttpClient-timer-86-1] DEBUG org.asynchttpclient.netty.channel.DefaultChannelPool - Adding Candidate expired Channel [id: 0x2b62965c, L:/127.0.0.1:56722 ! R:localhost/127.0.0.1:28080] isIdleTimeoutExpired=false isRemotelyClosed=true isTtlExpired=false
14:23:28.310 [AsyncHttpClient-timer-86-1] DEBUG org.asynchttpclient.netty.channel.DefaultChannelPool - Closing Idle Channel [id: 0x2b62965c, L:/127.0.0.1:56722 ! R:localhost/127.0.0.1:28080]
14:23:28.311 [AsyncHttpClient-timer-86-1] DEBUG org.asynchttpclient.netty.channel.DefaultChannelPool - Closed 1 connections out of 1 in 1 ms
14:23:31.375 [AsyncHttpClient-105-1] DEBUG org.asynchttpclient.netty.handler.HttpHandler - 

Request DefaultHttpRequest(decodeResult: success, version: HTTP/1.1)
POST /wd/hub/session HTTP/1.1
User-Agent: selenium/4.0.0-alpha-4 (java mac)
Content-Length: 583
Content-Type: application/json; charset=utf-8
host: localhost:4444
accept: */*

Response DefaultHttpResponse(decodeResult: success, version: HTTP/1.1)
HTTP/1.1 200 OK
Date: Fri, 19 Jun 2020 13:23:27 GMT
Server: Jetty(9.4.z-SNAPSHOT)
Cache-Control: no-cache
Expires: Thu, 01 Jan 1970 00:00:00 GMT
Content-Type: application/json;charset=utf-8
Content-Length: 1126

14:23:31.376 [AsyncHttpClient-105-1] DEBUG org.asynchttpclient.netty.channel.ChannelManager - Adding key: http://localhost:4444 for channel [id: 0x1eb60082, L:/127.0.0.1:56951 - R:localhost/127.0.0.1:4444]
Google3 Test Started! Thread Id: 167
14:23:31.382 [Forwarding get on session fc67cc6874eb5e4169ca6fadc1cc2aff to remote] DEBUG org.asynchttpclient.netty.request.NettyRequestSender - Using pooled Channel '[id: 0x1eb60082, L:/127.0.0.1:56951 - R:localhost/127.0.0.1:4444]' for 'POST' to 'http://localhost:4444/wd/hub/session/fc67cc6874eb5e4169ca6fadc1cc2aff/url'
14:23:31.382 [Forwarding get on session fc67cc6874eb5e4169ca6fadc1cc2aff to remote] DEBUG org.asynchttpclient.netty.request.NettyRequestSender - Using open Channel [id: 0x1eb60082, L:/127.0.0.1:56951 - R:localhost/127.0.0.1:4444] for POST '/wd/hub/session/fc67cc6874eb5e4169ca6fadc1cc2aff/url'
14:23:31.610 [AsyncHttpClient-106-1] DEBUG org.asynchttpclient.netty.handler.HttpHandler - 

Request DefaultHttpRequest(decodeResult: success, version: HTTP/1.1)
POST /wd/hub/session HTTP/1.1
User-Agent: selenium/4.0.0-alpha-4 (java mac)
Content-Length: 583
Content-Type: application/json; charset=utf-8
host: localhost:4444
accept: */*

Response DefaultHttpResponse(decodeResult: success, version: HTTP/1.1)
HTTP/1.1 200 OK
Date: Fri, 19 Jun 2020 13:23:27 GMT
Server: Jetty(9.4.z-SNAPSHOT)
Cache-Control: no-cache
Expires: Thu, 01 Jan 1970 00:00:00 GMT
Content-Type: application/json;charset=utf-8
Content-Length: 1126

14:23:31.611 [AsyncHttpClient-106-1] DEBUG org.asynchttpclient.netty.channel.ChannelManager - Adding key: http://localhost:4444 for channel [id: 0xe116ae55, L:/127.0.0.1:56953 - R:localhost/127.0.0.1:4444]
Google1 Test Started! Thread Id: 163
14:23:31.616 [Forwarding get on session f435fc212dbe449603baaf155e0b8665 to remote] DEBUG org.asynchttpclient.netty.request.NettyRequestSender - Using pooled Channel '[id: 0xe116ae55, L:/127.0.0.1:56953 - R:localhost/127.0.0.1:4444]' for 'POST' to 'http://localhost:4444/wd/hub/session/f435fc212dbe449603baaf155e0b8665/url'
14:23:31.616 [Forwarding get on session f435fc212dbe449603baaf155e0b8665 to remote] DEBUG org.asynchttpclient.netty.request.NettyRequestSender - Using open Channel [id: 0xe116ae55, L:/127.0.0.1:56953 - R:localhost/127.0.0.1:4444] for POST '/wd/hub/session/f435fc212dbe449603baaf155e0b8665/url'
14:23:32.455 [AsyncHttpClient-109-1] DEBUG org.asynchttpclient.netty.handler.HttpHandler - 

Request DefaultHttpRequest(decodeResult: success, version: HTTP/1.1)
POST /wd/hub/session HTTP/1.1
User-Agent: selenium/4.0.0-alpha-4 (java mac)
Content-Length: 583
Content-Type: application/json; charset=utf-8
host: localhost:4444
accept: */*

Response DefaultHttpResponse(decodeResult: success, version: HTTP/1.1)
HTTP/1.1 200 OK
Date: Fri, 19 Jun 2020 13:23:27 GMT
Server: Jetty(9.4.z-SNAPSHOT)
Cache-Control: no-cache
Expires: Thu, 01 Jan 1970 00:00:00 GMT
Content-Type: application/json;charset=utf-8
Content-Length: 1126

14:23:32.456 [AsyncHttpClient-109-1] DEBUG org.asynchttpclient.netty.channel.ChannelManager - Adding key: http://localhost:4444 for channel [id: 0x18d77c15, L:/127.0.0.1:56952 - R:localhost/127.0.0.1:4444]
Google2 Test Started! Thread Id: 165
14:23:32.461 [Forwarding get on session 2680bdf9f3e62bd303bf879cc43a73b3 to remote] DEBUG org.asynchttpclient.netty.request.NettyRequestSender - Using pooled Channel '[id: 0x18d77c15, L:/127.0.0.1:56952 - R:localhost/127.0.0.1:4444]' for 'POST' to 'http://localhost:4444/wd/hub/session/2680bdf9f3e62bd303bf879cc43a73b3/url'
14:23:32.461 [Forwarding get on session 2680bdf9f3e62bd303bf879cc43a73b3 to remote] DEBUG org.asynchttpclient.netty.request.NettyRequestSender - Using open Channel [id: 0x18d77c15, L:/127.0.0.1:56952 - R:localhost/127.0.0.1:4444] for POST '/wd/hub/session/2680bdf9f3e62bd303bf879cc43a73b3/url'
14:23:40.046 [AsyncHttpClient-115-1] DEBUG org.asynchttpclient.netty.handler.HttpHandler - 

Request DefaultHttpRequest(decodeResult: success, version: HTTP/1.1)
POST /wd/hub/session HTTP/1.1
User-Agent: selenium/4.0.0-alpha-4 (java mac)
Content-Length: 5132
Content-Type: application/json; charset=utf-8
host: localhost:4444
accept: */*

Response DefaultHttpResponse(decodeResult: success, version: HTTP/1.1)
HTTP/1.1 200 OK
Date: Fri, 19 Jun 2020 13:23:28 GMT
Server: Jetty(9.4.z-SNAPSHOT)
Cache-Control: no-cache
Expires: Thu, 01 Jan 1970 00:00:00 GMT
Content-Type: application/json;charset=utf-8
Content-Length: 1065

14:23:40.048 [AsyncHttpClient-115-1] DEBUG org.asynchttpclient.netty.channel.ChannelManager - Adding key: http://localhost:4444 for channel [id: 0x12aea7a2, L:/127.0.0.1:56955 - R:localhost/127.0.0.1:4444]
Yandex Test Started! Thread Id: 166
14:23:40.063 [Forwarding get on session 7e4fb69b-b767-e448-af04-1020d7158688 to remote] DEBUG org.asynchttpclient.netty.request.NettyRequestSender - Using pooled Channel '[id: 0x12aea7a2, L:/127.0.0.1:56955 - R:localhost/127.0.0.1:4444]' for 'POST' to 'http://localhost:4444/wd/hub/session/7e4fb69b-b767-e448-af04-1020d7158688/url'
14:23:40.063 [Forwarding get on session 7e4fb69b-b767-e448-af04-1020d7158688 to remote] DEBUG org.asynchttpclient.netty.request.NettyRequestSender - Using open Channel [id: 0x12aea7a2, L:/127.0.0.1:56955 - R:localhost/127.0.0.1:4444] for POST '/wd/hub/session/7e4fb69b-b767-e448-af04-1020d7158688/url'
14:23:40.279 [AsyncHttpClient-106-1] DEBUG org.asynchttpclient.netty.handler.HttpHandler - 

Request DefaultHttpRequest(decodeResult: success, version: HTTP/1.1)
POST /wd/hub/session/f435fc212dbe449603baaf155e0b8665/url HTTP/1.1
User-Agent: selenium/4.0.0-alpha-4 (java mac)
Content-Length: 46
Content-Type: application/json; charset=utf-8
host: localhost:4444
accept: */*

Response DefaultHttpResponse(decodeResult: success, version: HTTP/1.1)
HTTP/1.1 200 OK
Date: Fri, 19 Jun 2020 13:23:31 GMT
Server: Jetty(9.4.z-SNAPSHOT)
Cache-Control: no-cache
Expires: Thu, 01 Jan 1970 00:00:00 GMT
Content-Type: application/json;charset=utf-8
Content-Length: 72

14:23:40.280 [AsyncHttpClient-106-1] DEBUG org.asynchttpclient.netty.channel.ChannelManager - Adding key: http://localhost:4444 for channel [id: 0xe116ae55, L:/127.0.0.1:56953 - R:localhost/127.0.0.1:4444]
14:23:40.283 [Forwarding getTitle on session f435fc212dbe449603baaf155e0b8665 to remote] DEBUG org.asynchttpclient.netty.request.NettyRequestSender - Using pooled Channel '[id: 0xe116ae55, L:/127.0.0.1:56953 - R:localhost/127.0.0.1:4444]' for 'GET' to 'http://localhost:4444/wd/hub/session/f435fc212dbe449603baaf155e0b8665/title'
14:23:40.283 [Forwarding getTitle on session f435fc212dbe449603baaf155e0b8665 to remote] DEBUG org.asynchttpclient.netty.request.NettyRequestSender - Using open Channel [id: 0xe116ae55, L:/127.0.0.1:56953 - R:localhost/127.0.0.1:4444] for GET '/wd/hub/session/f435fc212dbe449603baaf155e0b8665/title'
14:23:40.300 [AsyncHttpClient-106-1] DEBUG org.asynchttpclient.netty.handler.HttpHandler - 

Request DefaultFullHttpRequest(decodeResult: success, version: HTTP/1.1, content: EmptyByteBufBE)
GET /wd/hub/session/f435fc212dbe449603baaf155e0b8665/title HTTP/1.1
User-Agent: selenium/4.0.0-alpha-4 (java mac)
Cache-Control: no-cache
host: localhost:4444
accept: */*

Response DefaultHttpResponse(decodeResult: success, version: HTTP/1.1)
HTTP/1.1 200 OK
Date: Fri, 19 Jun 2020 13:23:40 GMT
Server: Jetty(9.4.z-SNAPSHOT)
Cache-Control: no-cache
Expires: Thu, 01 Jan 1970 00:00:00 GMT
Content-Type: application/json;charset=utf-8
Content-Length: 76

14:23:40.300 [AsyncHttpClient-106-1] DEBUG org.asynchttpclient.netty.channel.ChannelManager - Adding key: http://localhost:4444 for channel [id: 0xe116ae55, L:/127.0.0.1:56953 - R:localhost/127.0.0.1:4444]
Google1 Test's Page title is: Google Thread Id: 163
14:23:40.302 [Forwarding getTitle on session f435fc212dbe449603baaf155e0b8665 to remote] DEBUG org.asynchttpclient.netty.request.NettyRequestSender - Using pooled Channel '[id: 0xe116ae55, L:/127.0.0.1:56953 - R:localhost/127.0.0.1:4444]' for 'GET' to 'http://localhost:4444/wd/hub/session/f435fc212dbe449603baaf155e0b8665/title'
14:23:40.302 [Forwarding getTitle on session f435fc212dbe449603baaf155e0b8665 to remote] DEBUG org.asynchttpclient.netty.request.NettyRequestSender - Using open Channel [id: 0xe116ae55, L:/127.0.0.1:56953 - R:localhost/127.0.0.1:4444] for GET '/wd/hub/session/f435fc212dbe449603baaf155e0b8665/title'
14:23:40.316 [AsyncHttpClient-106-1] DEBUG org.asynchttpclient.netty.handler.HttpHandler - 

Request DefaultFullHttpRequest(decodeResult: success, version: HTTP/1.1, content: EmptyByteBufBE)
GET /wd/hub/session/f435fc212dbe449603baaf155e0b8665/title HTTP/1.1
User-Agent: selenium/4.0.0-alpha-4 (java mac)
Cache-Control: no-cache
host: localhost:4444
accept: */*

Response DefaultHttpResponse(decodeResult: success, version: HTTP/1.1)
HTTP/1.1 200 OK
Date: Fri, 19 Jun 2020 13:23:40 GMT
Server: Jetty(9.4.z-SNAPSHOT)
Cache-Control: no-cache
Expires: Thu, 01 Jan 1970 00:00:00 GMT
Content-Type: application/json;charset=utf-8
Content-Length: 76

14:23:40.316 [AsyncHttpClient-106-1] DEBUG org.asynchttpclient.netty.channel.ChannelManager - Adding key: http://localhost:4444 for channel [id: 0xe116ae55, L:/127.0.0.1:56953 - R:localhost/127.0.0.1:4444]
Google1 Test Ended! Thread Id: 163
]]></system-out>
    <system-err><![CDATA[Jun 19, 2020 2:23:31 P.M. org.openqa.selenium.remote.ProtocolHandshake createSession
INFO: Detected dialect: OSS
Jun 19, 2020 2:23:31 P.M. org.openqa.selenium.remote.ProtocolHandshake createSession
INFO: Detected dialect: OSS
Jun 19, 2020 2:23:32 P.M. org.openqa.selenium.remote.ProtocolHandshake createSession
INFO: Detected dialect: OSS
Jun 19, 2020 2:23:40 P.M. org.openqa.selenium.remote.ProtocolHandshake createSession
INFO: Detected dialect: W3C
]]></system-err>
  </testcase>
  <testcase name="GOOGLE3" classname="grid.FirstTest" time="0.169">
    <system-out><![CDATA[14:23:40.324 [Forwarding quit on session f435fc212dbe449603baaf155e0b8665 to remote] DEBUG org.asynchttpclient.netty.request.NettyRequestSender - Using pooled Channel '[id: 0xe116ae55, L:/127.0.0.1:56953 - R:localhost/127.0.0.1:4444]' for 'DELETE' to 'http://localhost:4444/wd/hub/session/f435fc212dbe449603baaf155e0b8665'
14:23:40.324 [Forwarding quit on session f435fc212dbe449603baaf155e0b8665 to remote] DEBUG org.asynchttpclient.netty.request.NettyRequestSender - Using open Channel [id: 0xe116ae55, L:/127.0.0.1:56953 - R:localhost/127.0.0.1:4444] for DELETE '/wd/hub/session/f435fc212dbe449603baaf155e0b8665'
14:23:40.517 [AsyncHttpClient-106-1] DEBUG org.asynchttpclient.netty.handler.HttpHandler - 

Request DefaultFullHttpRequest(decodeResult: success, version: HTTP/1.1, content: EmptyByteBufBE)
DELETE /wd/hub/session/f435fc212dbe449603baaf155e0b8665 HTTP/1.1
User-Agent: selenium/4.0.0-alpha-4 (java mac)
host: localhost:4444
accept: */*

Response DefaultHttpResponse(decodeResult: success, version: HTTP/1.1)
HTTP/1.1 200 OK
Date: Fri, 19 Jun 2020 13:23:40 GMT
Server: Jetty(9.4.z-SNAPSHOT)
Cache-Control: no-cache
Expires: Thu, 01 Jan 1970 00:00:00 GMT
Content-Type: application/json;charset=utf-8
Content-Length: 72

14:23:40.517 [AsyncHttpClient-106-1] DEBUG org.asynchttpclient.netty.channel.ChannelManager - Adding key: http://localhost:4444 for channel [id: 0xe116ae55, L:/127.0.0.1:56953 - R:localhost/127.0.0.1:4444]
14:23:40.693 [AsyncHttpClient-timer-102-1] DEBUG org.asynchttpclient.netty.channel.DefaultChannelPool - Entry count for : http://localhost:4444 : 1
14:23:40.771 [AsyncHttpClient-119-1] DEBUG org.asynchttpclient.netty.handler.HttpHandler - 

Request DefaultHttpRequest(decodeResult: success, version: HTTP/1.1)
POST /wd/hub/session HTTP/1.1
User-Agent: selenium/4.0.0-alpha-4 (java mac)
Content-Length: 5132
Content-Type: application/json; charset=utf-8
host: localhost:4444
accept: */*

Response DefaultHttpResponse(decodeResult: success, version: HTTP/1.1)
HTTP/1.1 200 OK
Date: Fri, 19 Jun 2020 13:23:27 GMT
Server: Jetty(9.4.z-SNAPSHOT)
Cache-Control: no-cache
Expires: Thu, 01 Jan 1970 00:00:00 GMT
Content-Type: application/json;charset=utf-8
Content-Length: 1065

14:23:40.773 [AsyncHttpClient-119-1] DEBUG org.asynchttpclient.netty.channel.ChannelManager - Adding key: http://localhost:4444 for channel [id: 0x031c4cb3, L:/127.0.0.1:56954 - R:localhost/127.0.0.1:4444]
Google4 Test Started! Thread Id: 164
14:23:40.781 [Forwarding get on session 42ddba29-c021-5a4d-8441-976e7bad10c3 to remote] DEBUG org.asynchttpclient.netty.request.NettyRequestSender - Using pooled Channel '[id: 0x031c4cb3, L:/127.0.0.1:56954 - R:localhost/127.0.0.1:4444]' for 'POST' to 'http://localhost:4444/wd/hub/session/42ddba29-c021-5a4d-8441-976e7bad10c3/url'
14:23:40.781 [Forwarding get on session 42ddba29-c021-5a4d-8441-976e7bad10c3 to remote] DEBUG org.asynchttpclient.netty.request.NettyRequestSender - Using open Channel [id: 0x031c4cb3, L:/127.0.0.1:56954 - R:localhost/127.0.0.1:4444] for POST '/wd/hub/session/42ddba29-c021-5a4d-8441-976e7bad10c3/url'
14:23:40.848 [AsyncHttpClient-105-1] DEBUG org.asynchttpclient.netty.handler.HttpHandler - 

Request DefaultHttpRequest(decodeResult: success, version: HTTP/1.1)
POST /wd/hub/session/fc67cc6874eb5e4169ca6fadc1cc2aff/url HTTP/1.1
User-Agent: selenium/4.0.0-alpha-4 (java mac)
Content-Length: 46
Content-Type: application/json; charset=utf-8
host: localhost:4444
accept: */*

Response DefaultHttpResponse(decodeResult: success, version: HTTP/1.1)
HTTP/1.1 200 OK
Date: Fri, 19 Jun 2020 13:23:31 GMT
Server: Jetty(9.4.z-SNAPSHOT)
Cache-Control: no-cache
Expires: Thu, 01 Jan 1970 00:00:00 GMT
Content-Type: application/json;charset=utf-8
Content-Length: 72

14:23:40.848 [AsyncHttpClient-105-1] DEBUG org.asynchttpclient.netty.channel.ChannelManager - Adding key: http://localhost:4444 for channel [id: 0x1eb60082, L:/127.0.0.1:56951 - R:localhost/127.0.0.1:4444]
14:23:40.851 [Forwarding getTitle on session fc67cc6874eb5e4169ca6fadc1cc2aff to remote] DEBUG org.asynchttpclient.netty.request.NettyRequestSender - Using pooled Channel '[id: 0x1eb60082, L:/127.0.0.1:56951 - R:localhost/127.0.0.1:4444]' for 'GET' to 'http://localhost:4444/wd/hub/session/fc67cc6874eb5e4169ca6fadc1cc2aff/title'
14:23:40.851 [Forwarding getTitle on session fc67cc6874eb5e4169ca6fadc1cc2aff to remote] DEBUG org.asynchttpclient.netty.request.NettyRequestSender - Using open Channel [id: 0x1eb60082, L:/127.0.0.1:56951 - R:localhost/127.0.0.1:4444] for GET '/wd/hub/session/fc67cc6874eb5e4169ca6fadc1cc2aff/title'
14:23:40.863 [AsyncHttpClient-105-1] DEBUG org.asynchttpclient.netty.handler.HttpHandler - 

Request DefaultFullHttpRequest(decodeResult: success, version: HTTP/1.1, content: EmptyByteBufBE)
GET /wd/hub/session/fc67cc6874eb5e4169ca6fadc1cc2aff/title HTTP/1.1
User-Agent: selenium/4.0.0-alpha-4 (java mac)
Cache-Control: no-cache
host: localhost:4444
accept: */*

Response DefaultHttpResponse(decodeResult: success, version: HTTP/1.1)
HTTP/1.1 200 OK
Date: Fri, 19 Jun 2020 13:23:40 GMT
Server: Jetty(9.4.z-SNAPSHOT)
Cache-Control: no-cache
Expires: Thu, 01 Jan 1970 00:00:00 GMT
Content-Type: application/json;charset=utf-8
Content-Length: 76

14:23:40.864 [AsyncHttpClient-105-1] DEBUG org.asynchttpclient.netty.channel.ChannelManager - Adding key: http://localhost:4444 for channel [id: 0x1eb60082, L:/127.0.0.1:56951 - R:localhost/127.0.0.1:4444]
Google3 Test's Page title is: Google Thread Id: 167
14:23:40.865 [Forwarding getTitle on session fc67cc6874eb5e4169ca6fadc1cc2aff to remote] DEBUG org.asynchttpclient.netty.request.NettyRequestSender - Using pooled Channel '[id: 0x1eb60082, L:/127.0.0.1:56951 - R:localhost/127.0.0.1:4444]' for 'GET' to 'http://localhost:4444/wd/hub/session/fc67cc6874eb5e4169ca6fadc1cc2aff/title'
14:23:40.865 [Forwarding getTitle on session fc67cc6874eb5e4169ca6fadc1cc2aff to remote] DEBUG org.asynchttpclient.netty.request.NettyRequestSender - Using open Channel [id: 0x1eb60082, L:/127.0.0.1:56951 - R:localhost/127.0.0.1:4444] for GET '/wd/hub/session/fc67cc6874eb5e4169ca6fadc1cc2aff/title'
14:23:40.875 [AsyncHttpClient-105-1] DEBUG org.asynchttpclient.netty.handler.HttpHandler - 

Request DefaultFullHttpRequest(decodeResult: success, version: HTTP/1.1, content: EmptyByteBufBE)
GET /wd/hub/session/fc67cc6874eb5e4169ca6fadc1cc2aff/title HTTP/1.1
User-Agent: selenium/4.0.0-alpha-4 (java mac)
Cache-Control: no-cache
host: localhost:4444
accept: */*

Response DefaultHttpResponse(decodeResult: success, version: HTTP/1.1)
HTTP/1.1 200 OK
Date: Fri, 19 Jun 2020 13:23:40 GMT
Server: Jetty(9.4.z-SNAPSHOT)
Cache-Control: no-cache
Expires: Thu, 01 Jan 1970 00:00:00 GMT
Content-Type: application/json;charset=utf-8
Content-Length: 76

14:23:40.875 [AsyncHttpClient-105-1] DEBUG org.asynchttpclient.netty.channel.ChannelManager - Adding key: http://localhost:4444 for channel [id: 0x1eb60082, L:/127.0.0.1:56951 - R:localhost/127.0.0.1:4444]
Google3 Test Ended! Thread Id: 167
]]></system-out>
    <system-err><![CDATA[Jun 19, 2020 2:23:40 P.M. org.openqa.selenium.remote.ProtocolHandshake createSession
INFO: Detected dialect: W3C
]]></system-err>
  </testcase>
  <testcase name="GOOGLE2" classname="grid.FirstTest" time="1.214">
    <system-out><![CDATA[14:23:40.878 [Forwarding quit on session fc67cc6874eb5e4169ca6fadc1cc2aff to remote] DEBUG org.asynchttpclient.netty.request.NettyRequestSender - Using pooled Channel '[id: 0x1eb60082, L:/127.0.0.1:56951 - R:localhost/127.0.0.1:4444]' for 'DELETE' to 'http://localhost:4444/wd/hub/session/fc67cc6874eb5e4169ca6fadc1cc2aff'
14:23:40.878 [Forwarding quit on session fc67cc6874eb5e4169ca6fadc1cc2aff to remote] DEBUG org.asynchttpclient.netty.request.NettyRequestSender - Using open Channel [id: 0x1eb60082, L:/127.0.0.1:56951 - R:localhost/127.0.0.1:4444] for DELETE '/wd/hub/session/fc67cc6874eb5e4169ca6fadc1cc2aff'
14:23:41.125 [AsyncHttpClient-105-1] DEBUG org.asynchttpclient.netty.handler.HttpHandler - 

Request DefaultFullHttpRequest(decodeResult: success, version: HTTP/1.1, content: EmptyByteBufBE)
DELETE /wd/hub/session/fc67cc6874eb5e4169ca6fadc1cc2aff HTTP/1.1
User-Agent: selenium/4.0.0-alpha-4 (java mac)
host: localhost:4444
accept: */*

Response DefaultHttpResponse(decodeResult: success, version: HTTP/1.1)
HTTP/1.1 200 OK
Date: Fri, 19 Jun 2020 13:23:40 GMT
Server: Jetty(9.4.z-SNAPSHOT)
Cache-Control: no-cache
Expires: Thu, 01 Jan 1970 00:00:00 GMT
Content-Type: application/json;charset=utf-8
Content-Length: 72

14:23:41.126 [AsyncHttpClient-105-1] DEBUG org.asynchttpclient.netty.channel.ChannelManager - Adding key: http://localhost:4444 for channel [id: 0x1eb60082, L:/127.0.0.1:56951 - R:localhost/127.0.0.1:4444]
14:23:41.791 [AsyncHttpClient-timer-102-1] DEBUG org.asynchttpclient.netty.channel.DefaultChannelPool - Entry count for : http://localhost:4444 : 1
14:23:41.791 [AsyncHttpClient-timer-104-1] DEBUG org.asynchttpclient.netty.channel.DefaultChannelPool - Entry count for : http://localhost:4444 : 1
14:23:41.871 [AsyncHttpClient-109-1] DEBUG org.asynchttpclient.netty.handler.HttpHandler - 

Request DefaultHttpRequest(decodeResult: success, version: HTTP/1.1)
POST /wd/hub/session/2680bdf9f3e62bd303bf879cc43a73b3/url HTTP/1.1
User-Agent: selenium/4.0.0-alpha-4 (java mac)
Content-Length: 46
Content-Type: application/json; charset=utf-8
host: localhost:4444
accept: */*

Response DefaultHttpResponse(decodeResult: success, version: HTTP/1.1)
HTTP/1.1 200 OK
Date: Fri, 19 Jun 2020 13:23:32 GMT
Server: Jetty(9.4.z-SNAPSHOT)
Cache-Control: no-cache
Expires: Thu, 01 Jan 1970 00:00:00 GMT
Content-Type: application/json;charset=utf-8
Content-Length: 72

14:23:41.872 [AsyncHttpClient-109-1] DEBUG org.asynchttpclient.netty.channel.ChannelManager - Adding key: http://localhost:4444 for channel [id: 0x18d77c15, L:/127.0.0.1:56952 - R:localhost/127.0.0.1:4444]
14:23:41.874 [Forwarding getTitle on session 2680bdf9f3e62bd303bf879cc43a73b3 to remote] DEBUG org.asynchttpclient.netty.request.NettyRequestSender - Using pooled Channel '[id: 0x18d77c15, L:/127.0.0.1:56952 - R:localhost/127.0.0.1:4444]' for 'GET' to 'http://localhost:4444/wd/hub/session/2680bdf9f3e62bd303bf879cc43a73b3/title'
14:23:41.874 [Forwarding getTitle on session 2680bdf9f3e62bd303bf879cc43a73b3 to remote] DEBUG org.asynchttpclient.netty.request.NettyRequestSender - Using open Channel [id: 0x18d77c15, L:/127.0.0.1:56952 - R:localhost/127.0.0.1:4444] for GET '/wd/hub/session/2680bdf9f3e62bd303bf879cc43a73b3/title'
14:23:41.889 [AsyncHttpClient-109-1] DEBUG org.asynchttpclient.netty.handler.HttpHandler - 

Request DefaultFullHttpRequest(decodeResult: success, version: HTTP/1.1, content: EmptyByteBufBE)
GET /wd/hub/session/2680bdf9f3e62bd303bf879cc43a73b3/title HTTP/1.1
User-Agent: selenium/4.0.0-alpha-4 (java mac)
Cache-Control: no-cache
host: localhost:4444
accept: */*

Response DefaultHttpResponse(decodeResult: success, version: HTTP/1.1)
HTTP/1.1 200 OK
Date: Fri, 19 Jun 2020 13:23:41 GMT
Server: Jetty(9.4.z-SNAPSHOT)
Cache-Control: no-cache
Expires: Thu, 01 Jan 1970 00:00:00 GMT
Content-Type: application/json;charset=utf-8
Content-Length: 76

14:23:41.890 [AsyncHttpClient-109-1] DEBUG org.asynchttpclient.netty.channel.ChannelManager - Adding key: http://localhost:4444 for channel [id: 0x18d77c15, L:/127.0.0.1:56952 - R:localhost/127.0.0.1:4444]
Google2 Test's Page title is: Google Thread Id: 165
14:23:41.892 [Forwarding getTitle on session 2680bdf9f3e62bd303bf879cc43a73b3 to remote] DEBUG org.asynchttpclient.netty.request.NettyRequestSender - Using pooled Channel '[id: 0x18d77c15, L:/127.0.0.1:56952 - R:localhost/127.0.0.1:4444]' for 'GET' to 'http://localhost:4444/wd/hub/session/2680bdf9f3e62bd303bf879cc43a73b3/title'
14:23:41.892 [Forwarding getTitle on session 2680bdf9f3e62bd303bf879cc43a73b3 to remote] DEBUG org.asynchttpclient.netty.request.NettyRequestSender - Using open Channel [id: 0x18d77c15, L:/127.0.0.1:56952 - R:localhost/127.0.0.1:4444] for GET '/wd/hub/session/2680bdf9f3e62bd303bf879cc43a73b3/title'
14:23:41.906 [AsyncHttpClient-109-1] DEBUG org.asynchttpclient.netty.handler.HttpHandler - 

Request DefaultFullHttpRequest(decodeResult: success, version: HTTP/1.1, content: EmptyByteBufBE)
GET /wd/hub/session/2680bdf9f3e62bd303bf879cc43a73b3/title HTTP/1.1
User-Agent: selenium/4.0.0-alpha-4 (java mac)
Cache-Control: no-cache
host: localhost:4444
accept: */*

Response DefaultHttpResponse(decodeResult: success, version: HTTP/1.1)
HTTP/1.1 200 OK
Date: Fri, 19 Jun 2020 13:23:41 GMT
Server: Jetty(9.4.z-SNAPSHOT)
Cache-Control: no-cache
Expires: Thu, 01 Jan 1970 00:00:00 GMT
Content-Type: application/json;charset=utf-8
Content-Length: 76

14:23:41.907 [AsyncHttpClient-109-1] DEBUG org.asynchttpclient.netty.channel.ChannelManager - Adding key: http://localhost:4444 for channel [id: 0x18d77c15, L:/127.0.0.1:56952 - R:localhost/127.0.0.1:4444]
Google2 Test Ended! Thread Id: 165
]]></system-out>
  </testcase>
  <testcase name="GOOGLE4" classname="grid.SecondTest" time="4.832">
    <system-out><![CDATA[14:23:41.913 [Forwarding quit on session 2680bdf9f3e62bd303bf879cc43a73b3 to remote] DEBUG org.asynchttpclient.netty.request.NettyRequestSender - Using pooled Channel '[id: 0x18d77c15, L:/127.0.0.1:56952 - R:localhost/127.0.0.1:4444]' for 'DELETE' to 'http://localhost:4444/wd/hub/session/2680bdf9f3e62bd303bf879cc43a73b3'
14:23:41.913 [Forwarding quit on session 2680bdf9f3e62bd303bf879cc43a73b3 to remote] DEBUG org.asynchttpclient.netty.request.NettyRequestSender - Using open Channel [id: 0x18d77c15, L:/127.0.0.1:56952 - R:localhost/127.0.0.1:4444] for DELETE '/wd/hub/session/2680bdf9f3e62bd303bf879cc43a73b3'
14:23:42.106 [AsyncHttpClient-109-1] DEBUG org.asynchttpclient.netty.handler.HttpHandler - 

Request DefaultFullHttpRequest(decodeResult: success, version: HTTP/1.1, content: EmptyByteBufBE)
DELETE /wd/hub/session/2680bdf9f3e62bd303bf879cc43a73b3 HTTP/1.1
User-Agent: selenium/4.0.0-alpha-4 (java mac)
host: localhost:4444
accept: */*

Response DefaultHttpResponse(decodeResult: success, version: HTTP/1.1)
HTTP/1.1 200 OK
Date: Fri, 19 Jun 2020 13:23:41 GMT
Server: Jetty(9.4.z-SNAPSHOT)
Cache-Control: no-cache
Expires: Thu, 01 Jan 1970 00:00:00 GMT
Content-Type: application/json;charset=utf-8
Content-Length: 72

14:23:42.106 [AsyncHttpClient-109-1] DEBUG org.asynchttpclient.netty.channel.ChannelManager - Adding key: http://localhost:4444 for channel [id: 0x18d77c15, L:/127.0.0.1:56952 - R:localhost/127.0.0.1:4444]
14:23:42.891 [AsyncHttpClient-timer-102-1] DEBUG org.asynchttpclient.netty.channel.DefaultChannelPool - Entry count for : http://localhost:4444 : 1
14:23:42.891 [AsyncHttpClient-timer-103-1] DEBUG org.asynchttpclient.netty.channel.DefaultChannelPool - Entry count for : http://localhost:4444 : 1
14:23:42.895 [AsyncHttpClient-timer-104-1] DEBUG org.asynchttpclient.netty.channel.DefaultChannelPool - Entry count for : http://localhost:4444 : 1
14:23:43.991 [AsyncHttpClient-timer-102-1] DEBUG org.asynchttpclient.netty.channel.DefaultChannelPool - Entry count for : http://localhost:4444 : 1
14:23:43.991 [AsyncHttpClient-timer-104-1] DEBUG org.asynchttpclient.netty.channel.DefaultChannelPool - Entry count for : http://localhost:4444 : 1
14:23:43.994 [AsyncHttpClient-timer-103-1] DEBUG org.asynchttpclient.netty.channel.DefaultChannelPool - Entry count for : http://localhost:4444 : 1
14:23:45.091 [AsyncHttpClient-timer-102-1] DEBUG org.asynchttpclient.netty.channel.DefaultChannelPool - Entry count for : http://localhost:4444 : 1
14:23:45.091 [AsyncHttpClient-timer-104-1] DEBUG org.asynchttpclient.netty.channel.DefaultChannelPool - Entry count for : http://localhost:4444 : 1
14:23:45.091 [AsyncHttpClient-timer-103-1] DEBUG org.asynchttpclient.netty.channel.DefaultChannelPool - Entry count for : http://localhost:4444 : 1
14:23:45.478 [AsyncHttpClient-119-1] DEBUG org.asynchttpclient.netty.handler.HttpHandler - 

Request DefaultHttpRequest(decodeResult: success, version: HTTP/1.1)
POST /wd/hub/session/42ddba29-c021-5a4d-8441-976e7bad10c3/url HTTP/1.1
User-Agent: selenium/4.0.0-alpha-4 (java mac)
Content-Length: 46
Content-Type: application/json; charset=utf-8
host: localhost:4444
accept: */*

Response DefaultHttpResponse(decodeResult: success, version: HTTP/1.1)
HTTP/1.1 200 OK
Date: Fri, 19 Jun 2020 13:23:40 GMT
Server: Jetty(9.4.z-SNAPSHOT)
Cache-Control: no-cache
Expires: Thu, 01 Jan 1970 00:00:00 GMT
Content-Type: application/json;charset=utf-8
Content-Length: 14

14:23:45.479 [AsyncHttpClient-119-1] DEBUG org.asynchttpclient.netty.channel.ChannelManager - Adding key: http://localhost:4444 for channel [id: 0x031c4cb3, L:/127.0.0.1:56954 - R:localhost/127.0.0.1:4444]
14:23:45.482 [Forwarding getTitle on session 42ddba29-c021-5a4d-8441-976e7bad10c3 to remote] DEBUG org.asynchttpclient.netty.request.NettyRequestSender - Using pooled Channel '[id: 0x031c4cb3, L:/127.0.0.1:56954 - R:localhost/127.0.0.1:4444]' for 'GET' to 'http://localhost:4444/wd/hub/session/42ddba29-c021-5a4d-8441-976e7bad10c3/title'
14:23:45.482 [Forwarding getTitle on session 42ddba29-c021-5a4d-8441-976e7bad10c3 to remote] DEBUG org.asynchttpclient.netty.request.NettyRequestSender - Using open Channel [id: 0x031c4cb3, L:/127.0.0.1:56954 - R:localhost/127.0.0.1:4444] for GET '/wd/hub/session/42ddba29-c021-5a4d-8441-976e7bad10c3/title'
14:23:45.548 [AsyncHttpClient-119-1] DEBUG org.asynchttpclient.netty.handler.HttpHandler - 

Request DefaultFullHttpRequest(decodeResult: success, version: HTTP/1.1, content: EmptyByteBufBE)
GET /wd/hub/session/42ddba29-c021-5a4d-8441-976e7bad10c3/title HTTP/1.1
User-Agent: selenium/4.0.0-alpha-4 (java mac)
Cache-Control: no-cache
host: localhost:4444
accept: */*

Response DefaultHttpResponse(decodeResult: success, version: HTTP/1.1)
HTTP/1.1 200 OK
Date: Fri, 19 Jun 2020 13:23:45 GMT
Server: Jetty(9.4.z-SNAPSHOT)
Cache-Control: no-cache
Expires: Thu, 01 Jan 1970 00:00:00 GMT
Content-Type: application/json;charset=utf-8
Content-Length: 18

14:23:45.548 [AsyncHttpClient-119-1] DEBUG org.asynchttpclient.netty.channel.ChannelManager - Adding key: http://localhost:4444 for channel [id: 0x031c4cb3, L:/127.0.0.1:56954 - R:localhost/127.0.0.1:4444]
Google4 Test's Page title is: Google Thread Id: 164
14:23:45.550 [Forwarding getTitle on session 42ddba29-c021-5a4d-8441-976e7bad10c3 to remote] DEBUG org.asynchttpclient.netty.request.NettyRequestSender - Using pooled Channel '[id: 0x031c4cb3, L:/127.0.0.1:56954 - R:localhost/127.0.0.1:4444]' for 'GET' to 'http://localhost:4444/wd/hub/session/42ddba29-c021-5a4d-8441-976e7bad10c3/title'
14:23:45.550 [Forwarding getTitle on session 42ddba29-c021-5a4d-8441-976e7bad10c3 to remote] DEBUG org.asynchttpclient.netty.request.NettyRequestSender - Using open Channel [id: 0x031c4cb3, L:/127.0.0.1:56954 - R:localhost/127.0.0.1:4444] for GET '/wd/hub/session/42ddba29-c021-5a4d-8441-976e7bad10c3/title'
14:23:45.592 [AsyncHttpClient-119-1] DEBUG org.asynchttpclient.netty.handler.HttpHandler - 

Request DefaultFullHttpRequest(decodeResult: success, version: HTTP/1.1, content: EmptyByteBufBE)
GET /wd/hub/session/42ddba29-c021-5a4d-8441-976e7bad10c3/title HTTP/1.1
User-Agent: selenium/4.0.0-alpha-4 (java mac)
Cache-Control: no-cache
host: localhost:4444
accept: */*

Response DefaultHttpResponse(decodeResult: success, version: HTTP/1.1)
HTTP/1.1 200 OK
Date: Fri, 19 Jun 2020 13:23:45 GMT
Server: Jetty(9.4.z-SNAPSHOT)
Cache-Control: no-cache
Expires: Thu, 01 Jan 1970 00:00:00 GMT
Content-Type: application/json;charset=utf-8
Content-Length: 18

14:23:45.593 [AsyncHttpClient-119-1] DEBUG org.asynchttpclient.netty.channel.ChannelManager - Adding key: http://localhost:4444 for channel [id: 0x031c4cb3, L:/127.0.0.1:56954 - R:localhost/127.0.0.1:4444]
Google4 Test Ended! Thread Id: 164
]]></system-out>
  </testcase>
  <testcase name="YANDEX" classname="grid.SecondTest" time="5.791">
    <system-out><![CDATA[14:23:45.597 [Forwarding quit on session 42ddba29-c021-5a4d-8441-976e7bad10c3 to remote] DEBUG org.asynchttpclient.netty.request.NettyRequestSender - Using pooled Channel '[id: 0x031c4cb3, L:/127.0.0.1:56954 - R:localhost/127.0.0.1:4444]' for 'DELETE' to 'http://localhost:4444/wd/hub/session/42ddba29-c021-5a4d-8441-976e7bad10c3'
14:23:45.597 [Forwarding quit on session 42ddba29-c021-5a4d-8441-976e7bad10c3 to remote] DEBUG org.asynchttpclient.netty.request.NettyRequestSender - Using open Channel [id: 0x031c4cb3, L:/127.0.0.1:56954 - R:localhost/127.0.0.1:4444] for DELETE '/wd/hub/session/42ddba29-c021-5a4d-8441-976e7bad10c3'
14:23:46.194 [AsyncHttpClient-timer-103-1] DEBUG org.asynchttpclient.netty.channel.DefaultChannelPool - Entry count for : http://localhost:4444 : 1
14:23:46.195 [AsyncHttpClient-timer-102-1] DEBUG org.asynchttpclient.netty.channel.DefaultChannelPool - Entry count for : http://localhost:4444 : 1
14:23:46.195 [AsyncHttpClient-timer-104-1] DEBUG org.asynchttpclient.netty.channel.DefaultChannelPool - Entry count for : http://localhost:4444 : 1
14:23:46.491 [AsyncHttpClient-115-1] DEBUG org.asynchttpclient.netty.handler.HttpHandler - 

Request DefaultHttpRequest(decodeResult: success, version: HTTP/1.1)
POST /wd/hub/session/7e4fb69b-b767-e448-af04-1020d7158688/url HTTP/1.1
User-Agent: selenium/4.0.0-alpha-4 (java mac)
Content-Length: 46
Content-Type: application/json; charset=utf-8
host: localhost:4444
accept: */*

Response DefaultHttpResponse(decodeResult: success, version: HTTP/1.1)
HTTP/1.1 200 OK
Date: Fri, 19 Jun 2020 13:23:40 GMT
Server: Jetty(9.4.z-SNAPSHOT)
Cache-Control: no-cache
Expires: Thu, 01 Jan 1970 00:00:00 GMT
Content-Type: application/json;charset=utf-8
Content-Length: 14

14:23:46.492 [AsyncHttpClient-115-1] DEBUG org.asynchttpclient.netty.channel.ChannelManager - Adding key: http://localhost:4444 for channel [id: 0x12aea7a2, L:/127.0.0.1:56955 - R:localhost/127.0.0.1:4444]
14:23:46.494 [Forwarding getTitle on session 7e4fb69b-b767-e448-af04-1020d7158688 to remote] DEBUG org.asynchttpclient.netty.request.NettyRequestSender - Using pooled Channel '[id: 0x12aea7a2, L:/127.0.0.1:56955 - R:localhost/127.0.0.1:4444]' for 'GET' to 'http://localhost:4444/wd/hub/session/7e4fb69b-b767-e448-af04-1020d7158688/title'
14:23:46.494 [Forwarding getTitle on session 7e4fb69b-b767-e448-af04-1020d7158688 to remote] DEBUG org.asynchttpclient.netty.request.NettyRequestSender - Using open Channel [id: 0x12aea7a2, L:/127.0.0.1:56955 - R:localhost/127.0.0.1:4444] for GET '/wd/hub/session/7e4fb69b-b767-e448-af04-1020d7158688/title'
14:23:46.502 [AsyncHttpClient-115-1] DEBUG org.asynchttpclient.netty.handler.HttpHandler - 

Request DefaultFullHttpRequest(decodeResult: success, version: HTTP/1.1, content: EmptyByteBufBE)
GET /wd/hub/session/7e4fb69b-b767-e448-af04-1020d7158688/title HTTP/1.1
User-Agent: selenium/4.0.0-alpha-4 (java mac)
Cache-Control: no-cache
host: localhost:4444
accept: */*

Response DefaultHttpResponse(decodeResult: success, version: HTTP/1.1)
HTTP/1.1 200 OK
Date: Fri, 19 Jun 2020 13:23:46 GMT
Server: Jetty(9.4.z-SNAPSHOT)
Cache-Control: no-cache
Expires: Thu, 01 Jan 1970 00:00:00 GMT
Content-Type: application/json;charset=utf-8
Content-Length: 18

14:23:46.503 [AsyncHttpClient-115-1] DEBUG org.asynchttpclient.netty.channel.ChannelManager - Adding key: http://localhost:4444 for channel [id: 0x12aea7a2, L:/127.0.0.1:56955 - R:localhost/127.0.0.1:4444]
Yandex Test's Page title is: Yandex Thread Id: 166
14:23:46.505 [Forwarding getTitle on session 7e4fb69b-b767-e448-af04-1020d7158688 to remote] DEBUG org.asynchttpclient.netty.request.NettyRequestSender - Using pooled Channel '[id: 0x12aea7a2, L:/127.0.0.1:56955 - R:localhost/127.0.0.1:4444]' for 'GET' to 'http://localhost:4444/wd/hub/session/7e4fb69b-b767-e448-af04-1020d7158688/title'
14:23:46.505 [Forwarding getTitle on session 7e4fb69b-b767-e448-af04-1020d7158688 to remote] DEBUG org.asynchttpclient.netty.request.NettyRequestSender - Using open Channel [id: 0x12aea7a2, L:/127.0.0.1:56955 - R:localhost/127.0.0.1:4444] for GET '/wd/hub/session/7e4fb69b-b767-e448-af04-1020d7158688/title'
14:23:46.557 [AsyncHttpClient-115-1] DEBUG org.asynchttpclient.netty.handler.HttpHandler - 

Request DefaultFullHttpRequest(decodeResult: success, version: HTTP/1.1, content: EmptyByteBufBE)
GET /wd/hub/session/7e4fb69b-b767-e448-af04-1020d7158688/title HTTP/1.1
User-Agent: selenium/4.0.0-alpha-4 (java mac)
Cache-Control: no-cache
host: localhost:4444
accept: */*

Response DefaultHttpResponse(decodeResult: success, version: HTTP/1.1)
HTTP/1.1 200 OK
Date: Fri, 19 Jun 2020 13:23:46 GMT
Server: Jetty(9.4.z-SNAPSHOT)
Cache-Control: no-cache
Expires: Thu, 01 Jan 1970 00:00:00 GMT
Content-Type: application/json;charset=utf-8
Content-Length: 18

14:23:46.558 [AsyncHttpClient-115-1] DEBUG org.asynchttpclient.netty.channel.ChannelManager - Adding key: http://localhost:4444 for channel [id: 0x12aea7a2, L:/127.0.0.1:56955 - R:localhost/127.0.0.1:4444]
Yandex Test Ended! Thread Id: 166
]]></system-out>
  </testcase>
</testsuite>