<?xml version="1.0" encoding="UTF-8"?>
<!-- Generated by org.testng.reporters.JUnitReportReporter -->
<testsuite skipped="0" hostname="Irinas-MacBook-Pro.local" name="grid.TestParallel" tests="2" failures="0" timestamp="2020-06-18T18:54:03 IST" time="0.030" errors="0">
  <testcase name="test2" time="0.015" classname="grid.TestParallel"/>
  <system-out/>
  <testcase name="test1" time="0.015" classname="grid.TestParallel"/>
  <system-out/>
</testsuite> <!-- grid.TestParallel -->
