<?xml version="1.0" encoding="UTF-8"?>
<!-- Generated by org.testng.reporters.JUnitReportReporter -->
<testsuite skipped="0" hostname="Irinas-MacBook-Pro.local" name="grid.SecondTest" tests="2" failures="0" timestamp="2020-06-19T14:05:01 IST" time="43.540" errors="0">
  <testcase name="GOOGLE4" time="21.975" classname="grid.SecondTest"/>
  <system-out/>
  <testcase name="YANDEX" time="21.565" classname="grid.SecondTest"/>
  <system-out/>
</testsuite> <!-- grid.SecondTest -->
