<?xml version="1.0" encoding="UTF-8"?>
<!-- Generated by org.testng.reporters.JUnitReportReporter -->
<testsuite skipped="0" hostname="Irinas-MacBook-Pro.local" name="grid.TestGrid" tests="2" failures="0" timestamp="2020-06-18T19:40:52 IST" time="24.074" errors="0">
  <testcase name="paralelTest" time="10.202" classname="grid.TestGrid"/>
  <system-out/>
  <testcase name="paralelTest1" time="13.872" classname="grid.TestGrid"/>
  <system-out/>
</testsuite> <!-- grid.TestGrid -->
