<?xml version="1.0" encoding="UTF-8"?>
<!-- Generated by org.testng.reporters.JUnitReportReporter -->
<testsuite skipped="0" hostname="Irinas-MacBook-Pro.local" name="grid.FirstTest" tests="3" failures="0" timestamp="2020-06-19T14:05:01 IST" time="43.837" errors="0">
  <testcase name="GOOGLE1" time="14.143" classname="grid.FirstTest"/>
  <system-out/>
  <testcase name="GOOGLE3" time="15.744" classname="grid.FirstTest"/>
  <system-out/>
  <testcase name="GOOGLE2" time="13.950" classname="grid.FirstTest"/>
  <system-out/>
</testsuite> <!-- grid.FirstTest -->
