<?xml version="1.0" encoding="UTF-8"?>
<!-- Generated by org.testng.reporters.JUnitReportReporter -->
<testsuite skipped="0" hostname="Irinas-MacBook-Pro.local" name="parallel.TestParallel" tests="2" failures="0" timestamp="2020-06-19T13:28:28 IST" time="0.019" errors="0">
  <testcase name="test2" time="0.002" classname="parallel.TestParallel"/>
  <system-out/>
  <testcase name="test1" time="0.017" classname="parallel.TestParallel"/>
  <system-out/>
</testsuite> <!-- parallel.TestParallel -->
