<?xml version="1.0" encoding="UTF-8"?>
<!-- Generated by org.testng.reporters.JUnitReportReporter -->
<testsuite hostname="Irinas-MacBook-Pro.local" failures="0" tests="2" name="grid.SecondTest" time="42.122" errors="0" timestamp="2020-06-19T14:23:49 IST" skipped="0">
  <testcase classname="grid.SecondTest" name="GOOGLE4" time="19.573"/>
  <system-out/>
  <testcase classname="grid.SecondTest" name="YANDEX" time="22.549"/>
  <system-out/>
</testsuite> <!-- grid.SecondTest -->
