<?xml version="1.0" encoding="UTF-8"?>
<!-- Generated by org.testng.reporters.JUnitReportReporter -->
<testsuite hostname="Irinas-MacBook-Pro.local" failures="0" tests="10" name="parallel.TestParallelNG" time="141.713" errors="0" timestamp="2020-06-19T14:23:49 IST" skipped="0">
  <testcase classname="parallel.TestParallelNG" name="paralelTest1" time="12.671"/>
  <system-out/>
  <testcase classname="parallel.TestParallelNG" name="paralelTest4" time="11.823"/>
  <system-out/>
  <testcase classname="parallel.TestParallelNG" name="paralelTest" time="14.229"/>
  <system-out/>
  <testcase classname="parallel.TestParallelNG" name="paralelTest4" time="12.552"/>
  <system-out/>
  <testcase classname="parallel.TestParallelNG" name="paralelTest" time="13.019"/>
  <system-out/>
  <testcase classname="parallel.TestParallelNG" name="paralelTest1" time="12.639"/>
  <system-out/>
  <testcase classname="parallel.TestParallelNG" name="paralelTest5" time="20.066"/>
  <system-out/>
  <testcase classname="parallel.TestParallelNG" name="paralelTest5" time="19.200"/>
  <system-out/>
  <testcase classname="parallel.TestParallelNG" name="paralelTest3" time="12.604"/>
  <system-out/>
  <testcase classname="parallel.TestParallelNG" name="paralelTest3" time="12.910"/>
  <system-out/>
</testsuite> <!-- parallel.TestParallelNG -->
